BIC5 0.8579767083873692 1086
AATSC2s 0.8590475788394926 1085
MATS2p 0.860244390436497 1084
MINdssC 0.861129675416994 1083
AATS5pe 0.8616371031705404 1082
GATS2i 0.8622607230730449 1081
MATS7c 0.8621721837678616 1080
ATSC6are 0.8623188754033173 1079
SssCH2 0.862377176429698 1078
MINsSH 0.862500346436386 1077
AXp-4d 0.8627327795300318 1076
MATS5i 0.8626126376999896 1075
AATS5are 0.8628207339655395 1074
ATSC8m 0.8629402030474415 1073
SpMAD_Dzm 0.862970630183506 1072
AETA_eta_F 0.8630625775920903 1071
VSA_EState3 0.8629649850165616 1070
MATS8c 0.863595595337166 1069
TMPC10 0.8638074309010177 1068
ABC 0.8637756966483979 1067
SdO 0.8639257149562735 1066
SaaaC 0.8638965498934486 1065
GATS3m 0.8640516612265112 1064
ETA_dEpsilon_B 0.8639879833287215 1063
SaaCH 0.8641089648865401 1062
BCUTZ-1h 0.8641089648865401 1061
GATS7p 0.863836540823422 1060
ABCGG 0.8641364785658574 1059
SsssN 0.8639575089922938 1058
AATSC1d 0.8640473627011159 1057
EState_VSA8 0.8639256432992168 1056
ATS0i 0.8639575089922938 1055
MATS8p 0.863926394532244 1054
ATS1are 0.8640466248570354 1053
MATS5c 0.8641364785658574 1052
SpAbs_A 0.8640473627011159 1051
SpMAD_Dzp 0.8640708319029734 1050
MAXssNH 0.8641880355233439 1049
ATSC4c 0.8638338772356455 1048
SpMax_A 0.864072991773494 1047
ATSC5d 0.8643073015070631 1046
BCUTv-1l 0.8641614012597851 1045
SsssCH 0.864071547550963 1044
SpDiam_A 0.8644003642310498 1043
ATS1m 0.864070250177089 1042
GATS3p 0.8641614012597851 1041
SpAD_A 0.8642187610736135 1040
BCUTm-1h 0.8641906911407887 1039
SIC3 0.863925588597165 1038
BCUTv-1h 0.8644003642310498 1037
MATS3p 0.8642812206412241 1036
SpMAD_A 0.8641614012597851 1035
VE1_Dzpe 0.8641913669324021 1034
AATSC8m 0.8642812206412241 1033
Xc-3dv 0.8641906911407887 1032
GATS2pe 0.8642812206412241 1031
SpAbs_Dt 0.8642812206412241 1030
ATS4dv 0.8641906911407887 1029
AATS6s 0.864071547550963 1028
LogEE_A 0.8644003642310498 1027
VE1_A 0.8642812206412241 1026
VE2_A 0.8642822194827008 1025
MATS6s 0.8642812206412241 1024
LogEE_Dzv 0.8640732339523722 1023
ATSC1pe 0.8641614012597851 1022
VE3_A 0.8639780028208954 1021
BCUTse-1h 0.8641906911407887 1020
BCUTpe-1h 0.8641894827464441 1019
VR3_A 0.8642812206412241 1018
AATS8i 0.8644003642310498 1017
MATS5p 0.8641614012597851 1016
BalabanJ 0.8642812206412241 1015
nAtom 0.8641614012597851 1014
ATS0dv 0.8640421570844045 1013
BCUTare-1h 0.8641619764658435 1012
ATS1dv 0.8642812206412241 1011
BCUTp-1h 0.8641619764658435 1010
BIC0 0.8641906911407887 1009
MATS4d 0.8641614012597851 1008
ATSC3p 0.8641906911407887 1007
ATS2dv 0.8640996290376222 1006
BCUTi-1h 0.8641630758928751 1005
MATS2c 0.864071547550963 1004
MATS1c 0.8640996290376222 1003
SpAbs_DzZ 0.8642812206412241 1002
ATS3dv 0.8642822194827008 1001
ATSC3s 0.8642812206412241 1000
ATS5dv 0.8641913669324021 999
MATS8Z 0.864071547550963 998
MINaaNH 0.8641614012597851 997
ATS6dv 0.8640721227570214 996
SpMax_DzZ 0.8641913669324021 995
GGI7 0.8640696633650051 994
SpDiam_DzZ 0.8641619764658435 993
ETA_psi_1 0.8641913669324021 992
ATSC5dv 0.8641887954009966 991
ATS7dv 0.8640696633650051 990
ATS8dv 0.8642812206412241 989
ATS0d 0.8641616271194484 988
AATSC6are 0.8640721227570214 987
ATS1d 0.864071547550963 986
ATS2d 0.864071547550963 985
ATS3d 0.8644003642310498 984
GATS8m 0.8643105105222277 983
ATS4d 0.8641614012597851 982
GATS7s 0.8642805448496108 981
ATS5d 0.8643086147824355 980
ATS6d 0.8642812206412241 979
AATSC0are 0.8643105105222277 978
AATSC4p 0.8641614012597851 977
ATS7d 0.8641887954009966 976
MDEN-13 0.8641630758928751 975
SpAD_DzZ 0.8643105105222277 974
ATSC1p 0.8642812206412241 973
GATS2s 0.864071547550963 972
ATS8d 0.8643105105222277 971
ATS0s 0.8641614012597851 970
ATS1s 0.8641913669324021 969
SpMAD_DzZ 0.8642812206412241 968
LogEE_DzZ 0.8642812206412241 967
AATSC7s 0.8641614012597851 966
AATS4i 0.8644003642310498 965
SM1_DzZ 0.8640421570844045 964
VE1_DzZ 0.8642812206412241 963
ETA_epsilon_1 0.8642812206412241 962
Xp-0d 0.8643086147824355 961
CIC3 0.8640421570844045 960
VE2_Dzpe 0.8642812206412241 959
ATS0p 0.8641913669324021 958
VE2_DzZ 0.8641913669324021 957
ATS2s 0.8641614012597851 956
VE3_DzZ 0.8642805448496108 955
SMR_VSA1 0.864043256511436 954
ATS3s 0.8641614012597851 953
Vabc 0.8641913669324021 952
ETA_dPsi_A 0.8642812206412241 951
AATS2Z 0.8642812206412241 950
ATSC0pe 0.864071547550963 949
ATS4s 0.8641630758928751 948
ATS5s 0.863979809656183 947
ATS6s 0.8641913669324021 946
GATS1are 0.8640696633650051 945
MAXaaaC 0.8642805448496108 944
ATSC4s 0.8642812206412241 943
AETA_eta_BR 0.8641619764658435 942
ATS7s 0.8640989416921745 941
ATS8s 0.8641887954009966 940
ATS0Z 0.8641614012597851 939
ATS1Z 0.8640721227570214 938
ATS2Z 0.8641614012597851 937
AATS0are 0.8642805448496108 936
VR1_DzZ 0.8641614012597851 935
VR2_DzZ 0.8639539897769916 934
MINsCH3 0.8641913669324021 933
ATS3Z 0.8642805448496108 932
ATS4Z 0.8641614012597851 931
ATS5Z 0.8642812206412241 930
ATSC7se 0.8641913669324021 929
VR3_DzZ 0.8641619764658435 928
AATSC6c 0.8642187610736135 927
MAXsssCH 0.8644003642310498 926
SpMAD_D 0.8641344237023012 925
ATS6Z 0.8639247506120402 924
SpAbs_Dzm 0.8641344237023012 923
SpMax_Dzm 0.8639251125765663 922
ATS7Z 0.8641344237023012 921
ATS8Z 0.8639251125765663 920
ATS0m 0.8641344237023012 919
ATS2m 0.8640146043208623 918
ATS3m 0.8639247506120402 917
ATS4m 0.8640146043208623 916
ATS5m 0.8639247506120402 915
ATS6m 0.8641344237023012 914
Xp-3dv 0.8641344237023012 913
MATS8m 0.8640146043208623 912
ATS0v 0.8640146043208623 911
VE3_Dzpe 0.8640445699934792 910
ATSC4se 0.8641344237023012 909
GGI8 0.8641344237023012 908
SpDiam_Dzm 0.8641344237023012 907
LogEE_Dt 0.8641344237023012 906
TIC0 0.8641344237023012 905
AATSC7se 0.8640149662853884 904
ATS7m 0.8640146043208623 903
ATS8m 0.8640445699934792 902
ATS1v 0.8641344237023012 901
ATS2v 0.8641344237023012 900
SlogP_VSA1 0.8641344237023012 899
ATS3v 0.8638951469039494 898
AATSC3s 0.8641344237023012 897
ATS4v 0.8639247506120402 896
SZ 0.8641344237023012 895
ATS5v 0.8641344237023012 894
AATSC7are 0.8641344237023012 893
ATSC7dv 0.8639251125765663 892
SpAD_Dzm 0.86416428935874 891
ATS6v 0.8642541430675621 890
ATSC1se 0.8642541430675621 889
ATS6se 0.8642541430675621 888
ETA_alpha 0.8642541430675621 887
LogEE_Dzm 0.8642541430675621 886
ETA_beta 0.8642541430675621 885
VE1_Dzv 0.8642541430675621 884
ATS7v 0.86416428935874 883
ATS8v 0.8642541430675621 882
ATS0se 0.86416428935874 881
ATS1se 0.8640445699934792 880
SM1_Dzm 0.8640461563787102 879
ETA_beta_s 0.86416428935874 878
ATS2se 0.8642541430675621 877
VE1_Dzm 0.8641344237023012 876
VE2_Dzm 0.86416428935874 875
ATS3se 0.8641344237023012 874
MATS7pe 0.8642541430675621 873
ATS4se 0.8640445699934792 872
VE3_Dzm 0.8641346856506492 871
VR1_Dzm 0.8640445699934792 870
ETA_eta_RL 0.8641344237023012 869
ATS5se 0.8642541430675621 868
VR1_Dzpe 0.8642541430675621 867
ATS7se 0.8641345495457864 866
ATS8se 0.8642541430675621 865
ATS0pe 0.8640445699934792 864
ATS1pe 0.8642541430675621 863
ATS2pe 0.8642541430675621 862
ATS3pe 0.8642541430675621 861
ATS4pe 0.8642541430675621 860
ATS5pe 0.8641346856506492 859
ATS6pe 0.8640445699934792 858
ATS7pe 0.8641344237023012 857
VR2_Dzm 0.8642541430675621 856
BCUTd-1l 0.8642541430675621 855
AXp-2d 0.8642541430675621 854
VR3_Dzm 0.86416428935874 853
ZMIC0 0.8642541430675621 852
AATSC3p 0.8641346856506492 851
ATS8pe 0.86416428935874 850
ATS0are 0.8640149662853884 849
ATS2are 0.86416428935874 848
ATS3are 0.86416428935874 847
ATS4are 0.8640445699934792 846
ATS5are 0.8642541430675621 845
SpAbs_Dzv 0.86416428935874 844
VSA_EState2 0.86416428935874 843
ATS6are 0.8641346856506492 842
ATS7are 0.8642541430675621 841
ATS8are 0.8642541430675621 840
ATS1p 0.8642541430675621 839
MATS8i 0.8641344237023012 838
SpMax_Dzv 0.8642541430675621 837
ATS2p 0.86416428935874 836
SpDiam_Dzv 0.86416428935874 835
ATS3p 0.86416428935874 834
VE1_Dzse 0.8642541430675621 833
SpAD_Dzv 0.86416428935874 832
SMR 0.864135998319213 831
ATS4p 0.8640445699934792 830
VE2_Dzv 0.8642541430675621 829
ATS5p 0.8642541430675621 828
SM1_Dzv 0.86416428935874 827
ATS6p 0.8641344237023012 826
VE3_Dzv 0.8642541430675621 825
AATS0v 0.86416428935874 824
ATS7p 0.8641344237023012 823
ETA_eta_F 0.8642541430675621 822
ATS8p 0.8642541430675621 821
Xp-4dv 0.86416428935874 820
GATS6m 0.8642541430675621 819
VR1_Dzv 0.86416428935874 818
ATS1i 0.8641344237023012 817
ATS2i 0.8642541430675621 816
VR2_Dzv 0.8642541430675621 815
ATS3i 0.8642541430675621 814
RotRatio 0.8642541430675621 813
MAXaaCH 0.86416428935874 812
AATS2i 0.8641344237023012 811
ATS4i 0.8641346856506492 810
ATS5i 0.8642541430675621 809
ZMIC4 0.8641346856506492 808
GGI4 0.8642541430675621 807
ATS6i 0.8641344237023012 806
Xch-7d 0.8641344237023012 805
ATS7i 0.8640445699934792 804
ATS8i 0.8641931128803195 803
AATS0dv 0.864432315264889 802
AATS1dv 0.8643125702972323 801
AATS2dv 0.864342461556067 800
AATS3dv 0.8643125702972323 799
AATS4dv 0.8643125702972323 798
AATS5dv 0.8643125702972323 797
VR3_Dzv 0.864342461556067 796
GATS1Z 0.864432315264889 795
AATS6dv 0.8643125702972323 794
AATS7dv 0.8643125702972323 793
GGI3 0.864432315264889 792
AATS8dv 0.864432315264889 791
AATS0d 0.8643125702972323 790
ATSC1m 0.864342461556067 789
MATS7s 0.8643125702972323 788
fMF 0.8642227165884103 787
SpAbs_Dzse 0.8643125702972323 786
GATS8v 0.8642227165884103 785
AATS1d 0.8643125702972323 784
SpMax_Dzse 0.864432315264889 783
apol 0.864432315264889 782
AMID_h 0.864432315264889 781
AATS2d 0.864432315264889 780
AATS3d 0.864432315264889 779
SpDiam_Dzse 0.864432315264889 778
VE1_Dzare 0.864342461556067 777
SpAD_Dzse 0.864432315264889 776
BCUTc-1h 0.864432315264889 775
MATS6c 0.864342461556067 774
SpMAD_Dzse 0.864432315264889 773
AATS4d 0.8642230041391541 772
AATS5d 0.864432315264889 771
AATS6d 0.864342461556067 770
Xch-7dv 0.8643125702972323 769
AATS7d 0.8643125702972323 768
AATS8d 0.864432315264889 767
AATS0s 0.8642230041391541 766
AATSC0s 0.8647891776966132 765
BCUTp-1l 0.8651409708747314 764
AATS1s 0.8654680464718832 763
AATS2s 0.8654680464718832 762
AATS3s 0.8654680464718832 761
AATS4s 0.8653781927630612 760
LogEE_Dzse 0.8654680464718832 759
SM1_Dzse 0.8653492266951688 758
AATS5s 0.8653483015042266 757
AATS7s 0.8653483015042266 756
MAXdssC 0.8654680464718832 755
AATS8s 0.8654680464718832 754
AATS0Z 0.8653483015042266 753
VE2_Dzse 0.8653492266951688 752
MATS2s 0.8654680464718832 751
AATS1Z 0.8654680464718832 750
AATS3Z 0.8654680464718832 749
GATS7Z 0.8653483015042266 748
Kier1 0.8653483015042266 747
AATS4Z 0.8653483015042266 746
AATS5Z 0.8654680464718832 745
AATS6Z 0.8654680464718832 744
VE3_Dzse 0.8654680464718832 743
VR1_Dzse 0.8653781927630612 742
AATS7Z 0.8653781927630612 741
AXp-6d 0.8654680464718832 740
VR2_Dzse 0.8653483015042266 739
AETA_alpha 0.8652584477954045 738
AATS8Z 0.8654680464718832 737
ATSC4p 0.8653483015042266 736
AATSC5Z 0.8654680464718832 735
VR3_Dzse 0.8654680464718832 734
SpAbs_Dzpe 0.8652584477954045 733
MATS1s 0.8653781927630612 732
AATS0m 0.8653483015042266 731
VE1_Dzp 0.8653489575635833 730
AATS1m 0.8653781927630612 729
AATS2m 0.8652584477954045 728
AATS3m 0.8654680464718832 727
AATS4m 0.8654680464718832 726
AATS5m 0.8653483015042266 725
AATS6m 0.8653483015042266 724
ATSC2m 0.8654680464718832 723
SpMax_Dzpe 0.8654680464718832 722
MINssCH2 0.8654680464718832 721
AATS7m 0.8652584477954045 720
BCUTdv-1h 0.8653781927630612 719
AATS8m 0.8654680464718832 718
AATS1v 0.8653483015042266 717
SpDiam_Dzpe 0.8654680464718832 716
MDEN-33 0.8653492266951688 715
AATS2v 0.8652593729863467 714
ATSC3m 0.8654680464718832 713
AATSC4v 0.8652584477954045 712
AATS3v 0.8653483015042266 711
SpAD_Dzpe 0.8654680464718832 710
AATS4v 0.8654680464718832 709
SpMAD_Dzpe 0.8653781927630612 708
LogEE_Dzpe 0.8654680464718832 707
ATSC1dv 0.8654680464718832 706
AATS5v 0.8654680464718832 705
AATS6v 0.8654680464718832 704
MID 0.8654680464718832 703
AATS7v 0.8653483015042266 702
AATS8v 0.8654680464718832 701
AATS0se 0.8654680464718832 700
AATS1se 0.8653492266951688 699
AATS2se 0.8652584477954045 698
SpMAD_Dzv 0.8652502560765517 697
MID_O 0.8653401097853738 696
AATS3se 0.8652502560765517 695
SssNH 0.8652492065298127 694
ATSC0Z 0.8652492065298127 693
ATSC0m 0.8653747118394177 692
AATS4se 0.8655831741613816 691
AATS5se 0.8655831741613816 690
AATSC0Z 0.8654933204525596 689
AATSC0m 0.8657225034915572 688
AATS6se 0.8659307376671102 687
AATS7se 0.865841112104699 686
AATS8se 0.8659307376671102 685
AATS0pe 0.8659307376671102 684
Xp-1d 0.8658121290539683 683
ATSC0v 0.8659307376671102 682
AATS1pe 0.8659307376671102 681
GATS8p 0.8659307376671102 680
ATSC2se 0.8659307376671102 679
AATS1p 0.8659307376671102 678
AATS2pe 0.8659307376671102 677
AATS3pe 0.8659307376671102 676
AATS4pe 0.8659307376671102 675
AATS6pe 0.8658121290539683 674
MATS8are 0.8659307376671102 673
AATS2p 0.8659307376671102 672
AATS7pe 0.865841112104699 671
AATS8pe 0.865841112104699 670
AATSC1p 0.8659307376671102 669
AATS1are 0.865841112104699 668
AATS2are 0.8659307376671102 667
AATSC2pe 0.8659307376671102 666
SM1_Dzpe 0.865841112104699 665
AATS3are 0.865841112104699 664
AATS4are 0.8658121290539683 663
AATS6are 0.8659307376671102 662
MINssS 0.8659307376671102 661
Sm 0.8659307376671102 660
ATSC7Z 0.8659307376671102 659
GATS1i 0.865841112104699 658
MATS1p 0.8659307376671102 657
SpMAD_Dt 0.8659307376671102 656
ATSC6i 0.8659065731076601 655
SpDiam_Dt 0.8658773788933567 654
AATS7are 0.8657598678006185 653
ATSC4are 0.8659065731076601 652
ATSC6c 0.8659409884997241 651
AATS8are 0.8660879052091461 650
AATS0p 0.8660606893041853 649
EState_VSA2 0.8660608464117101 648
CIC0 0.8660608464117101 647
VR2_Dzpe 0.8659702055329134 646
VR3_Dzpe 0.8661796890073105 645
ETA_eta_L 0.8660608464117101 644
AATS3p 0.8659690740115227 643
AATS4p 0.8661796890073105 642
AATSC1s 0.8660608464117101 641
AATS5p 0.8658794484491117 640
MATS8se 0.8661796890073105 639
AATS6p 0.8660900634448994 638
AATSC2p 0.8660900634448994 637
Kier2 0.8660608464117101 636
ZMIC1 0.8661796890073105 635
AATSC0v 0.8660608464117101 634
nBondsS 0.8660608464117101 633
ECIndex 0.8661796890073105 632
MATS4p 0.8661796890073105 631
Xp-5dv 0.8661796890073105 630
AATS7p 0.8660900634448994 629
GATS4i 0.8661796890073105 628
bpol 0.8660608464117101 627
AATS8p 0.8661796890073105 626
Xp-6dv 0.8660900634448994 625
ATSC8se 0.8660608464117101 624
AATS0i 0.8660900634448994 623
MAXsNH2 0.8660900634448994 622
MATS6p 0.8659725639037479 621
AATS3i 0.8661796890073105 620
ATSC5se 0.8661796890073105 619
AATS5i 0.8661796890073105 618
ATSC2c 0.8660608464117101 617
AATS6i 0.8661796890073105 616
nBondsKS 0.8661796890073105 615
SpAbs_Dzare 0.8661796890073105 614
AATS7i 0.8661796890073105 613
ATSC0c 0.8660900634448994 612
ATSC7m 0.8661796890073105 611
AATSC5p 0.8661796890073105 610
ATSC1c 0.8661796890073105 609
PEOE_VSA6 0.8661796890073105 608
AATSC1v 0.8661796890073105 607
fragCpx 0.8661796890073105 606
ATSC3c 0.8661796890073105 605
GATS1dv 0.8661796890073105 604
AATSC6se 0.8661796890073105 603
SM1_Dzare 0.8661796890073105 602
MATS7p 0.8661796890073105 601
ATSC5c 0.8661796890073105 600
ATSC7c 0.8661796890073105 599
ATSC8c 0.8660900634448994 598
GATS1c 0.8661796890073105 597
ATSC0dv 0.8660900634448994 596
ATSC2dv 0.8660900634448994 595
ATSC3dv 0.8661796890073105 594
MAXdNH 0.8660900634448994 593
MATS1i 0.8661796890073105 592
TIC1 0.8661796890073105 591
ATSC6dv 0.8660608464117101 590
ATSC8dv 0.8661796890073105 589
MATS2i 0.8660900634448994 588
AATSC6p 0.8661796890073105 587
ATSC0d 0.8661796890073105 586
ATSC1d 0.8661796890073105 585
MATS3i 0.8661796890073105 584
ATSC2d 0.8661796890073105 583
SpMAD_Dzi 0.8660621779145723 582
ATSC3d 0.8661796890073105 581
SpMax_Dzare 0.8661796890073105 580
ATSC4d 0.8661796890073105 579
ATSC6d 0.8660900634448994 578
ATSC7d 0.8660900634448994 577
GATS4are 0.8661796890073105 576
ATSC8d 0.8661796890073105 575
SpDiam_Dzare 0.8661796890073105 574
Xp-2d 0.8661796890073105 573
AATSC7p 0.8661796890073105 572
ATSC0s 0.8661796890073105 571
ATSC1s 0.8661796890073105 570
AATSC8p 0.8660900634448994 569
MATS4i 0.8661796890073105 568
ATSC2s 0.8661796890073105 567
AATSC8Z 0.8660621779145723 566
JGI6 0.8661796890073105 565
ATSC5s 0.8661796890073105 564
ATSC6s 0.8660900634448994 563
ETA_dEpsilon_A 0.8661796890073105 562
ATSC7s 0.8661796890073105 561
ATSC8s 0.8661796890073105 560
ATSC1Z 0.8660900634448994 559
ETA_shape_p 0.8661796890073105 558
ATSC2Z 0.8661796890073105 557
ATSC3Z 0.8661796890073105 556
ATSC4Z 0.8661796890073105 555
ATSC5Z 0.8661796890073105 554
SIC1 0.8660900634448994 553
ATSC6Z 0.8661796890073105 552
SpAD_Dzare 0.8661796890073105 551
ATSC4m 0.8661796890073105 550
ATSC5m 0.8661796890073105 549
GATS3d 0.8661796890073105 548
MATS2are 0.8661796890073105 547
AATSC0i 0.8660900634448994 546
ATSC6m 0.8660900634448994 545
ATSC1v 0.8660900634448994 544
ATSC2v 0.8661796890073105 543
ATSC3v 0.8661796890073105 542
ATSC4v 0.8661796890073105 541
ATSC5v 0.8661796890073105 540
ATSC6v 0.8661796890073105 539
LogEE_Dzare 0.8661796890073105 538
AATSC1i 0.8661796890073105 537
ATSC7v 0.8661796890073105 536
AATSC1m 0.8660900634448994 535
GATS3pe 0.8661796890073105 534
AATSC2m 0.8660900634448994 533
ATSC8v 0.8660900634448994 532
ATSC0se 0.8661796890073105 531
ATSC3se 0.865971220849299 530
ATSC6se 0.8661796890073105 529
ATSC2pe 0.8660900634448994 528
AATSC3i 0.8660621779145723 527
ATSC3pe 0.8661796890073105 526
ATSC4pe 0.8661796890073105 525
ATSC5pe 0.8661796890073105 524
ATSC6pe 0.8661796890073105 523
ATSC1are 0.8661796890073105 522
AATSC2v 0.8660900634448994 521
ATSC7pe 0.8660900634448994 520
AATSC5c 0.8661796890073105 519
AATSC3v 0.8661796890073105 518
ATSC8pe 0.8661796890073105 517
AATSC7v 0.8660900634448994 516
AATSC4i 0.8661796890073105 515
ATSC0are 0.8660608464117101 514
ATSC2are 0.8661796890073105 513
ATSC3are 0.8661796890073105 512
ATSC5are 0.8661796890073105 511
AATSC5m 0.8660900634448994 510
ATSC7are 0.8661796890073105 509
ATSC8are 0.8661796890073105 508
AATSC5i 0.8661796890073105 507
VE2_Dzare 0.8661796890073105 506
AATSC3m 0.8661796890073105 505
ATSC0p 0.8660900634448994 504
ATSC2p 0.8661796890073105 503
GATS1m 0.8661796890073105 502
ATSC5p 0.8661796890073105 501
Xc-3d 0.8661796890073105 500
AATSC6i 0.8660900634448994 499
ATSC6p 0.8661796890073105 498
ATSC8p 0.8661796890073105 497
GATS5v 0.8661796890073105 496
WPath 0.8661796890073105 495
MATS1dv 0.8660900634448994 494
ATSC0i 0.8661796890073105 493
ATSC1i 0.8660900634448994 492
ATSC2i 0.8661796890073105 491
ATSC3i 0.8661796890073105 490
GATS8pe 0.8661796890073105 489
AATSC7i 0.8661796890073105 488
TSRW10 0.8661796890073105 487
ATSC4i 0.8661796890073105 486
CIC5 0.8660900634448994 485
AATSC8i 0.8661796890073105 484
ATSC5i 0.8661796890073105 483
MATS3c 0.8660900634448994 482
Xp-0dv 0.8661796890073105 481
ATSC7i 0.8660900634448994 480
ATSC8i 0.8661796890073105 479
EState_VSA6 0.8661796890073105 478
MATS2dv 0.8661796890073105 477
GATS6p 0.8661796890073105 476
MATS3dv 0.8661796890073105 475
AATSC0c 0.8660900634448994 474
AATSC1c 0.8661796890073105 473
AATSC2c 0.8661796890073105 472
AATSC3c 0.8661796890073105 471
AATSC4c 0.8661796890073105 470
AATSC7c 0.8661796890073105 469
AATSC8c 0.8661796890073105 468
MATS5dv 0.8660900634448994 467
AATSC0dv 0.8661796890073105 466
AATSC1dv 0.8660900634448994 465
AATSC2dv 0.8660900634448994 464
AATSC3dv 0.8661796890073105 463
AATSC4dv 0.8661796890073105 462
AATSC5dv 0.8661796890073105 461
MINaaN 0.8661796890073105 460
AATSC6dv 0.8661796890073105 459
MATS6dv 0.8661796890073105 458
VE3_Dzare 0.8661796890073105 457
VR1_Dzare 0.8660900634448994 456
AATSC7dv 0.8661796890073105 455
MATS7dv 0.8660900634448994 454
AATSC8dv 0.8660900634448994 453
AATSC0d 0.8661796890073105 452
AATSC2d 0.8661796890073105 451
AATSC3d 0.8660900634448994 450
AATSC4d 0.8661796890073105 449
AATSC5d 0.8661796890073105 448
AATSC6d 0.8660608464117101 447
AATSC7d 0.8661796890073105 446
Xp-3d 0.8661796890073105 445
AATSC8d 0.8660900634448994 444
AATSC4s 0.8661796890073105 443
MAXaaNH 0.8660608464117101 442
VR2_Dzare 0.8660900634448994 441
MATS8dv 0.8661796890073105 440
AATSC5v 0.8660900634448994 439
MATS1d 0.8661796890073105 438
AATSC5s 0.8661796890073105 437
AATSC6s 0.8661796890073105 436
AATSC8s 0.8661796890073105 435
MATS2d 0.8660900634448994 434
AATSC1Z 0.8660900634448994 433
GATS3v 0.8661796890073105 432
TopoPSA(NO) 0.8661796890073105 431
AATSC2Z 0.8660900634448994 430
AATSC3Z 0.8661796890073105 429
AATSC4Z 0.8661796890073105 428
Xc-5d 0.8661796890073105 427
AATSC6Z 0.8661796890073105 426
AATSC7Z 0.8661796890073105 425
AATSC4m 0.8661796890073105 424
ETA_shape_y 0.8668106408013072 423
AATSC6v 0.8668106408013072 422
AXp-2dv 0.8666016335980111 421
MATS3d 0.8667210152388961 420
AATSC6m 0.8666011573269101 419
AATSC8v 0.8668106408013072 418
VR3_Dzare 0.8666912591604223 417
MATS3Z 0.8666912591604223 416
MATS3m 0.8664672486492123 415
JGI1 0.8668498022015779 414
SpAbs_Dzp 0.8668498022015779 413
EState_VSA4 0.8667601766391668 412
IC4 0.8664891792130095 411
SpMax_Dzp 0.8663995536505984 410
AATSC1se 0.8668763302008471 409
SpDiam_Dzp 0.8668763302008471 408
GATS4Z 0.8668763302008471 407
SpAD_Dzp 0.8667867046384359 406
LogEE_Dzp 0.8668763302008471 405
SM1_Dzp 0.8667867046384359 404
MATS5d 0.8668763302008471 403
AATSC2se 0.8668763302008471 402
MATS6d 0.8668763302008471 401
MATS7d 0.8667867046384359 400
AATSC3se 0.8664891792130095 399
GATS5Z 0.8668763302008471 398
GATS5m 0.8669658848122085 397
GATS6Z 0.8672337553729303 396
AATSC4se 0.8669658848122085 395
AATSC5se 0.867353035800046 394
GATS8Z 0.8672631011239174 393
AATSC8se 0.8672631011239174 392
AATSC0pe 0.8672631011239174 391
Xc-5dv 0.867353035800046 390
AATSC1pe 0.867353035800046 389
VE2_Dzp 0.867353035800046 388
EState_VSA5 0.8671438206968018 387
AATSC3pe 0.8668759501360799 386
EState_VSA10 0.867353035800046 385
ATSC4dv 0.8672603507352742 384
AATSC4pe 0.8672603507352742 383
AATSC5pe 0.8672603507352742 382
Sv 0.8672603507352742 381
MATS8d 0.8671704160591456 380
AATSC6pe 0.8668731997474367 379
AATSC7pe 0.8670511469060285 378
AATSC8pe 0.8668731997474367 377
VSA_EState4 0.867141081582157 376
VE3_Dzp 0.8671704160591456 375
AETA_beta 0.8671704160591456 374
GATS2m 0.8672603507352742 373
VSA_EState6 0.8668731997474367 372
AATSC1are 0.8672603507352742 371
GATS4m 0.8671704160591456 370
MWC05 0.867141081582157 369
VR1_Dzp 0.8672603507352742 368
AETA_beta_s 0.8672603507352742 367
GATS7m 0.8671704160591456 366
MAXaasC 0.8673834572864868 365
AATSC2are 0.8673834572864868 364
MPC8 0.867308462161425 363
AATSC3are 0.8672187280210781 362
AATSC4are 0.8674272834542006 361
AATSC5are 0.8674272834542006 360
VE1_Dt 0.8674272834542006 359
AATSC8are 0.8673375493138537 358
MATS2v 0.867308462161425 357
MATS3s 0.867308059633496 356
MATS4s 0.8673375493138537 355
MATS8s 0.8674272834542006 354
MATS2se 0.8674272834542006 353
MATS8pe 0.867308462161425 352
MATS1Z 0.8673375493138537 351
MATS6i 0.8674272834542006 350
MATS2Z 0.8674272834542006 349
MATS4Z 0.867308462161425 348
MATS5Z 0.8674272834542006 347
MATS6Z 0.8674272834542006 346
MATS7Z 0.8673375493138537 345
VR2_Dzp 0.8673375493138537 344
VR3_Dzp 0.8674272834542006 343
MATS1m 0.867308059633496 342
GATS4dv 0.8676384321028493 341
MATS2m 0.8675486979625024 340
MATS4m 0.8675486979625024 339
MATS5m 0.8676384321028493 338
Xp-4d 0.8675197000152484 337
MATS6m 0.8676384321028493 336
MATS7i 0.8676384321028493 335
MATS7m 0.8675486979625024 334
MAXaaN 0.8676384321028493 333
AETA_beta_ns 0.8675486979625024 332
MATS1v 0.8676384321028493 331
MATS6se 0.86752120121971 330
GATS3are 0.8674299658749014 329
MPC9 0.8675486979625024 328
TIC2 0.8676384321028493 327
AMID_O 0.8676384321028493 326
FilterItLogS 0.8676384321028493 325
Mi 0.8676384321028493 324
SpAbs_Dzi 0.8675486979625024 323
MATS3v 0.8675197000152484 322
GATS2c 0.8675197000152484 321
MAXsssN 0.8676384321028493 320
MATS4v 0.8676384321028493 319
MAXsSH 0.8677308037116834 318
MATS5v 0.8676115685225573 317
AMID_N 0.8674928364349563 316
MATS7v 0.8674024981891121 315
GATS7dv 0.8675238500692994 314
SpMax_Dzi 0.8676410695713366 313
SsNH2 0.8674031022946094 312
SpDiam_Dzi 0.8673371920403365 311
MAXsOH 0.8676410695713366 310
GATS7se 0.8677308037116834 309
MATS6v 0.8676120716240825 308
GATS4c 0.8676410695713366 307
ETA_dAlpha_B 0.8679732081439078 306
MATS4c 0.8680283809191912 305
MID_N 0.8681476161083174 304
MATS8v 0.8682376367640599 303
MATS1se 0.8682376367640599 302
SpAD_Dzi 0.8682376367640599 301
MATS3se 0.8681476161083174 300
MATS4se 0.8682376367640599 299
MATS5se 0.8682376367640599 298
LogEE_Dzi 0.8681476161083174 297
MATS7se 0.8682376367640599 296
MATS1pe 0.8682376367640599 295
MAXdO 0.8682376367640599 294
SM1_Dzi 0.8681476161083174 293
MATS2pe 0.8682376367640599 292
MATS3pe 0.8682376367640599 291
Xp-5d 0.8682376367640599 290
MATS4pe 0.8681476161083174 289
MINsNH2 0.8682376367640599 288
MATS5pe 0.8682376367640599 287
GATS5c 0.8682376367640599 286
VE1_Dzi 0.8681476161083174 285
VE2_Dzi 0.8682376367640599 284
MATS6pe 0.8681476161083174 283
MATS1are 0.8682376367640599 282
MATS3are 0.8682376367640599 281
MATS4are 0.8681189046764588 280
AETA_beta_ns_d 0.8682376367640599 279
MATS5are 0.8681476161083174 278
GATS4d 0.8682376367640599 277
MATS6are 0.8681476161083174 276
GATS2Z 0.8682376367640599 275
MATS7are 0.8682376367640599 274
GATS6c 0.8682376367640599 273
GATS7c 0.8681476161083174 272
GATS8c 0.8680288840207164 271
GGI10 0.8681189046764588 270
GATS2dv 0.8681476161083174 269
ETA_eta 0.868030253935358 268
GATS3dv 0.8680288840207164 267
VE3_Dzi 0.8682376367640599 266
AETA_eta 0.8681476161083174 265
GATS5dv 0.8682376367640599 264
VE1_D 0.8682376367640599 263
ETA_eta_R 0.8682376367640599 262
GATS6dv 0.8682376367640599 261
GATS8dv 0.8682376367640599 260
GATS1d 0.8681189046764588 259
GATS2d 0.8682376367640599 258
GATS5d 0.8682376367640599 257
piPC1 0.8682376367640599 256
GATS6d 0.8682376367640599 255
GATS7d 0.8682376367640599 254
GATS8d 0.8682376367640599 253
GATS1s 0.8680283809191912 252
GATS3s 0.8681476161083174 251
GATS4s 0.8682376367640599 250
BIC1 0.8682376367640599 249
VR1_Dzi 0.8682376367640599 248
GATS5s 0.8682376367640599 247
GATS8s 0.8681476161083174 246
GATS1v 0.8682376367640599 245
SaasC 0.8682376367640599 244
VMcGowan 0.8682376367640599 243
GATS2v 0.8681476161083174 242
GATS5se 0.8682376367640599 241
GATS4v 0.8680288840207164 240
GATS6v 0.8682376367640599 239
GATS7v 0.8681476161083174 238
GATS1se 0.8681476161083174 237
MINaaCH 0.8682376367640599 236
VR2_Dzi 0.8682376367640599 235
GATS2se 0.8682376367640599 234
SRW06 0.8682376367640599 233
VR3_Dzi 0.8682376367640599 232
MW 0.8682376367640599 231
GATS3se 0.8682376367640599 230
GATS6se 0.8681189046764588 229
GATS8se 0.8681476161083174 228
BertzCT 0.8682376367640599 227
GATS5pe 0.8681189046764588 226
GATS6pe 0.8682376367640599 225
nBonds 0.8682376367640599 224
GATS7pe 0.8682376367640599 223
RNCG 0.8681476161083174 222
GATS2are 0.8681476161083174 221
RPCG 0.8681184015749336 220
HybRatio 0.8681476161083174 219
FCSP3 0.8682376367640599 218
GATS5are 0.8682376367640599 217
GATS5i 0.8681476161083174 216
MINsssCH 0.8681189046764588 215
MATS5s 0.8682376367640599 214
GATS6are 0.8682376367640599 213
Xpc-4d 0.8682376367640599 212
GATS7are 0.8682376367640599 211
GATS8are 0.8681476161083174 210
GATS1p 0.8682376367640599 209
GATS4p 0.8681189046764588 208
TMWC10 0.8682376367640599 207
GATS5p 0.8681189046764588 206
ETA_epsilon_2 0.8682376367640599 205
GATS3i 0.8681189046764588 204
MIC1 0.8681476161083174 203
MID_C 0.8682376367640599 202
GATS6i 0.8682376367640599 201
GATS7i 0.8681189046764588 200
GATS8i 0.8682376367640599 199
BCUTc-1l 0.8681189046764588 198
AETA_eta_L 0.8682376367640599 197
IC2 0.8681189046764588 196
MDEC-11 0.8681476161083174 195
BCUTd-1h 0.8681189046764588 194
Xpc-5d 0.8681189046764588 193
AATSC2i 0.8682090115393388 192
Xpc-6d 0.8680002587959955 191
Xpc-4dv 0.8682090115393388 190
Xpc-5dv 0.8680002587959955 189
JGI7 0.8680902794517379 188
Xpc-6dv 0.8682090115393388 187
Xp-6d 0.8681189908835965 186
Xp-7d 0.8680902794517379 185
AXp-0d 0.8682090115393388 184
AXp-1d 0.8680902794517379 183
AXp-3d 0.8680902794517379 182
AXp-5d 0.8680902794517379 181
MIC2 0.8682090115393388 180
AXp-7d 0.8681189908835965 179
Xp-1dv 0.8682090115393388 178
VE2_D 0.8680897763502127 177
MINaasC 0.8682090115393388 176
Xp-2dv 0.8682090115393388 175
AETA_eta_RL 0.8681189908835965 174
SdssC 0.8681189908835965 173
ETA_eta_FL 0.8682090115393388 172
ATSC8Z 0.8680517747171328 171
Xp-7dv 0.8680517747171328 170
AETA_eta_FL 0.8680230632852742 169
mZagreb2 0.8680230632852742 168
AATS1i 0.8678861612513332 167
AXp-0dv 0.8678861612513332 166
ZMIC2 0.8680048933389342 165
AXp-3dv 0.867795822816855 164
AXp-4dv 0.8678861612513332 163
AXp-5dv 0.8680048933389342 162
AXp-6dv 0.8678861612513332 161
MAXsCH3 0.8682763607112655 160
AXp-7dv 0.8683670008393377 159
Sse 0.8682482687517368 158
Spe 0.8683670008393377 157
ETA_eta_B 0.8682763607112655 156
Sare 0.8683670008393377 155
Sp 0.8682763607112655 154
Si 0.8682763607112655 153
MZ 0.8683670008393377 152
Mm 0.8682763607112655 151
Mv 0.8682482687517368 150
Mse 0.8683670008393377 149
Mpe 0.8683670008393377 148
MINdNH 0.8682482687517368 147
Mare 0.8683670008393377 146
MINsOH 0.8683389234844328 145
Mp 0.8682755630338697 144
SpMax_Dt 0.8682755630338697 143
VE2_Dt 0.8683389234844328 142
VE3_Dt 0.8682201913968318 141
VR1_Dt 0.8683389234844328 140
VR2_Dt 0.8681568309462687 139
PEOE_VSA9 0.8682201913968318 138
AETA_eta_B 0.8683389234844328 137
VR3_Dt 0.8682192145298777 136
DetourIndex 0.8682755630338697 135
SpAbs_D 0.8682755630338697 134
ETA_eta_BR 0.8683389234844328 133
SpMax_D 0.8682755630338697 132
SpDiam_D 0.8683389234844328 131
SpAD_D 0.8683389234844328 130
LogEE_D 0.8683389234844328 129
VE3_D 0.8681568309462687 128
VR1_D 0.8682201913968318 127
SMR_VSA5 0.8682201913968318 126
SlogP_VSA2 0.8683389234844328 125
ZMIC5 0.8681568309462687 124
VR2_D 0.8682755630338697 123
MINsssN 0.8682201913968318 122
VR3_D 0.8680371219917137 121
SaaNH 0.8682755630338697 120
GATS6s 0.8692442809876116 119
SaaN 0.8691809205370484 118
SlogP_VSA5 0.8691265649110692 117
MINdO 0.869063204460506 116
SsSH 0.8692442809876116 115
ETA_epsilon_3 0.8691265649110692 114
EState_VSA1 0.8692442809876116 113
ETA_epsilon_4 0.868943495505951 112
ETA_dEpsilon_C 0.869063204460506 111
ETA_dEpsilon_D 0.869063204460506 110
EState_VSA3 0.8692442809876116 109
AETA_dBeta 0.8691265649110692 108
IC0 0.8691265649110692 107
IC1 0.8692442809876116 106
IC3 0.8691265649110692 105
VSA_EState5 0.8692442809876116 104
MINaaaC 0.8691265649110692 103
IC5 0.8688274908737876 102
LabuteASA 0.8690087567384994 101
TIC3 0.8691265649110692 100
TIC4 0.8692442809876116 99
TIC5 0.8688908513243508 98
VSA_EState7 0.8691265649110692 97
VSA_EState8 0.8688908513243508 96
MATS4dv 0.8687450576815078 95
SIC2 0.8688647666360628 94
BCUTs-1h 0.868746842107761 93
MDEN-11 0.868471915421544 92
Zagreb1 0.868827476166348 91
SIC4 0.8687076290082624 90
BIC2 0.8688255205186 89
AMID_C 0.8688013870713464 88
BIC3 0.868471915421544 87
SsCH3 0.8685701845604588 86
MDEN-23 0.8685701845604588 85
ATSC7p 0.8683975399833676 84
piPC10 0.8681469516012226 83
piPC9 0.8684483142846607 82
MAXssCH2 0.8688169754188073 81
AATSC0se 0.8688661065462555 80
TopoPSA 0.869283166428134 79
MINssNH 0.8689582595524914 78
BIC4 0.8688823905665657 77
CIC1 0.8690764697274492 76
CIC2 0.8687097469858399 75
SsOH 0.8685687313975708 74
Zagreb2 0.8685140573376618 73
AMID 0.8687766430232238 72
CIC4 0.868511635168298 71
MID_h 0.8685378736233779 70
MIC3 0.8685951578096789 69
MIC5 0.868750404568144 68
AMW 0.8685951578096789 67
PEOE_VSA7 0.8686869538650712 66
ZMIC3 0.8685114472112698 65
Kier3 0.8683934127007976 64
GATS1pe 0.8685388498121331 63
JGI5 0.8686102511452499 62
JGT10 0.8691050939877505 61
GATS4pe 0.8691416629496588 60
MPC3 0.8693518157124125 59
GGI6 0.8691682322146173 58
PEOE_VSA1 0.8692333930102323 57
GGI9 0.8692333930102323 56
GGI5 0.8691684544383136 55
MPC4 0.8693518157124125 54
MPC5 0.8691416629496588 53
piPC3 0.8692336909494308 52
JGI2 0.8692333930102323 51
JGI3 0.8690482107884412 50
MPC6 0.8690482107884412 49
MPC10 0.8691131493603599 48
piPC4 0.8689321072078315 47
piPC5 0.8694697402407144 46
piPC6 0.8691134472995583 45
piPC7 0.8690504530289744 44
piPC8 0.8692333930102323 43
MPC7 0.8691388896726785 42
TpiPC10 0.8689939645129025 41
JGI4 0.8690856835904707 40
piPC2 0.8693484454145057 39
JGI8 0.8689676600906805 38
AETA_eta_R 0.86899428466322 37
JGI9 0.8685746773011624 36
JGI10 0.8686927665745444 35
MWC02 0.868902653523406 34
SRW08 0.8685746773011624 33
MWC03 0.8688761731518715 32
MWC04 0.8688761731518715 31
MWC06 0.8688759520468464 30
MWC07 0.8687843209070325 29
MWC08 0.8688761731518715 28
MWC09 0.8688740410133475 27
MWC10 0.8688761731518715 26
SRW10 0.8689933693110176 25
SRW04 0.8688464241845856 24
mZagreb1 0.8688108768787048 23
SMR_VSA6 0.8691100734190993 22
SLogP 0.8686583829382037 21
PEOE_VSA8 0.868316827179636 20
Xch-6dv 0.8678776666633912 19
GATS3Z 0.8674420803354526 18
AXp-1dv 0.8671842496984336 17
MIC0 0.8665206020092653 16
BCUTs-1l 0.8653046676183815 15
SMR_VSA3 0.8642292358514794 14
MIC4 0.8629819215348197 13
SpMAD_Dzare 0.8633142880274436 12
GATS4se 0.8625373375286831 11
GATS2p 0.8619756410243979 10
GATS3c 0.8598537728870398 9
AATSC7m 0.8572743205280554 8
MAXssS 0.8513843308079403 7
SIC5 0.844565310115847 6
AATSC0p 0.8405541208924039 5
SIC0 0.8330345052163926 4
SdNH 0.8201485125209002 3
ETA_epsilon_5 0.8026827766251597 2
SpAD_Dt 0.7617928847413684 1
445.702466932
Time CPU for backward feature selection: 0:07:25.702467
Time for forward feature selection: 2 days, 10:46:08.573562
