JGI9 0.8825702075702075 1150
GATS4s 0.9314714762434451 1149
ABC 0.9389983579638752 1148
AATSC6v 0.9314714762434451 1147
MATS5p 0.9407079294454156 1146
MATS6i 0.9215508413228102 1145
SaaCH 0.9482348111658456 1144
ABCGG 0.9108670806390495 1143
SpAbs_A 0.9314714762434451 1142
ATSC6d 0.9314714762434451 1141
AATS0i 0.9482348111658456 1140
AATSC0dv 0.9482348111658456 1139
AATS1i 0.9215508413228102 1138
AATSC4p 0.9482348111658456 1137
SpMax_A 0.9407079294454156 1136
ATSC5i 0.9407079294454156 1135
JGI3 0.9314714762434451 1134
ATSC7d 0.9314714762434451 1133
MATS6v 0.9297619047619048 1132
AATSC4i 0.9314714762434451 1131
SpDiam_A 0.9482348111658456 1130
MATS5d 0.9482348111658456 1129
SpAD_A 0.9307872945247806 1128
SpMAD_A 0.9314714762434451 1127
ETA_shape_y 0.9297619047619048 1126
MATS4i 0.9407079294454156 1125
ATSC6i 0.9407079294454156 1124
LogEE_A 0.9407079294454156 1123
VE1_A 0.9314714762434451 1122
VE2_A 0.9407079294454156 1121
AATSC7v 0.9407079294454156 1120
AATSC5d 0.9314714762434451 1119
VE3_A 0.9407079294454156 1118
MID_C 0.9314714762434451 1117
AATSC6i 0.9407079294454156 1116
VR3_A 0.9407079294454156 1115
nAromAtom 0.9407079294454156 1114
nAromBond 0.9407079294454156 1113
ATS8dv 0.9407079294454156 1112
ATSC5d 0.9407079294454156 1111
nAtom 0.9407079294454156 1110
GATS3Z 0.9314714762434451 1109
nHeavyAtom 0.9407079294454156 1108
GATS6i 0.9407079294454156 1107
nHetero 0.9407079294454156 1106
AATS2i 0.9407079294454156 1105
nH 0.9407079294454156 1104
nC 0.9314714762434451 1103
AATSC8c 0.9407079294454156 1102
nN 0.9314714762434451 1101
GATS3i 0.9407079294454156 1100
nO 0.9407079294454156 1099
ATS0dv 0.9407079294454156 1098
ATS1dv 0.9407079294454156 1097
ATS2dv 0.9407079294454156 1096
ATS3dv 0.9407079294454156 1095
AATS3i 0.9407079294454156 1094
ATS4dv 0.9407079294454156 1093
ATS5dv 0.9407079294454156 1092
ATS6dv 0.9407079294454156 1091
ATS7dv 0.9407079294454156 1090
ATS0d 0.9407079294454156 1089
ATS1d 0.9407079294454156 1088
ATS2d 0.9407079294454156 1087
ATSC7i 0.9407079294454156 1086
ATS3d 0.9407079294454156 1085
GATS7s 0.9407079294454156 1084
ATS4d 0.9407079294454156 1083
ATS5d 0.9407079294454156 1082
ATS6d 0.9407079294454156 1081
ATS7d 0.9314714762434451 1080
ATS8d 0.9407079294454156 1079
ATS0s 0.9407079294454156 1078
AATS8i 0.9407079294454156 1077
ATS1s 0.9407079294454156 1076
ATS2s 0.9407079294454156 1075
ATS3s 0.9407079294454156 1074
ATS4s 0.9407079294454156 1073
ATS5s 0.9407079294454156 1072
ATS6s 0.9407079294454156 1071
ATS7s 0.9407079294454156 1070
AATSC8pe 0.9407079294454156 1069
ATS8s 0.9407079294454156 1068
ATS0Z 0.9407079294454156 1067
ATS1Z 0.9407079294454156 1066
ATS2Z 0.9407079294454156 1065
ATS3Z 0.9407079294454156 1064
ATS4Z 0.9407079294454156 1063
ATS5Z 0.9407079294454156 1062
ATS6Z 0.9407079294454156 1061
ATS7Z 0.9407079294454156 1060
ATS8Z 0.9407079294454156 1059
ATS0m 0.9407079294454156 1058
ATS1m 0.9407079294454156 1057
ATS2m 0.9407079294454156 1056
ATS3m 0.9407079294454156 1055
ATS4m 0.9407079294454156 1054
ATS5m 0.9407079294454156 1053
ATS6m 0.9407079294454156 1052
MATS8c 0.9407079294454156 1051
ATS7m 0.9407079294454156 1050
ATS8m 0.9407079294454156 1049
ATS0v 0.9407079294454156 1048
ATS1v 0.9407079294454156 1047
ATS2v 0.9407079294454156 1046
ATS3v 0.9407079294454156 1045
ATS4v 0.9407079294454156 1044
ATS5v 0.9407079294454156 1043
ATS6v 0.9407079294454156 1042
ATS7v 0.9407079294454156 1041
ATS8v 0.9407079294454156 1040
ATS0se 0.9407079294454156 1039
ATS1se 0.9407079294454156 1038
ATS2se 0.9407079294454156 1037
ATS3se 0.9407079294454156 1036
ATS4se 0.9407079294454156 1035
ATS5se 0.9407079294454156 1034
ATS6se 0.9407079294454156 1033
ATS7se 0.9407079294454156 1032
ATS8se 0.9407079294454156 1031
ATS0pe 0.9407079294454156 1030
ATS1pe 0.9407079294454156 1029
ATS2pe 0.9407079294454156 1028
ATS3pe 0.9407079294454156 1027
ATS4pe 0.9407079294454156 1026
ATS5pe 0.9407079294454156 1025
ATS6pe 0.9407079294454156 1024
ATS7pe 0.9407079294454156 1023
ATS8pe 0.9407079294454156 1022
ATS0are 0.9407079294454156 1021
ATS1are 0.9407079294454156 1020
ATS2are 0.9407079294454156 1019
ATS3are 0.9407079294454156 1018
ATS4are 0.9407079294454156 1017
ATS5are 0.9407079294454156 1016
ATS6are 0.9407079294454156 1015
ATS7are 0.9407079294454156 1014
ATS8are 0.9407079294454156 1013
ATS0p 0.9407079294454156 1012
ATS1p 0.9407079294454156 1011
ATS2p 0.9407079294454156 1010
ATS3p 0.9407079294454156 1009
ATS4p 0.9407079294454156 1008
ATS5p 0.9407079294454156 1007
ATS6p 0.9407079294454156 1006
ATS7p 0.9407079294454156 1005
ATS8p 0.9407079294454156 1004
ATS0i 0.9407079294454156 1003
ATS1i 0.9407079294454156 1002
ATS2i 0.9407079294454156 1001
ATS3i 0.9407079294454156 1000
ATS4i 0.9407079294454156 999
ATS5i 0.9407079294454156 998
ATS6i 0.9407079294454156 997
ATS7i 0.9407079294454156 996
ATS8i 0.9407079294454156 995
AATS0dv 0.9407079294454156 994
AATS1dv 0.9407079294454156 993
AATS2dv 0.9407079294454156 992
AATS3dv 0.9407079294454156 991
AATS4dv 0.9407079294454156 990
AATS5dv 0.9407079294454156 989
AATS6dv 0.9407079294454156 988
AATS7dv 0.9407079294454156 987
AATS8dv 0.9407079294454156 986
AATS0d 0.9407079294454156 985
AATS1d 0.9407079294454156 984
AATS2d 0.9407079294454156 983
AATS3d 0.9407079294454156 982
AATS4d 0.9407079294454156 981
AATS5d 0.9407079294454156 980
AATS6d 0.9407079294454156 979
AATS7d 0.9407079294454156 978
AATS8d 0.9407079294454156 977
AATS0s 0.9407079294454156 976
AATS1s 0.9407079294454156 975
AATS2s 0.9407079294454156 974
AATS3s 0.9407079294454156 973
AATS4s 0.9407079294454156 972
AATS5s 0.9407079294454156 971
AATS6s 0.9407079294454156 970
AATS7s 0.9407079294454156 969
AATS8s 0.9407079294454156 968
AATS0Z 0.9407079294454156 967
AATS1Z 0.9407079294454156 966
AATS2Z 0.9407079294454156 965
AATS3Z 0.9407079294454156 964
AATS4Z 0.9407079294454156 963
AATS5Z 0.9407079294454156 962
AATS6Z 0.9407079294454156 961
AATS7Z 0.9407079294454156 960
AATS8Z 0.9407079294454156 959
AATS0m 0.9407079294454156 958
AATS1m 0.9407079294454156 957
AATS2m 0.9407079294454156 956
AATS3m 0.9407079294454156 955
AATS4m 0.9407079294454156 954
AATS5m 0.9407079294454156 953
AATS6m 0.9407079294454156 952
AATS7m 0.9407079294454156 951
AATS8m 0.9407079294454156 950
AATS0v 0.9407079294454156 949
AATS1v 0.9407079294454156 948
AATS2v 0.9407079294454156 947
AATS3v 0.9407079294454156 946
AATS4v 0.9407079294454156 945
AATS5v 0.9407079294454156 944
AATS6v 0.9407079294454156 943
AATS7v 0.9407079294454156 942
AATS8v 0.9407079294454156 941
AATS0se 0.9407079294454156 940
AATS1se 0.9407079294454156 939
AATS2se 0.9407079294454156 938
AATS3se 0.9407079294454156 937
AATS4se 0.9407079294454156 936
AATS5se 0.9407079294454156 935
AATS6se 0.9407079294454156 934
AATS7se 0.9407079294454156 933
AATS8se 0.9407079294454156 932
AATS0pe 0.9407079294454156 931
AATS1pe 0.9407079294454156 930
AATS2pe 0.9407079294454156 929
AATS3pe 0.9407079294454156 928
AATS4pe 0.9407079294454156 927
AATS5pe 0.9407079294454156 926
AATS6pe 0.9407079294454156 925
AATS7pe 0.9407079294454156 924
AATS8pe 0.9407079294454156 923
AATS0are 0.9407079294454156 922
AATS1are 0.9407079294454156 921
AATS2are 0.9407079294454156 920
AATS3are 0.9407079294454156 919
AATS4are 0.9407079294454156 918
AATS5are 0.9407079294454156 917
AATS6are 0.9407079294454156 916
AATS7are 0.9407079294454156 915
AATS8are 0.9407079294454156 914
AATS0p 0.9407079294454156 913
AATS1p 0.9407079294454156 912
AATS2p 0.9407079294454156 911
AATS3p 0.9407079294454156 910
AATS4p 0.9407079294454156 909
AATS5p 0.9407079294454156 908
AATS6p 0.9407079294454156 907
AATS7p 0.9407079294454156 906
AATS8p 0.9407079294454156 905
AATS4i 0.9407079294454156 904
AATS5i 0.9407079294454156 903
AATS6i 0.9407079294454156 902
AATS7i 0.9407079294454156 901
ATSC0c 0.9407079294454156 900
ATSC1c 0.9407079294454156 899
ATSC2c 0.9407079294454156 898
ATSC3c 0.9407079294454156 897
ATSC4c 0.9407079294454156 896
ATSC5c 0.9407079294454156 895
ATSC6c 0.9407079294454156 894
ATSC7c 0.9407079294454156 893
ATSC8c 0.9407079294454156 892
ATSC0dv 0.9407079294454156 891
ATSC1dv 0.9407079294454156 890
ATSC2dv 0.9407079294454156 889
ATSC3dv 0.9407079294454156 888
ATSC4dv 0.9407079294454156 887
ATSC5dv 0.9407079294454156 886
ATSC6dv 0.9407079294454156 885
ATSC7dv 0.9407079294454156 884
ATSC8dv 0.9407079294454156 883
ATSC0d 0.9407079294454156 882
ATSC1d 0.9407079294454156 881
ATSC2d 0.9407079294454156 880
ATSC3d 0.9407079294454156 879
ATSC4d 0.9407079294454156 878
ATSC8d 0.9407079294454156 877
ATSC0s 0.9407079294454156 876
ATSC1s 0.9407079294454156 875
ATSC2s 0.9407079294454156 874
ATSC3s 0.9407079294454156 873
ATSC4s 0.9407079294454156 872
ATSC5s 0.9407079294454156 871
ATSC6s 0.9407079294454156 870
ATSC7s 0.9407079294454156 869
ATSC8s 0.9407079294454156 868
ATSC0Z 0.9407079294454156 867
ATSC1Z 0.9407079294454156 866
ATSC2Z 0.9407079294454156 865
ATSC3Z 0.9407079294454156 864
ATSC4Z 0.9407079294454156 863
ATSC5Z 0.9407079294454156 862
ATSC6Z 0.9407079294454156 861
ATSC7Z 0.9407079294454156 860
ATSC8Z 0.9407079294454156 859
ATSC0m 0.9407079294454156 858
ATSC1m 0.9407079294454156 857
ATSC2m 0.9407079294454156 856
ATSC3m 0.9407079294454156 855
ATSC4m 0.9407079294454156 854
ATSC5m 0.9407079294454156 853
ATSC6m 0.9407079294454156 852
ATSC7m 0.9407079294454156 851
ATSC8m 0.9407079294454156 850
ATSC0v 0.9407079294454156 849
ATSC1v 0.9407079294454156 848
ATSC2v 0.9407079294454156 847
ATSC3v 0.9407079294454156 846
ATSC4v 0.9407079294454156 845
ATSC5v 0.9407079294454156 844
ATSC6v 0.9407079294454156 843
ATSC7v 0.9407079294454156 842
ATSC8v 0.9407079294454156 841
ATSC0se 0.9407079294454156 840
ATSC1se 0.9407079294454156 839
ATSC2se 0.9407079294454156 838
ATSC3se 0.9407079294454156 837
ATSC4se 0.9407079294454156 836
ATSC5se 0.9407079294454156 835
ATSC6se 0.9407079294454156 834
ATSC7se 0.9407079294454156 833
ATSC8se 0.9407079294454156 832
ATSC0pe 0.9407079294454156 831
ATSC1pe 0.9407079294454156 830
ATSC2pe 0.9407079294454156 829
ATSC3pe 0.9407079294454156 828
ATSC4pe 0.9407079294454156 827
ATSC5pe 0.9407079294454156 826
ATSC6pe 0.9407079294454156 825
ATSC7pe 0.9407079294454156 824
ATSC8pe 0.9407079294454156 823
ATSC0are 0.9407079294454156 822
ATSC1are 0.9407079294454156 821
ATSC2are 0.9407079294454156 820
ATSC3are 0.9407079294454156 819
ATSC4are 0.9407079294454156 818
ATSC5are 0.9407079294454156 817
ATSC6are 0.9407079294454156 816
ATSC7are 0.9407079294454156 815
ATSC8are 0.9407079294454156 814
ATSC0p 0.9407079294454156 813
ATSC1p 0.9407079294454156 812
ATSC2p 0.9407079294454156 811
ATSC3p 0.9407079294454156 810
ATSC4p 0.9407079294454156 809
ATSC5p 0.9407079294454156 808
ATSC6p 0.9407079294454156 807
ATSC7p 0.9407079294454156 806
ATSC8p 0.9407079294454156 805
ATSC0i 0.9407079294454156 804
ATSC1i 0.9407079294454156 803
ATSC2i 0.9407079294454156 802
ATSC3i 0.9407079294454156 801
ATSC8i 0.9407079294454156 800
AATSC0c 0.9407079294454156 799
AATSC1c 0.9407079294454156 798
AATSC2c 0.9407079294454156 797
AATSC3c 0.9407079294454156 796
AATSC4c 0.9407079294454156 795
AATSC5c 0.9407079294454156 794
AATSC6c 0.9407079294454156 793
AATSC7c 0.9407079294454156 792
AATSC1dv 0.9407079294454156 791
AATSC2dv 0.9407079294454156 790
AATSC3dv 0.9407079294454156 789
AATSC4dv 0.9407079294454156 788
AATSC5dv 0.9407079294454156 787
AATSC6dv 0.9407079294454156 786
AATSC7dv 0.9407079294454156 785
AATSC8dv 0.9407079294454156 784
AATSC0d 0.9407079294454156 783
AATSC1d 0.9407079294454156 782
AATSC2d 0.9407079294454156 781
AATSC3d 0.9407079294454156 780
AATSC4d 0.9407079294454156 779
AATSC6d 0.9407079294454156 778
AATSC7d 0.9407079294454156 777
AATSC8d 0.9407079294454156 776
AATSC0s 0.9407079294454156 775
AATSC1s 0.9407079294454156 774
AATSC2s 0.9407079294454156 773
AATSC3s 0.9407079294454156 772
AATSC4s 0.9407079294454156 771
AATSC5s 0.9407079294454156 770
AATSC6s 0.9407079294454156 769
AATSC7s 0.9407079294454156 768
AATSC8s 0.9407079294454156 767
AATSC0Z 0.9407079294454156 766
AATSC1Z 0.9407079294454156 765
AATSC2Z 0.9407079294454156 764
AATSC3Z 0.9407079294454156 763
AATSC4Z 0.9407079294454156 762
AATSC5Z 0.9407079294454156 761
AATSC6Z 0.9407079294454156 760
AATSC7Z 0.9407079294454156 759
AATSC8Z 0.9407079294454156 758
AATSC0m 0.9407079294454156 757
AATSC1m 0.9407079294454156 756
AATSC2m 0.9407079294454156 755
AATSC3m 0.9407079294454156 754
AATSC4m 0.9407079294454156 753
AATSC5m 0.9407079294454156 752
AATSC6m 0.9407079294454156 751
AATSC7m 0.9407079294454156 750
AATSC8m 0.9407079294454156 749
AATSC0v 0.9407079294454156 748
AATSC1v 0.9407079294454156 747
AATSC2v 0.9407079294454156 746
AATSC3v 0.9407079294454156 745
AATSC4v 0.9407079294454156 744
AATSC5v 0.9407079294454156 743
AATSC8v 0.9407079294454156 742
AATSC0se 0.9407079294454156 741
AATSC1se 0.9407079294454156 740
AATSC2se 0.9407079294454156 739
AATSC3se 0.9407079294454156 738
AATSC4se 0.9407079294454156 737
AATSC5se 0.9407079294454156 736
AATSC6se 0.9407079294454156 735
AATSC7se 0.9407079294454156 734
AATSC8se 0.9407079294454156 733
AATSC0pe 0.9407079294454156 732
AATSC1pe 0.9407079294454156 731
AATSC2pe 0.9407079294454156 730
AATSC3pe 0.9407079294454156 729
AATSC4pe 0.9407079294454156 728
AATSC5pe 0.9407079294454156 727
AATSC6pe 0.9407079294454156 726
AATSC7pe 0.9407079294454156 725
AATSC0are 0.9407079294454156 724
AATSC1are 0.9407079294454156 723
AATSC2are 0.9407079294454156 722
AATSC3are 0.9407079294454156 721
AATSC4are 0.9407079294454156 720
AATSC5are 0.9407079294454156 719
AATSC6are 0.9407079294454156 718
AATSC7are 0.9407079294454156 717
AATSC8are 0.9407079294454156 716
AATSC0p 0.9407079294454156 715
AATSC1p 0.9407079294454156 714
AATSC2p 0.9407079294454156 713
AATSC3p 0.9407079294454156 712
AATSC5p 0.9407079294454156 711
AATSC6p 0.9407079294454156 710
AATSC7p 0.9407079294454156 709
AATSC8p 0.9407079294454156 708
AATSC0i 0.9407079294454156 707
AATSC1i 0.9407079294454156 706
AATSC2i 0.9407079294454156 705
AATSC3i 0.9407079294454156 704
AATSC5i 0.9407079294454156 703
AATSC7i 0.9407079294454156 702
AATSC8i 0.9407079294454156 701
MATS1c 0.9407079294454156 700
MATS2c 0.9407079294454156 699
MATS3c 0.9407079294454156 698
MATS4c 0.9407079294454156 697
MATS5c 0.9407079294454156 696
MATS6c 0.9407079294454156 695
MATS7c 0.9407079294454156 694
MATS1dv 0.9407079294454156 693
MATS2dv 0.9407079294454156 692
MATS3dv 0.9407079294454156 691
MATS4dv 0.9407079294454156 690
MATS5dv 0.9407079294454156 689
MATS6dv 0.9407079294454156 688
MATS7dv 0.9407079294454156 687
MATS8dv 0.9407079294454156 686
MATS1d 0.9407079294454156 685
MATS2d 0.9407079294454156 684
MATS3d 0.9407079294454156 683
MATS4d 0.9407079294454156 682
MATS6d 0.9407079294454156 681
MATS7d 0.9407079294454156 680
MATS8d 0.9407079294454156 679
MATS1s 0.9407079294454156 678
MATS2s 0.9407079294454156 677
MATS3s 0.9407079294454156 676
MATS4s 0.9407079294454156 675
MATS5s 0.9407079294454156 674
MATS6s 0.9407079294454156 673
MATS7s 0.9407079294454156 672
MATS8s 0.9407079294454156 671
MATS1Z 0.9407079294454156 670
MATS2Z 0.9407079294454156 669
MATS3Z 0.9407079294454156 668
MATS4Z 0.9407079294454156 667
MATS5Z 0.9407079294454156 666
MATS6Z 0.9407079294454156 665
MATS7Z 0.9407079294454156 664
MATS8Z 0.9407079294454156 663
MATS1m 0.9407079294454156 662
MATS2m 0.9407079294454156 661
MATS3m 0.9407079294454156 660
MATS4m 0.9407079294454156 659
MATS5m 0.9407079294454156 658
MATS6m 0.9407079294454156 657
MATS7m 0.9407079294454156 656
MATS8m 0.9407079294454156 655
MATS1v 0.9407079294454156 654
MATS2v 0.9407079294454156 653
MATS3v 0.9407079294454156 652
MATS4v 0.9407079294454156 651
MATS5v 0.9407079294454156 650
MATS7v 0.9407079294454156 649
MATS8v 0.9407079294454156 648
MATS1se 0.9407079294454156 647
GATS6v 0.9407079294454156 646
MATS2se 0.9407079294454156 645
MATS3se 0.9407079294454156 644
GATS7v 0.9407079294454156 643
MATS4se 0.9407079294454156 642
GATS5p 0.9407079294454156 641
MATS5se 0.9407079294454156 640
MATS6se 0.9407079294454156 639
MATS7se 0.9407079294454156 638
MATS8se 0.9407079294454156 637
MATS1pe 0.9407079294454156 636
MATS2pe 0.9407079294454156 635
MATS3pe 0.9407079294454156 634
MATS4pe 0.9407079294454156 633
MATS5pe 0.9407079294454156 632
MATS6pe 0.9407079294454156 631
MATS7pe 0.9407079294454156 630
MATS8pe 0.9407079294454156 629
MATS1are 0.9407079294454156 628
MATS2are 0.9407079294454156 627
MATS3are 0.9407079294454156 626
MATS4are 0.9407079294454156 625
MATS5are 0.9407079294454156 624
MATS6are 0.9407079294454156 623
MATS7are 0.9407079294454156 622
MATS8are 0.9407079294454156 621
MATS1p 0.9407079294454156 620
MATS2p 0.9407079294454156 619
MATS3p 0.9407079294454156 618
MATS4p 0.9407079294454156 617
MATS6p 0.9407079294454156 616
MATS7p 0.9407079294454156 615
MATS8p 0.9407079294454156 614
MATS1i 0.9407079294454156 613
MATS2i 0.9407079294454156 612
MATS3i 0.9407079294454156 611
MATS5i 0.9407079294454156 610
MATS7i 0.9407079294454156 609
MATS8i 0.9407079294454156 608
GATS1c 0.9407079294454156 607
GATS2c 0.9407079294454156 606
GATS3c 0.9407079294454156 605
GATS4c 0.9407079294454156 604
GATS5c 0.9407079294454156 603
GATS6c 0.9407079294454156 602
GATS7c 0.9407079294454156 601
GATS8c 0.9407079294454156 600
GATS1dv 0.9407079294454156 599
GATS2dv 0.9407079294454156 598
GATS3dv 0.9407079294454156 597
GATS4dv 0.9407079294454156 596
GATS5dv 0.9407079294454156 595
GATS6dv 0.9407079294454156 594
GATS7dv 0.9407079294454156 593
GATS8dv 0.9407079294454156 592
GATS1d 0.9407079294454156 591
GATS2d 0.9407079294454156 590
GATS3d 0.9407079294454156 589
GATS4d 0.9407079294454156 588
GATS5d 0.9407079294454156 587
GATS6d 0.9407079294454156 586
GATS7d 0.9407079294454156 585
GATS8d 0.9407079294454156 584
GATS1s 0.9407079294454156 583
GATS2s 0.9407079294454156 582
GATS3s 0.9407079294454156 581
GATS5s 0.9407079294454156 580
GATS6s 0.9407079294454156 579
GATS8s 0.9407079294454156 578
GATS1Z 0.9407079294454156 577
GATS2Z 0.9407079294454156 576
GATS4Z 0.9407079294454156 575
GATS5Z 0.9407079294454156 574
GATS6Z 0.9407079294454156 573
GATS7Z 0.9407079294454156 572
GATS8Z 0.9407079294454156 571
GATS1m 0.9407079294454156 570
GATS2m 0.9407079294454156 569
GATS3m 0.9407079294454156 568
GATS4m 0.9407079294454156 567
GATS5m 0.9407079294454156 566
GATS6m 0.9407079294454156 565
GATS7m 0.9407079294454156 564
GATS8m 0.9407079294454156 563
GATS1v 0.9407079294454156 562
GATS2v 0.9407079294454156 561
GATS3v 0.9407079294454156 560
GATS4v 0.9407079294454156 559
GATS8v 0.9407079294454156 558
GATS1se 0.9407079294454156 557
GATS2se 0.9407079294454156 556
GATS3se 0.9407079294454156 555
GATS4se 0.9407079294454156 554
GATS5se 0.9407079294454156 553
GATS6se 0.9407079294454156 552
GATS7se 0.9407079294454156 551
GATS8se 0.9407079294454156 550
GATS1pe 0.9407079294454156 549
GATS2pe 0.9407079294454156 548
GATS3pe 0.9407079294454156 547
GATS4pe 0.9407079294454156 546
GATS5pe 0.9407079294454156 545
GATS6pe 0.9407079294454156 544
GATS7pe 0.9407079294454156 543
GATS8pe 0.9407079294454156 542
GATS1are 0.9407079294454156 541
GATS2are 0.9407079294454156 540
GATS3are 0.9407079294454156 539
GATS4are 0.9407079294454156 538
GATS5are 0.9407079294454156 537
GATS6are 0.9407079294454156 536
GATS7are 0.9407079294454156 535
GATS8are 0.9407079294454156 534
GATS1p 0.9407079294454156 533
JGI7 0.9492764778325123 532
GATS2p 0.9407079294454156 531
AXp-5dv 0.9407079294454156 530
GATS3p 0.9407079294454156 529
AETA_eta_BR 0.9492764778325123 528
EState_VSA9 0.9492764778325123 527
BCUTdv-1l 0.9492764778325123 526
SsssN 0.9492764778325123 525
SssNH 0.9492764778325123 524
SMR_VSA6 0.9492764778325123 523
EState_VSA7 0.9492764778325123 522
BCUTse-1l 0.9492764778325123 521
EState_VSA4 0.9492764778325123 520
BCUTc-1l 0.9492764778325123 519
GATS4p 0.9492764778325123 518
BCUTi-1l 0.9492764778325123 517
GATS6p 0.9407079294454156 516
GATS7p 0.9492764778325123 515
GATS8p 0.9492764778325123 514
SsSH 0.9492764778325123 513
GATS1i 0.9492764778325123 512
GATS2i 0.9492764778325123 511
SM1_Dzv 0.9492764778325123 510
Xc-3d 0.9492764778325123 509
VR1_Dzv 0.9492764778325123 508
GATS4i 0.9492764778325123 507
SdNH 0.9492764778325123 506
Xp-0dv 0.9492764778325123 505
GATS5i 0.9492764778325123 504
GGI3 0.9492764778325123 503
GATS7i 0.9492764778325123 502
ZMIC5 0.9492764778325123 501
GATS8i 0.9492764778325123 500
AMID 0.9492764778325123 499
BCUTc-1h 0.9492764778325123 498
BCUTdv-1h 0.9492764778325123 497
BCUTd-1h 0.9407079294454156 496
BCUTd-1l 0.9492764778325123 495
Vabc 0.9492764778325123 494
BCUTs-1h 0.9492764778325123 493
SM1_Dzpe 0.9492764778325123 492
EState_VSA10 0.9492764778325123 491
EState_VSA2 0.9492764778325123 490
SM1_Dzare 0.9492764778325123 489
BCUTs-1l 0.9492764778325123 488
BCUTZ-1h 0.9492764778325123 487
BCUTZ-1l 0.9492764778325123 486
BCUTare-1l 0.9407079294454156 485
TopoShapeIndex 0.9492764778325123 484
PetitjeanIndex 0.9492764778325123 483
BCUTpe-1l 0.9492764778325123 482
BCUTm-1h 0.9492764778325123 481
BCUTm-1l 0.9492764778325123 480
SM1_DzZ 0.9492764778325123 479
MAXaasC 0.9492764778325123 478
AXp-4d 0.9492764778325123 477
GATS5v 0.9400400246305419 476
ZMIC1 0.9308035714285714 475
MAXsssN 0.9400400246305419 474
MAXaaCH 0.9308035714285714 473
BCUTv-1h 0.9308035714285714 472
SpMAD_Dzpe 0.9308035714285714 471
MAXaaN 0.9400400246305419 470
BCUTv-1l 0.9400400246305419 469
BCUTse-1h 0.9400400246305419 468
BCUTi-1h 0.9308035714285714 467
SaaN 0.9222350230414746 466
BCUTpe-1h 0.9400400246305419 465
BCUTare-1h 0.9314714762434451 464
BCUTp-1h 0.9222350230414746 463
BCUTp-1l 0.9314714762434451 462
BalabanJ 0.9308035714285714 461
MINsNH2 0.9400400246305419 460
Xp-1dv 0.9314714762434451 459
Xp-2dv 0.9400400246305419 458
AXp-4dv 0.9400400246305419 457
SsssCH 0.9400400246305419 456
SpAbs_DzZ 0.9400400246305419 455
SpMax_DzZ 0.9400400246305419 454
Xpc-4dv 0.9400400246305419 453
SpDiam_DzZ 0.9400400246305419 452
SpAD_DzZ 0.9400400246305419 451
SpMAD_DzZ 0.9400400246305419 450
LogEE_DzZ 0.9400400246305419 449
VE1_DzZ 0.9400400246305419 448
VE2_DzZ 0.9400400246305419 447
VE3_DzZ 0.9400400246305419 446
Xpc-5dv 0.9400400246305419 445
VR1_DzZ 0.9400400246305419 444
VR2_DzZ 0.9301193897099069 443
VR3_DzZ 0.9400400246305419 442
SpAbs_Dzm 0.9400400246305419 441
VSA_EState6 0.9400400246305419 440
AETA_dBeta 0.9400400246305419 439
SpMax_Dzm 0.9400400246305419 438
SpDiam_Dzm 0.9400400246305419 437
SpAD_Dzm 0.9400400246305419 436
SpMAD_Dzm 0.9400400246305419 435
LogEE_Dzm 0.9400400246305419 434
SM1_Dzm 0.9400400246305419 433
VE1_Dzm 0.9400400246305419 432
VE2_Dzm 0.9400400246305419 431
VE3_Dzm 0.9400400246305419 430
VR1_Dzm 0.9400400246305419 429
VR2_Dzm 0.9301193897099069 428
VR3_Dzm 0.9400400246305419 427
SpAbs_Dzv 0.9400400246305419 426
nBondsS 0.9400400246305419 425
SpMax_Dzv 0.9400400246305419 424
SpDiam_Dzv 0.9400400246305419 423
SpAD_Dzv 0.9400400246305419 422
SpMAD_Dzv 0.9400400246305419 421
LogEE_Dzv 0.9400400246305419 420
VE1_Dzv 0.9400400246305419 419
JGI6 0.9400400246305419 418
VE2_Dzv 0.9400400246305419 417
VE3_Dzv 0.9400400246305419 416
VR2_Dzv 0.9400400246305419 415
VR3_Dzv 0.9400400246305419 414
SpAbs_Dzse 0.9400400246305419 413
SpMax_Dzse 0.9400400246305419 412
SpDiam_Dzse 0.9400400246305419 411
SpAD_Dzse 0.9400400246305419 410
MINsOH 0.9400400246305419 409
SpMAD_Dzse 0.9400400246305419 408
JGI1 0.9400400246305419 407
LogEE_Dzse 0.9400400246305419 406
JGT10 0.9400400246305419 405
SM1_Dzse 0.9400400246305419 404
VE1_Dzse 0.9400400246305419 403
mZagreb1 0.9400400246305419 402
VE2_Dzse 0.9400400246305419 401
VE3_Dzse 0.9400400246305419 400
VR1_Dzse 0.9400400246305419 399
VR2_Dzse 0.9400400246305419 398
VR3_Dzse 0.9400400246305419 397
SpAbs_Dzpe 0.9400400246305419 396
SpMax_Dzpe 0.9400400246305419 395
SpDiam_Dzpe 0.9400400246305419 394
SpAD_Dzpe 0.9400400246305419 393
AETA_beta_ns 0.9400400246305419 392
LogEE_Dzpe 0.9400400246305419 391
VE1_Dzpe 0.9400400246305419 390
VE2_Dzpe 0.9400400246305419 389
VE3_Dzpe 0.9301193897099069 388
VR1_Dzpe 0.9400400246305419 387
VR2_Dzpe 0.9400400246305419 386
VR3_Dzpe 0.9400400246305419 385
SpAbs_Dzare 0.9400400246305419 384
CIC5 0.9400400246305419 383
SpMax_Dzare 0.9400400246305419 382
SpDiam_Dzare 0.9400400246305419 381
SpAD_Dzare 0.9400400246305419 380
SpMAD_Dzare 0.9400400246305419 379
LogEE_Dzare 0.9400400246305419 378
VE1_Dzare 0.9400400246305419 377
VE2_Dzare 0.9400400246305419 376
VE3_Dzare 0.9400400246305419 375
VR1_Dzare 0.9400400246305419 374
VR2_Dzare 0.9400400246305419 373
VR3_Dzare 0.9400400246305419 372
SpAbs_Dzp 0.9400400246305419 371
SpMax_Dzp 0.9400400246305419 370
SpDiam_Dzp 0.9400400246305419 369
JGI2 0.9400400246305419 368
SpAD_Dzp 0.9400400246305419 367
SpMAD_Dzp 0.9400400246305419 366
LogEE_Dzp 0.9400400246305419 365
SM1_Dzp 0.9400400246305419 364
VE1_Dzp 0.9400400246305419 363
VE2_Dzp 0.9400400246305419 362
VE3_Dzp 0.9400400246305419 361
VR1_Dzp 0.9400400246305419 360
VR2_Dzp 0.9400400246305419 359
VR3_Dzp 0.9400400246305419 358
SpAbs_Dzi 0.9400400246305419 357
SpMax_Dzi 0.9400400246305419 356
SpDiam_Dzi 0.9400400246305419 355
SpAD_Dzi 0.9400400246305419 354
SpMAD_Dzi 0.9400400246305419 353
LogEE_Dzi 0.9400400246305419 352
SM1_Dzi 0.9400400246305419 351
VE1_Dzi 0.9400400246305419 350
VE2_Dzi 0.9400400246305419 349
PEOE_VSA7 0.9400400246305419 348
VE3_Dzi 0.9400400246305419 347
VR1_Dzi 0.9400400246305419 346
VR2_Dzi 0.9400400246305419 345
VR3_Dzi 0.9400400246305419 344
BertzCT 0.9400400246305419 343
nBonds 0.9400400246305419 342
nBondsO 0.9400400246305419 341
nBondsD 0.9400400246305419 340
nBondsA 0.9400400246305419 339
nBondsM 0.9400400246305419 338
nBondsKS 0.9400400246305419 337
nBondsKD 0.9400400246305419 336
RNCG 0.9400400246305419 335
RPCG 0.9400400246305419 334
C1SP2 0.9400400246305419 333
EState_VSA8 0.9400400246305419 332
C2SP2 0.9400400246305419 331
ETA_dEpsilon_B 0.9400400246305419 330
C1SP3 0.9400400246305419 329
C2SP3 0.9301193897099069 328
HybRatio 0.9400400246305419 327
FCSP3 0.9400400246305419 326
Xch-5d 0.9400400246305419 325
Xch-6d 0.9400400246305419 324
Xch-7d 0.9400400246305419 323
ETA_epsilon_5 0.9400400246305419 322
Xch-5dv 0.9400400246305419 321
Xch-6dv 0.9301193897099069 320
Xch-7dv 0.9400400246305419 319
Xc-5d 0.9301193897099069 318
Xc-3dv 0.9400400246305419 317
Xc-5dv 0.9400400246305419 316
Xpc-4d 0.9400400246305419 315
Xpc-5d 0.9400400246305419 314
Xpc-6d 0.9400400246305419 313
Xpc-6dv 0.9400400246305419 312
Xp-0d 0.9400400246305419 311
Xp-1d 0.9400400246305419 310
Xp-2d 0.9400400246305419 309
Xp-3d 0.9400400246305419 308
Xp-4d 0.9400400246305419 307
Xp-5d 0.9400400246305419 306
Xp-6d 0.9400400246305419 305
Xp-7d 0.9400400246305419 304
AXp-0d 0.9400400246305419 303
AXp-1d 0.9400400246305419 302
AXp-2d 0.9400400246305419 301
AXp-3d 0.9400400246305419 300
AXp-5d 0.9400400246305419 299
AXp-6d 0.9400400246305419 298
Xp-3dv 0.9400400246305419 297
AXp-7d 0.9400400246305419 296
Xp-4dv 0.9308035714285714 295
Xp-5dv 0.9400400246305419 294
Xp-6dv 0.9400400246305419 293
Xp-7dv 0.9400400246305419 292
AXp-0dv 0.9400400246305419 291
AXp-1dv 0.9308035714285714 290
SsNH2 0.9400400246305419 289
MAXssCH2 0.9476005085015097 288
AXp-2dv 0.9298029556650247 287
AXp-6dv 0.9314714762434451 286
MAXsNH2 0.9308035714285714 285
AXp-3dv 0.9400400246305419 284
AXp-7dv 0.9222350230414746 283
SZ 0.9314714762434451 282
MINsCH3 0.9400400246305419 281
MAXdssC 0.9383640552995391 280
Sm 0.9222350230414746 279
ZMIC3 0.9383640552995391 278
Mv 0.9222350230414746 277
Sv 0.9383640552995391 276
Sse 0.9400400246305419 275
Spe 0.9383640552995391 274
SlogP_VSA1 0.9314714762434451 273
Sare 0.9314714762434451 272
Sp 0.9222350230414746 271
Si 0.9222350230414746 270
MAXsCH3 0.9476005085015097 269
MZ 0.9222350230414746 268
ZMIC2 0.9314714762434451 267
Mm 0.9215508413228102 266
ETA_epsilon_2 0.9314714762434451 265
VE1_Dt 0.9400400246305419 264
SsCH3 0.9376798735808747 263
Mse 0.9314714762434451 262
Mpe 0.9314714762434451 261
Mare 0.9314714762434451 260
PEOE_VSA1 0.9400400246305419 259
AETA_beta_ns_d 0.9314714762434451 258
PEOE_VSA6 0.9314714762434451 257
Mp 0.9400400246305419 256
Mi 0.9314714762434451 255
PEOE_VSA9 0.9314714762434451 254
VSA_EState2 0.9400400246305419 253
ETA_dEpsilon_A 0.9400400246305419 252
MINdO 0.9205665024630543 251
SpAbs_Dt 0.9222350230414746 250
MDEN-13 0.9383640552995391 249
VSA_EState4 0.9389983579638752 248
ZMIC4 0.9476005085015097 247
fMF 0.9222350230414746 246
MINaaCH 0.9314714762434451 245
MINsssCH 0.9476005085015097 244
EState_VSA6 0.9314714762434451 243
SpMax_Dt 0.9314714762434451 242
MINdssC 0.9476005085015097 241
SpDiam_Dt 0.9314714762434451 240
SpAD_Dt 0.9314714762434451 239
SpMAD_Dt 0.9314714762434451 238
MINdNH 0.9400400246305419 237
LogEE_Dt 0.9476005085015097 236
VE2_Dt 0.9476005085015097 235
SaasC 0.9476005085015097 234
MINaaNH 0.9476005085015097 233
VE3_Dt 0.9314714762434451 232
VR1_Dt 0.9314714762434451 231
SaaNH 0.9476005085015097 230
IC0 0.9389983579638752 229
VR2_Dt 0.9314714762434451 228
VR3_Dt 0.9476005085015097 227
DetourIndex 0.9314714762434451 226
SpAbs_D 0.9314714762434451 225
SpMax_D 0.9314714762434451 224
SpDiam_D 0.9476005085015097 223
SpAD_D 0.9314714762434451 222
SpMAD_D 0.9314714762434451 221
LogEE_D 0.9476005085015097 220
VE1_D 0.9314714762434451 219
SIC2 0.9476005085015097 218
SMR_VSA3 0.9476005085015097 217
TIC0 0.9400400246305419 216
VE2_D 0.9314714762434451 215
VE3_D 0.9314714762434451 214
VR1_D 0.9476005085015097 213
VR2_D 0.9314714762434451 212
MINaaN 0.9476005085015097 211
MINaasC 0.9400400246305419 210
NsssCH 0.9314714762434451 209
NsCH3 0.9400400246305419 208
MIC5 0.9314714762434451 207
VR3_D 0.9308035714285714 206
IC2 0.9314714762434451 205
MIC0 0.9314714762434451 204
AMW 0.9308035714285714 203
MAXsSH 0.9476005085015097 202
MAXsssCH 0.9314714762434451 201
MINsssN 0.9400400246305419 200
NssCH2 0.9476005085015097 199
JGI10 0.9314714762434451 198
NaaCH 0.9314714762434451 197
SsOH 0.9314714762434451 196
VSA_EState8 0.9314714762434451 195
NdssC 0.9400400246305419 194
ETA_epsilon_1 0.9314714762434451 193
NaasC 0.9314714762434451 192
GGI1 0.9476005085015097 191
GGI2 0.9476005085015097 190
NssNH 0.9314714762434451 189
NsOH 0.9314714762434451 188
NdO 0.9314714762434451 187
MDEN-23 0.9476005085015097 186
SssCH2 0.9389983579638752 185
SdssC 0.9314714762434451 184
SdO 0.9314714762434451 183
AMID_N 0.9400400246305419 182
MAXdNH 0.9400400246305419 181
MINsSH 0.9476005085015097 180
MAXssNH 0.9314714762434451 179
ECIndex 0.9314714762434451 178
MAXaaNH 0.9400400246305419 177
ETA_alpha 0.9476005085015097 176
MAXsOH 0.9314714762434451 175
MAXdO 0.9314714762434451 174
AETA_alpha 0.9314714762434451 173
ETA_shape_p 0.9314714762434451 172
VSA_EState3 0.9314714762434451 171
ETA_beta 0.9314714762434451 170
AETA_beta 0.9314714762434451 169
ETA_beta_s 0.9314714762434451 168
MINssCH2 0.9314714762434451 167
Kier2 0.9215508413228102 166
AETA_beta_s 0.9314714762434451 165
ETA_beta_ns 0.9314714762434451 164
MID_N 0.9314714762434451 163
ETA_eta 0.9215508413228102 162
AETA_eta 0.9314714762434451 161
ETA_eta_L 0.9314714762434451 160
SlogP_VSA4 0.9314714762434451 159
AETA_eta_L 0.9215508413228102 158
ETA_eta_R 0.9215508413228102 157
TIC1 0.9400400246305419 156
AETA_eta_R 0.9215508413228102 155
ETA_eta_RL 0.9215508413228102 154
AETA_eta_RL 0.9314714762434451 153
ETA_eta_F 0.9314714762434451 152
AETA_eta_F 0.9314714762434451 151
ETA_eta_FL 0.9314714762434451 150
JGI4 0.9301193897099069 149
BIC0 0.9314714762434451 148
AETA_eta_FL 0.9314714762434451 147
ETA_eta_B 0.9314714762434451 146
AETA_eta_B 0.9215508413228102 145
SMR_VSA4 0.9400400246305419 144
ETA_eta_BR 0.9314714762434451 143
ETA_dAlpha_B 0.9314714762434451 142
ETA_psi_1 0.9314714762434451 141
FilterItLogS 0.9215508413228102 140
Kier3 0.9314714762434451 139
SLogP 0.9301193897099069 138
ETA_epsilon_3 0.9314714762434451 137
ETA_epsilon_4 0.9301193897099069 136
ETA_dEpsilon_C 0.9215508413228102 135
ETA_dEpsilon_D 0.9215508413228102 134
ETA_dBeta 0.9215508413228102 133
ETA_dPsi_A 0.9215508413228102 132
fragCpx 0.9215508413228102 131
nHBAcc 0.9215508413228102 130
SlogP_VSA6 0.9314714762434451 129
nHBDon 0.9215508413228102 128
MIC3 0.9314714762434451 127
IC1 0.9215508413228102 126
IC3 0.9314714762434451 125
BIC2 0.9314714762434451 124
BIC3 0.9314714762434451 123
IC4 0.9314714762434451 122
BIC4 0.9314714762434451 121
IC5 0.9314714762434451 120
PEOE_VSA12 0.9215508413228102 119
TIC2 0.9215508413228102 118
TIC3 0.9215508413228102 117
EState_VSA1 0.9314714762434451 116
TIC4 0.9301193897099069 115
GGI7 0.9314714762434451 114
BIC5 0.9314714762434451 113
TIC5 0.9215508413228102 112
SIC0 0.9215508413228102 111
CIC0 0.9314714762434451 110
SIC1 0.9215508413228102 109
bpol 0.9314714762434451 108
BIC1 0.9222350230414746 107
SIC3 0.9314714762434451 106
SIC4 0.9314714762434451 105
SIC5 0.9314714762434451 104
MID_O 0.9314714762434451 103
CIC1 0.9314714762434451 102
CIC3 0.9314714762434451 101
CIC2 0.9314714762434451 100
CIC4 0.9314714762434451 99
SlogP_VSA3 0.9314714762434451 98
MIC1 0.9314714762434451 97
MIC2 0.9314714762434451 96
MIC4 0.9215508413228102 95
Diameter 0.9400400246305419 94
ZMIC0 0.9314714762434451 93
Kier1 0.9314714762434451 92
VMcGowan 0.9314714762434451 91
LabuteASA 0.9314714762434451 90
PEOE_VSA2 0.9314714762434451 89
PEOE_VSA8 0.9314714762434451 88
PEOE_VSA10 0.9314714762434451 87
SMR_VSA1 0.9314714762434451 86
SMR_VSA5 0.9314714762434451 85
SMR_VSA7 0.9314714762434451 84
SlogP_VSA2 0.9314714762434451 83
SlogP_VSA5 0.9400400246305419 82
EState_VSA3 0.9314714762434451 81
Radius 0.9314714762434451 80
EState_VSA5 0.9314714762434451 79
AMID_h 0.9314714762434451 78
VSA_EState5 0.9314714762434451 77
VSA_EState7 0.9314714762434451 76
MDEN-11 0.9314714762434451 75
SMR 0.9314714762434451 74
MDEN-33 0.9314714762434451 73
MDEC-11 0.9314714762434451 72
MID 0.9314714762434451 71
AMID_C 0.9314714762434451 70
MPC2 0.9314714762434451 69
MID_h 0.9314714762434451 68
AMID_O 0.9314714762434451 67
MPC3 0.9314714762434451 66
MPC4 0.9314714762434451 65
MPC10 0.9314714762434451 64
MPC5 0.9314714762434451 63
MPC6 0.9314714762434451 62
MPC7 0.9314714762434451 61
MPC8 0.9215508413228102 60
GGI4 0.9314714762434451 59
MPC9 0.9314714762434451 58
TMPC10 0.9314714762434451 57
apol 0.9314714762434451 56
piPC1 0.9314714762434451 55
piPC2 0.9215508413228102 54
piPC3 0.9314714762434451 53
piPC4 0.9314714762434451 52
piPC5 0.9215508413228102 51
piPC6 0.9314714762434451 50
SRW05 0.9314714762434451 49
piPC7 0.9400400246305419 48
piPC8 0.9314714762434451 47
piPC9 0.9314714762434451 46
piPC10 0.9314714762434451 45
TpiPC10 0.9314714762434451 44
TSRW10 0.9314714762434451 43
nRing 0.9215508413228102 42
n5Ring 0.9314714762434451 41
nHRing 0.9400400246305419 40
n5HRing 0.9314714762434451 39
naRing 0.9314714762434451 38
nRot 0.9314714762434451 37
GGI10 0.9314714762434451 36
RotRatio 0.9314714762434451 35
TopoPSA(NO) 0.9314714762434451 34
TopoPSA 0.9314714762434451 33
GGI5 0.9314714762434451 32
GGI6 0.9314714762434451 31
GGI8 0.9314714762434451 30
GGI9 0.9314714762434451 29
TMWC10 0.9314714762434451 28
JGI5 0.9314714762434451 27
MINssNH 0.9407079294454156 26
Zagreb1 0.9407079294454156 25
JGI8 0.931568144499179 24
SRW02 0.9407079294454156 23
VAdjMat 0.931568144499179 22
SRW06 0.9407079294454156 21
mZagreb2 0.9407079294454156 20
MW 0.9407079294454156 19
MWC01 0.931568144499179 18
WPath 0.9407079294454156 17
MWC02 0.9222350230414746 16
MWC03 0.9407079294454156 15
MWC04 0.9407079294454156 14
SRW07 0.9407079294454156 13
MWC05 0.9407079294454156 12
MWC06 0.9407079294454156 11
MWC07 0.9407079294454156 10
MWC08 0.9215508413228102 9
MWC09 0.9407079294454156 8
MWC10 0.9407079294454156 7
SRW04 0.9407079294454156 6
SRW08 0.9407079294454156 5
SRW09 0.9407079294454156 4
SRW10 0.9407079294454156 3
WPol 0.9215508413228102 2
Zagreb2 0.901727295692813 1
258.21547353200003
Time CPU for backward feature selection: 0:04:18.215474
Time for forward feature selection: 0:36:04.335275
