GATS4s 0.9295787545787546 1
GATS5s 0.9591397849462365 2
AATS1d 0.9671857619577309 3
AATSC0i 0.9757543103448276 4
AATSC8s 0.9758064516129032 5
AMID_N 0.984375 6
nAromAtom 0.984375 7
AATS6d 0.984375 8
nAromBond 0.984375 9
AATS7s 0.984375 10
ATSC2c 0.984375 11
AATSC2c 0.984375 12
AATSC7d 0.984375 13
MATS7d 0.984375 14
GATS2s 0.984375 15
SaasC 0.984375 16
ATSC8pe 0.984375 17
SaaNH 0.984375 18
AATS5d 0.984375 19
ATSC8s 0.984375 20
MATS1c 0.984375 21
ATSC8c 0.984375 22
SaaN 0.984375 23
GATS8s 0.984375 24
SRW05 0.984375 25
MATS3c 0.984375 26
AATS6p 0.984375 27
AATSC2pe 0.984375 28
AATS6se 0.984375 29
AATSC1i 0.984375 30
AATSC2s 0.984375 31
VE1_A 0.984375 32
AATSC8d 0.984375 33
MATS2s 0.984375 34
VE3_A 0.984375 35
AATSC2se 0.984375 36
AATS0p 0.984375 37
AATS8se 0.984375 38
MATS2se 0.984375 39
ATSC8d 0.984375 40
MATS1i 0.984375 41
AATSC2i 0.984375 42
MATS7c 0.984375 43
MAXsOH 0.984375 44
AATSC2are 0.984375 45
AATS2d 0.9919354838709677 46
AATSC8dv 0.9919354838709677 47
GATS2dv 0.9919354838709677 48
MATS2i 0.9919354838709677 49
AATS0d 0.9919354838709677 50
AATS7se 0.9919354838709677 51
AATS1p 0.9919354838709677 52
BalabanJ 0.9919354838709677 53
GATS2se 0.9919354838709677 54
MATS8d 0.9919354838709677 55
AATS3p 0.9919354838709677 56
GATS2c 0.9919354838709677 57
nBondsA 0.9919354838709677 58
ATSC8dv 0.9919354838709677 59
GATS8se 0.9919354838709677 60
GATS2i 0.9919354838709677 61
ATSC7d 0.9919354838709677 62
fMF 0.9919354838709677 63
AXp-0d 0.9919354838709677 64
GATS2p 0.9919354838709677 65
GATS8pe 0.9919354838709677 66
ETA_shape_p 0.9919354838709677 67
MIC1 0.984375 68
VSA_EState7 0.984375 69
SRW07 0.984375 70
ATSC2s 0.984375 71
AATS6v 0.984375 72
AATSC8se 0.984375 73
AETA_beta 0.984375 74
AATS6s 0.984375 75
GATS8are 0.984375 76
SRW09 0.984375 77
ATSC8se 0.984375 78
ETA_epsilon_3 0.984375 79
AATSC5s 0.9758064516129032 80
AATSC8c 0.9758064516129032 81
AATSC3se 0.9758064516129032 82
MATS6c 0.9758064516129032 83
ATSC8are 0.9758064516129032 84
AATSC8are 0.9758064516129032 85
AATSC6c 0.9758064516129032 86
GATS5se 0.9758064516129032 87
AATSC8pe 0.9758064516129032 88
MATS4c 0.9758064516129032 89
ATSC2se 0.9758064516129032 90
GATS4c 0.9758064516129032 91
AATSC2dv 0.9758064516129032 92
ATSC3are 0.9758064516129032 93
GATS4se 0.9833333333333334 94
MATS8c 0.9833333333333334 95
GATS4pe 0.9833333333333334 96
MATS8pe 0.9752688172043011 97
IC1 0.9758064516129032 98
GATS2pe 0.9752688172043011 99
ATSC1p 0.9752688172043011 100
AATSC1s 0.9833333333333334 101
AETA_beta_s 0.9833333333333334 102
AATSC1m 0.9833333333333334 103
MATS2c 0.9833333333333334 104
ATSC3se 0.9833333333333334 105
GATS1dv 0.9752688172043011 106
GATS2are 0.9752688172043011 107
ATSC4dv 0.9752688172043011 108
GATS4are 0.9752688172043011 109
FilterItLogS 0.9833333333333334 110
JGI10 0.9833333333333334 111
JGI8 0.9833333333333334 112
MATS8s 0.9752688172043011 113
AMID 0.9758064516129032 114
MATS8dv 0.9758064516129032 115
MATS2pe 0.9752688172043011 116
ATSC3pe 0.9752688172043011 117
AATS0s 0.9666481275491287 118
AATS2s 0.9666481275491287 119
AATS5s 0.9666481275491287 120
AATS8s 0.9666481275491287 121
AETA_eta_FL 0.9747126436781609 122
AATS1i 0.9747126436781609 123
nO 0.9747126436781609 124
AATSC1c 0.9747126436781609 125
SpMAD_A 0.9747126436781609 126
AATSC0dv 0.9747126436781609 127
AATSC0s 0.9747126436781609 128
AATSC1Z 0.9747126436781609 129
AATSC0se 0.9747126436781609 130
AATSC0c 0.9747126436781609 131
AATSC0pe 0.9747126436781609 132
AATSC0are 0.9747126436781609 133
MATS1Z 0.9747126436781609 134
MATS8se 0.9747126436781609 135
ATSC2pe 0.9747126436781609 136
MATS8are 0.9747126436781609 137
AATS5se 0.9747126436781609 138
AATSC3s 0.9747126436781609 139
BCUTd-1l 0.9747126436781609 140
ABC 0.9747126436781609 141
ABCGG 0.9747126436781609 142
AATS5pe 0.9747126436781609 143
MATS2are 0.9747126436781609 144
AATS1s 0.9747126436781609 145
MATS3se 0.9747126436781609 146
GATS8d 0.9747126436781609 147
BCUTv-1l 0.9747126436781609 148
SpAbs_A 0.9747126436781609 149
SpMax_A 0.9747126436781609 150
AATS7d 0.9747126436781609 151
GATS2Z 0.9747126436781609 152
BCUTse-1h 0.9747126436781609 153
AATS0se 0.9747126436781609 154
BCUTpe-1h 0.9747126436781609 155
ATSC2are 0.9747126436781609 156
BCUTare-1h 0.9747126436781609 157
AATS5are 0.9747126436781609 158
BCUTp-1l 0.9747126436781609 159
SpDiam_A 0.9747126436781609 160
SpAD_A 0.9747126436781609 161
ATSC5d 0.9747126436781609 162
MINdssC 0.9747126436781609 163
LogEE_A 0.9747126436781609 164
AATS0dv 0.9747126436781609 165
AATS7p 0.9747126436781609 166
MINsssCH 0.9747126436781609 167
AATSC5d 0.9747126436781609 168
MINssNH 0.9747126436781609 169
GATS2m 0.9747126436781609 170
AETA_alpha 0.9747126436781609 171
ETA_dAlpha_B 0.9747126436781609 172
ETA_epsilon_2 0.9747126436781609 173
MATS5d 0.9671857619577309 174
ETA_epsilon_5 0.9671857619577309 175
GATS1d 0.9671857619577309 176
ETA_psi_1 0.9671857619577309 177
ETA_dPsi_A 0.9671857619577309 178
AMID_O 0.9671857619577309 179
AATS8d 0.9671857619577309 180
JGI4 0.9671857619577309 181
ATSC5v 0.9671857619577309 182
AATSC7s 0.9579493087557603 183
SdssC 0.9579493087557603 184
JGI7 0.9579493087557603 185
MATS3s 0.9579493087557603 186
MAXaaN 0.9579493087557603 187
JGI1 0.9579493087557603 188
AATS3dv 0.9480286738351255 189
AETA_eta_B 0.9480286738351255 190
VE2_A 0.9373449131513647 191
nAtom 0.9373449131513647 192
ATS4s 0.9373449131513647 193
AATS1dv 0.9373449131513647 194
ATS3dv 0.9373449131513647 195
AATS2dv 0.9373449131513647 196
AATS4s 0.9373449131513647 197
AATS4dv 0.9373449131513647 198
AATS0pe 0.9373449131513647 199
AATS6pe 0.9373449131513647 200
nN 0.9373449131513647 201
AATS1se 0.9373449131513647 202
AATS7pe 0.9373449131513647 203
nHeavyAtom 0.9373449131513647 204
AATS0are 0.9373449131513647 205
AATS5p 0.9373449131513647 206
AATS8pe 0.9373449131513647 207
ATS0s 0.9373449131513647 208
ATSC1v 0.9373449131513647 209
AATS6are 0.9373449131513647 210
MDEN-13 0.9448717948717948 211
AATS3s 0.9448717948717948 212
AATS7are 0.9448717948717948 213
nHetero 0.9448717948717948 214
AATS8are 0.9448717948717948 215
ATS8s 0.9448717948717948 216
ATSC1Z 0.9448717948717948 217
AATSC4dv 0.9448717948717948 218
ATSC1m 0.9448717948717948 219
AATSC1v 0.9448717948717948 220
AATSC1se 0.9448717948717948 221
ATSC1pe 0.9448717948717948 222
AATSC4se 0.9448717948717948 223
AATSC5v 0.9448717948717948 224
AATSC1pe 0.9448717948717948 225
ATSC1s 0.9448717948717948 226
AATSC4pe 0.9448717948717948 227
AATS0Z 0.9448717948717948 228
AATS4Z 0.9448717948717948 229
AATS4m 0.9448717948717948 230
AATSC1are 0.9448717948717948 231
ATSC5p 0.9448717948717948 232
AATSC1p 0.9448717948717948 233
AATS2se 0.9448717948717948 234
AATSC0v 0.9448717948717948 235
AATSC4are 0.9448717948717948 236
AATS3se 0.9448717948717948 237
ATSC0s 0.9448717948717948 238
AATS4se 0.9448717948717948 239
MATS1m 0.9448717948717948 240
AATS1pe 0.9448717948717948 241
MATS4se 0.9448717948717948 242
VR3_A 0.9448717948717948 243
AATS4pe 0.9448717948717948 244
AATS4are 0.9448717948717948 245
ATSC1se 0.9448717948717948 246
AATS3pe 0.9448717948717948 247
MATS4pe 0.9448717948717948 248
nC 0.9448717948717948 249
ATSC1are 0.9448717948717948 250
AATS1are 0.9448717948717948 251
AATSC0Z 0.9448717948717948 252
MATS1pe 0.9448717948717948 253
MATS7pe 0.9448717948717948 254
AATSC0m 0.9448717948717948 255
MATS4are 0.9448717948717948 256
nH 0.9448717948717948 257
AATSC5se 0.9448717948717948 258
MATS7are 0.9448717948717948 259
MATS1p 0.9448717948717948 260
AATS3are 0.9448717948717948 261
GATS3dv 0.9448717948717948 262
MATS4dv 0.9448717948717948 263
GATS4dv 0.9448717948717948 264
AATS2i 0.9448717948717948 265
MATS4s 0.9448717948717948 266
GATS8dv 0.9448717948717948 267
MATS1v 0.9448717948717948 268
GATS1s 0.9448717948717948 269
MATS7se 0.9448717948717948 270
GATS3s 0.9448717948717948 271
GATS7Z 0.9448717948717948 272
ATSC3s 0.9448717948717948 273
GATS7m 0.9448717948717948 274
MATS1are 0.9448717948717948 275
GATS2v 0.9448717948717948 276
AATS5dv 0.9448717948717948 277
AATSC2p 0.9448717948717948 278
GATS5pe 0.9448717948717948 279
ATSC0se 0.9448717948717948 280
GATS5are 0.9448717948717948 281
AATS7dv 0.9448717948717948 282
GATS7i 0.9448717948717948 283
AXp-1d 0.9448717948717948 284
MATS1dv 0.9448717948717948 285
GATS5c 0.9448717948717948 286
Mse 0.9448717948717948 287
MATS5v 0.9448717948717948 288
Mpe 0.9448717948717948 289
GATS4Z 0.9448717948717948 290
Mare 0.9448717948717948 291
NsOH 0.9448717948717948 292
AATS6dv 0.9448717948717948 293
MATS2p 0.9448717948717948 294
SsOH 0.9448717948717948 295
AATS3Z 0.9448717948717948 296
MAXaaCH 0.9448717948717948 297
AATS2are 0.9448717948717948 298
MINssCH2 0.9448717948717948 299
ATS0dv 0.9448717948717948 300
ATS1dv 0.9448717948717948 301
ATS2dv 0.9448717948717948 302
ATS4dv 0.9448717948717948 303
AATS8dv 0.9448717948717948 304
ETA_epsilon_1 0.9448717948717948 305
ETA_epsilon_4 0.9448717948717948 306
MATS7s 0.9448717948717948 307
ETA_dEpsilon_A 0.9448717948717948 308
ETA_dEpsilon_C 0.9448717948717948 309
ATSC1i 0.9448717948717948 310
SMR_VSA1 0.9448717948717948 311
AATS5Z 0.9448717948717948 312
GATS8c 0.9448717948717948 313
EState_VSA10 0.9448717948717948 314
AATS6Z 0.9448717948717948 315
VSA_EState3 0.9448717948717948 316
AATS0m 0.9448717948717948 317
VSA_EState5 0.9448717948717948 318
AATS3m 0.9448717948717948 319
MID_O 0.9448717948717948 320
AATS2Z 0.9448717948717948 321
RotRatio 0.9448717948717948 322
AATS7Z 0.9448717948717948 323
AATSC3c 0.9448717948717948 324
JGI6 0.9448717948717948 325
BCUTi-1h 0.9448717948717948 326
ATS5dv 0.9333333333333333 327
ATS6dv 0.9333333333333333 328
GATS4m 0.9333333333333333 329
ATS7dv 0.9208333333333334 330
ATS0d 0.9208333333333334 331
AATS2p 0.9208333333333334 332
GATS1c 0.9208333333333334 333
GATS3c 0.9208333333333334 334
Mp 0.9208333333333334 335
MAXssNH 0.9208333333333334 336
MAXaaNH 0.9208333333333334 337
MINsCH3 0.9208333333333334 338
MINaaNH 0.9208333333333334 339
MINaaN 0.9208333333333334 340
GATS3Z 0.9208333333333334 341
AETA_beta_ns 0.9208333333333334 342
EState_VSA6 0.9208333333333334 343
GATS3m 0.9208333333333334 344
AATSC7Z 0.9133064516129032 345
AATSC7m 0.9133064516129032 346
MATS7Z 0.9133064516129032 347
AATS2m 0.9133064516129032 348
MATS7m 0.9133064516129032 349
AATS7m 0.9133064516129032 350
GATS5v 0.9133064516129032 351
ATS8dv 0.904047192353644 352
ATS1d 0.904047192353644 353
ATS2d 0.904047192353644 354
ATS3d 0.904047192353644 355
ATS4d 0.904047192353644 356
ATS5d 0.904047192353644 357
ATS6d 0.904047192353644 358
ATS7d 0.904047192353644 359
ATS8d 0.904047192353644 360
ATS1s 0.904047192353644 361
ATS2s 0.904047192353644 362
BCUTdv-1l 0.9115740740740741 363
ATS3s 0.9115740740740741 364
ATS5s 0.9115740740740741 365
ATS6s 0.9115740740740741 366
ATS7s 0.9115740740740741 367
ATS0Z 0.9115740740740741 368
ATS1Z 0.9115740740740741 369
ATS2Z 0.9115740740740741 370
ATS3Z 0.9115740740740741 371
ATS4Z 0.9115740740740741 372
ATS5Z 0.9115740740740741 373
ATS6Z 0.9115740740740741 374
ATS7Z 0.9115740740740741 375
ATS8Z 0.9115740740740741 376
ATS0m 0.9115740740740741 377
ATS1m 0.9115740740740741 378
ATS2m 0.9115740740740741 379
ATS3m 0.9115740740740741 380
ATS4m 0.9115740740740741 381
ATS5m 0.9115740740740741 382
ATS6m 0.9115740740740741 383
ATS7m 0.9115740740740741 384
ATS8m 0.9115740740740741 385
ATS0v 0.9115740740740741 386
ATS1v 0.9115740740740741 387
ATS2v 0.9115740740740741 388
ATS3v 0.9115740740740741 389
ATS4v 0.9115740740740741 390
ATS5v 0.9115740740740741 391
ATS6v 0.9115740740740741 392
ATS7v 0.9115740740740741 393
ATS8v 0.9115740740740741 394
ATS0se 0.9115740740740741 395
ATS1se 0.9115740740740741 396
ATS2se 0.9115740740740741 397
ATS3se 0.9115740740740741 398
ATS4se 0.9115740740740741 399
ATS5se 0.9115740740740741 400
ATS6se 0.9115740740740741 401
ATS7se 0.9115740740740741 402
ATS8se 0.9115740740740741 403
ATS0pe 0.9115740740740741 404
ATS1pe 0.9115740740740741 405
ATS2pe 0.9115740740740741 406
ATS3pe 0.9115740740740741 407
ATS4pe 0.9115740740740741 408
ATS5pe 0.9115740740740741 409
ATS6pe 0.9115740740740741 410
ATS7pe 0.9115740740740741 411
ATS8pe 0.9115740740740741 412
ATS0are 0.9115740740740741 413
ATS1are 0.9115740740740741 414
ATS2are 0.9115740740740741 415
ATS8p 0.9115740740740741 416
AATS1Z 0.9115740740740741 417
ATS5i 0.9115740740740741 418
AATS1m 0.9115740740740741 419
AATS3d 0.9115740740740741 420
AATS5m 0.9115740740740741 421
ATS3are 0.9115740740740741 422
AATS3v 0.9115740740740741 423
AATS8Z 0.9115740740740741 424
AATS5v 0.9115740740740741 425
ATS4are 0.9115740740740741 426
AATS8m 0.9115740740740741 427
AATS7v 0.9115740740740741 428
AATS6m 0.9115740740740741 429
AATS8v 0.9115740740740741 430
AATS2v 0.9115740740740741 431
AATS2pe 0.9115740740740741 432
ATS5are 0.9115740740740741 433
AATS4p 0.9115740740740741 434
ATS6are 0.9115740740740741 435
AATS8p 0.9115740740740741 436
ATS8are 0.9115740740740741 437
AATS0i 0.9115740740740741 438
AATS3i 0.9115740740740741 439
AATS4v 0.9115740740740741 440
AATS4i 0.9115740740740741 441
ATS7are 0.9115740740740741 442
AATS5i 0.9115740740740741 443
ATS0p 0.9115740740740741 444
AATS6i 0.9115740740740741 445
AATS7i 0.9115740740740741 446
AATS8i 0.9115740740740741 447
ATS1p 0.9115740740740741 448
AATS0v 0.9115740740740741 449
ATSC0c 0.9115740740740741 450
ATSC1c 0.9115740740740741 451
ATSC3dv 0.9115740740740741 452
ATSC5dv 0.9115740740740741 453
ATSC2d 0.9115740740740741 454
ATS2p 0.9115740740740741 455
ATSC7dv 0.9115740740740741 456
ATSC3d 0.9115740740740741 457
ATSC4d 0.9115740740740741 458
ATSC6d 0.9115740740740741 459
ATS3p 0.9115740740740741 460
ATSC3Z 0.9115740740740741 461
ATSC1d 0.9115740740740741 462
ATSC2Z 0.9115740740740741 463
ATSC4Z 0.9115740740740741 464
ATSC7c 0.9115740740740741 465
ATSC5Z 0.9115740740740741 466
ATSC6Z 0.9115740740740741 467
ATSC8Z 0.9115740740740741 468
ATSC6s 0.9115740740740741 469
ATSC3m 0.9115740740740741 470
ATSC2dv 0.9115740740740741 471
ATSC4m 0.9115740740740741 472
ATSC5c 0.9115740740740741 473
ATSC5m 0.9115740740740741 474
ATSC2m 0.9115740740740741 475
ATSC6m 0.9115740740740741 476
ATSC8m 0.9115740740740741 477
ATSC7Z 0.9115740740740741 478
ATSC3v 0.9115740740740741 479
ATS4p 0.9115740740740741 480
ATSC4v 0.9115740740740741 481
ATS5p 0.9115740740740741 482
ATSC6se 0.9115740740740741 483
ATSC6p 0.9115740740740741 484
ATSC1dv 0.9115740740740741 485
ATSC5i 0.9115740740740741 486
AATSC4c 0.9115740740740741 487
ATS6p 0.9115740740740741 488
ATSC0pe 0.9115740740740741 489
ATSC4p 0.9115740740740741 490
ATS7p 0.9115740740740741 491
ATSC8p 0.9115740740740741 492
AATSC5c 0.9115740740740741 493
AATSC7c 0.9115740740740741 494
ATSC7s 0.9115740740740741 495
AATSC3dv 0.9115740740740741 496
AATSC0d 0.9115740740740741 497
ATS0i 0.9115740740740741 498
ATSC0are 0.9115740740740741 499
ATSC4i 0.9115740740740741 500
ATS1i 0.9115740740740741 501
AATSC1d 0.9115740740740741 502
ATSC7i 0.9115740740740741 503
AATSC2d 0.9115740740740741 504
ATS8i 0.9115740740740741 505
AATSC3d 0.9115740740740741 506
AATSC2Z 0.9115740740740741 507
AATSC3Z 0.9115740740740741 508
ATS2i 0.9115740740740741 509
ATSC6i 0.9115740740740741 510
AATSC2m 0.9115740740740741 511
AATSC3m 0.9115740740740741 512
ATS3i 0.9115740740740741 513
AATSC8Z 0.9115740740740741 514
ATSC6pe 0.9115740740740741 515
AATSC8m 0.9115740740740741 516
ATSC6are 0.9115740740740741 517
AATSC3pe 0.9115740740740741 518
AATSC6se 0.9115740740740741 519
AATSC3v 0.9115740740740741 520
ATS4i 0.9115740740740741 521
AATSC3are 0.9115740740740741 522
AATSC6are 0.9115740740740741 523
AATSC0p 0.9115740740740741 524
ATS6i 0.9115740740740741 525
ATSC3p 0.9115740740740741 526
ATS7i 0.9115740740740741 527
AATSC5i 0.9115740740740741 528
ATSC2i 0.9115740740740741 529
AATSC8p 0.9115740740740741 530
MATS2dv 0.9115740740740741 531
ATSC8i 0.9115740740740741 532
MATS1d 0.9115740740740741 533
AATSC7se 0.9115740740740741 534
MATS2d 0.9115740740740741 535
AATSC6s 0.9115740740740741 536
AATSC5p 0.9115740740740741 537
MATS3dv 0.9115740740740741 538
MATS3d 0.9115740740740741 539
AATSC1dv 0.9115740740740741 540
MATS1s 0.9115740740740741 541
AATSC8i 0.9115740740740741 542
MATS6s 0.9115740740740741 543
MATS3Z 0.9115740740740741 544
AATSC6pe 0.9115740740740741 545
AATSC7i 0.9115740740740741 546
MATS3m 0.9115740740740741 547
ATSC3c 0.9115740740740741 548
MATS1se 0.9115740740740741 549
AATS1v 0.9115740740740741 550
MATS6se 0.9115740740740741 551
MATS2Z 0.9115740740740741 552
MATS3pe 0.9115740740740741 553
AATSC4s 0.9115740740740741 554
MATS6pe 0.9115740740740741 555
MATS8Z 0.9115740740740741 556
ATSC0v 0.9115740740740741 557
MATS8m 0.9115740740740741 558
MATS2m 0.9115740740740741 559
MATS3are 0.9115740740740741 560
AATSC7pe 0.9115740740740741 561
MATS6are 0.9115740740740741 562
MATS8p 0.9115740740740741 563
AATSC7are 0.9115740740740741 564
MATS5i 0.9115740740740741 565
MATS5c 0.9115740740740741 566
GATS7c 0.9115740740740741 567
GATS6dv 0.9115740740740741 568
AATS4d 0.9115740740740741 569
ATSC0dv 0.9115740740740741 570
GATS6c 0.9115740740740741 571
ATSC0d 0.9115740740740741 572
MATS8i 0.9115740740740741 573
GATS3d 0.9115740740740741 574
ATSC4se 0.9115740740740741 575
MATS7i 0.9115740740740741 576
GATS6s 0.9115740740740741 577
ATSC0m 0.9115740740740741 578
MATS7dv 0.9115740740740741 579
GATS1Z 0.9115740740740741 580
ATSC6c 0.9115740740740741 581
GATS6Z 0.9115740740740741 582
GATS1m 0.9115740740740741 583
ATSC7se 0.9115740740740741 584
GATS8Z 0.9115740740740741 585
GATS6m 0.9115740740740741 586
GATS3se 0.9115740740740741 587
GATS8m 0.9115740740740741 588
GATS6se 0.9115740740740741 589
ATSC4s 0.9115740740740741 590
GATS3pe 0.9115740740740741 591
MATS3v 0.9115740740740741 592
ATSC0Z 0.9115740740740741 593
GATS6pe 0.9115740740740741 594
ATSC4c 0.9115740740740741 595
GATS1se 0.9115740740740741 596
GATS7d 0.9115740740740741 597
GATS1pe 0.9115740740740741 598
GATS6are 0.9115740740740741 599
ATSC5s 0.9115740740740741 600
GATS3are 0.9115740740740741 601
BCUTdv-1h 0.9115740740740741 602
GATS7pe 0.9115740740740741 603
ATSC4pe 0.9115740740740741 604
BCUTs-1h 0.9115740740740741 605
GATS1v 0.9115740740740741 606
SM1_DzZ 0.9115740740740741 607
MATS5p 0.9115740740740741 608
BCUTc-1h 0.9115740740740741 609
SM1_Dzm 0.9115740740740741 610
GATS7se 0.9115740740740741 611
ATSC7pe 0.9115740740740741 612
SM1_Dzse 0.9115740740740741 613
GATS7are 0.9115740740740741 614
ATSC4are 0.9115740740740741 615
GATS5p 0.9115740740740741 616
ATSC7are 0.9115740740740741 617
SM1_Dzpe 0.9115740740740741 618
GATS5i 0.9115740740740741 619
GATS1are 0.9115740740740741 620
SM1_Dzp 0.9115740740740741 621
SM1_Dzare 0.9115740740740741 622
AATSC7dv 0.9115740740740741 623
VE2_DzZ 0.9115740740740741 624
nBondsD 0.9115740740740741 625
AATSC4d 0.9115740740740741 626
ATSC0p 0.9115740740740741 627
Xc-3d 0.9115740740740741 628
RNCG 0.9115740740740741 629
AXp-2d 0.9115740740740741 630
VE2_Dzm 0.9115740740740741 631
AATSC6d 0.9115740740740741 632
VE3_DzZ 0.9115740740740741 633
RPCG 0.9115740740740741 634
AATSC6p 0.9115740740740741 635
ATSC0i 0.9115740740740741 636
AXp-3d 0.9115740740740741 637
GATS4d 0.9115740740740741 638
GATS8p 0.9115740740740741 639
SM1_Dzv 0.9115740740740741 640
AXp-5d 0.9115740740740741 641
Xch-5d 0.9115740740740741 642
AXp-6d 0.9115740740740741 643
AXp-7d 0.9115740740740741 644
AXp-0dv 0.9115740740740741 645
nBondsM 0.9115740740740741 646
AXp-1dv 0.9115740740740741 647
ATSC5se 0.9115740740740741 648
VE2_Dzv 0.9115740740740741 649
AXp-4d 0.9115740740740741 650
AXp-4dv 0.9115740740740741 651
ATSC2p 0.9115740740740741 652
GATS1i 0.9115740740740741 653
AXp-5dv 0.9115740740740741 654
GATS1p 0.9115740740740741 655
Xch-6d 0.9115740740740741 656
AXp-7dv 0.9115740740740741 657
SpAbs_DzZ 0.9115740740740741 658
MATS4d 0.9115740740740741 659
VE1_DzZ 0.9115740740740741 660
AXp-3dv 0.9115740740740741 661
SpMax_DzZ 0.9115740740740741 662
MZ 0.9115740740740741 663
MATS6d 0.9115740740740741 664
SpDiam_DzZ 0.9115740740740741 665
Mm 0.9115740740740741 666
SpAD_DzZ 0.9115740740740741 667
GATS7dv 0.9115740740740741 668
LogEE_DzZ 0.9115740740740741 669
Mi 0.9115740740740741 670
NaaCH 0.9115740740740741 671
NdssC 0.9115740740740741 672
NaasC 0.9115740740740741 673
NdO 0.9115740740740741 674
SssCH2 0.9115740740740741 675
VR2_DzZ 0.9115740740740741 676
MATS6p 0.9115740740740741 677
VR1_DzZ 0.9115740740740741 678
SsssCH 0.9115740740740741 679
Mv 0.9115740740740741 680
MAXdssC 0.9115740740740741 681
VR3_DzZ 0.9115740740740741 682
MAXsCH3 0.9115740740740741 683
VE3_Dzm 0.9115740740740741 684
MAXdO 0.9115740740740741 685
SdO 0.9115740740740741 686
GATS8i 0.9115740740740741 687
VE2_Dzse 0.9115740740740741 688
MINdO 0.9115740740740741 689
SaaCH 0.9115740740740741 690
MAXsNH2 0.9115740740740741 691
AETA_eta_L 0.9115740740740741 692
VR2_Dzm 0.9115740740740741 693
MAXsssCH 0.9115740740740741 694
VR3_Dzm 0.9115740740740741 695
ETA_eta_B 0.9115740740740741 696
VE3_Dzv 0.9115740740740741 697
ETA_eta_BR 0.9115740740740741 698
MINaaCH 0.9115740740740741 699
ETA_dEpsilon_D 0.9115740740740741 700
AETA_eta_F 0.9115740740740741 701
MINsOH 0.9115740740740741 702
MAXdNH 0.9115740740740741 703
IC0 0.9115740740740741 704
VE1_Dzm 0.9115740740740741 705
MATS4i 0.9115740740740741 706
SpAbs_Dzm 0.9115740740740741 707
SIC0 0.9115740740740741 708
ETA_shape_y 0.9115740740740741 709
SpMax_Dzm 0.9115740740740741 710
BIC0 0.9115740740740741 711
AETA_eta_RL 0.9115740740740741 712
VR1_Dzm 0.9115740740740741 713
AETA_eta_BR 0.9115740740740741 714
VE1_Dzv 0.9115740740740741 715
MIC0 0.9115740740740741 716
SpDiam_Dzm 0.9115740740740741 717
GATS7s 0.9115740740740741 718
SpAD_Dzm 0.9115740740740741 719
PEOE_VSA2 0.9115740740740741 720
IC2 0.9115740740740741 721
PEOE_VSA6 0.9115740740740741 722
SMR_VSA7 0.9115740740740741 723
EState_VSA5 0.9115740740740741 724
PEOE_VSA8 0.9115740740740741 725
EState_VSA7 0.9115740740740741 726
BCUTZ-1h 0.9115740740740741 727
ATSC8v 0.9115740740740741 728
nHBAcc 0.9115740740740741 729
EState_VSA1 0.9115740740740741 730
C2SP2 0.9115740740740741 731
VSA_EState6 0.9115740740740741 732
EState_VSA3 0.9115740740740741 733
VR3_Dzv 0.9115740740740741 734
AMID_h 0.9115740740740741 735
LogEE_Dzm 0.9115740740740741 736
AATSC4p 0.9115740740740741 737
VR2_Dzv 0.9115740740740741 738
AMID_C 0.9115740740740741 739
SpAbs_Dzv 0.9115740740740741 740
piPC8 0.9115740740740741 741
piPC9 0.9115740740740741 742
SlogP_VSA6 0.9115740740740741 743
SLogP 0.9115740740740741 744
MINdNH 0.9115740740740741 745
AMW 0.9115740740740741 746
VE1_Dzse 0.9115740740740741 747
piPC7 0.9115740740740741 748
piPC10 0.9115740740740741 749
TpiPC10 0.9115740740740741 750
naRing 0.9115740740740741 751
ATSC6v 0.904047192353644 752
MINsssN 0.9115740740740741 753
ATSC7v 0.904047192353644 754
ATSC6dv 0.904047192353644 755
ATSC7p 0.904047192353644 756
ATSC7m 0.904047192353644 757
AATSC5dv 0.904047192353644 758
ATSC5pe 0.904047192353644 759
AATSC4Z 0.904047192353644 760
ATSC5are 0.904047192353644 761
AATSC5Z 0.904047192353644 762
ATSC3i 0.904047192353644 763
AATSC6Z 0.904047192353644 764
AATSC4m 0.904047192353644 765
ATSC2v 0.904047192353644 766
AATSC5m 0.904047192353644 767
AATSC6m 0.904047192353644 768
AATSC4v 0.904047192353644 769
AATSC6dv 0.904047192353644 770
AATSC2v 0.904047192353644 771
AATSC6v 0.904047192353644 772
AATSC7v 0.904047192353644 773
AATSC8v 0.904047192353644 774
AATSC5pe 0.904047192353644 775
AATSC5are 0.904047192353644 776
AATSC3p 0.904047192353644 777
AATSC7p 0.904047192353644 778
AATSC3i 0.904047192353644 779
AATSC4i 0.904047192353644 780
AATSC6i 0.904047192353644 781
MATS5dv 0.904047192353644 782
MATS6dv 0.904047192353644 783
MATS5s 0.904047192353644 784
MATS4Z 0.904047192353644 785
MATS5Z 0.904047192353644 786
MATS6Z 0.904047192353644 787
MATS4m 0.904047192353644 788
MATS5m 0.904047192353644 789
MATS6m 0.904047192353644 790
MATS2v 0.904047192353644 791
MATS4v 0.904047192353644 792
MATS6v 0.904047192353644 793
MATS7v 0.904047192353644 794
MATS8v 0.904047192353644 795
MATS5se 0.904047192353644 796
MATS5pe 0.904047192353644 797
MATS5are 0.904047192353644 798
MATS3p 0.904047192353644 799
MATS4p 0.904047192353644 800
MATS7p 0.904047192353644 801
MATS3i 0.904047192353644 802
MATS6i 0.904047192353644 803
GATS5dv 0.904047192353644 804
GATS2d 0.904047192353644 805
GATS5d 0.904047192353644 806
GATS6d 0.904047192353644 807
GATS5Z 0.904047192353644 808
GATS5m 0.904047192353644 809
GATS3v 0.904047192353644 810
GATS4v 0.904047192353644 811
GATS6v 0.904047192353644 812
GATS7v 0.904047192353644 813
GATS8v 0.904047192353644 814
GATS3p 0.904047192353644 815
GATS4p 0.904047192353644 816
GATS6p 0.904047192353644 817
GATS7p 0.904047192353644 818
GATS3i 0.904047192353644 819
GATS4i 0.904047192353644 820
GATS6i 0.904047192353644 821
BCUTc-1l 0.904047192353644 822
BCUTd-1h 0.904047192353644 823
BCUTs-1l 0.904047192353644 824
BCUTZ-1l 0.904047192353644 825
BCUTm-1h 0.904047192353644 826
BCUTm-1l 0.904047192353644 827
BCUTv-1h 0.904047192353644 828
SpMAD_DzZ 0.904047192353644 829
SpMAD_Dzm 0.904047192353644 830
SpMAD_Dzv 0.904047192353644 831
Xc-5d 0.904047192353644 832
Xc-3dv 0.904047192353644 833
Xc-5dv 0.904047192353644 834
SpMAD_Dzse 0.904047192353644 835
MAXssCH2 0.904047192353644 836
SpMax_Dzv 0.904047192353644 837
JGI3 0.904047192353644 838
VE3_Dzse 0.904047192353644 839
MAXaasC 0.904047192353644 840
JGI5 0.904047192353644 841
VE2_Dzpe 0.904047192353644 842
JGI9 0.904047192353644 843
SpMAD_Dzp 0.904047192353644 844
JGT10 0.904047192353644 845
Xp-3dv 0.904047192353644 846
Diameter 0.904047192353644 847
Radius 0.904047192353644 848
AXp-6dv 0.904047192353644 849
TopoShapeIndex 0.904047192353644 850
VR1_Dzv 0.904047192353644 851
PetitjeanIndex 0.904047192353644 852
VR1_Dzse 0.904047192353644 853
SIC5 0.904047192353644 854
BCUTse-1l 0.8954265026984716 855
BCUTpe-1l 0.8954265026984716 856
BCUTare-1l 0.8954265026984716 857
BCUTp-1h 0.8954265026984716 858
BCUTi-1l 0.8954265026984716 859
SpDiam_Dzv 0.8954265026984716 860
SpAD_Dzv 0.8954265026984716 861
LogEE_Dzv 0.8954265026984716 862
SpAbs_Dzse 0.8954265026984716 863
SpMax_Dzse 0.8954265026984716 864
SpDiam_Dzse 0.8954265026984716 865
SpAD_Dzse 0.8954265026984716 866
LogEE_Dzse 0.8954265026984716 867
VR2_Dzse 0.8954265026984716 868
VR3_Dzse 0.8954265026984716 869
SpAbs_Dzpe 0.8954265026984716 870
SpMax_Dzpe 0.8954265026984716 871
SpDiam_Dzpe 0.8954265026984716 872
SpAD_Dzpe 0.8954265026984716 873
SpMAD_Dzpe 0.8954265026984716 874
LogEE_Dzpe 0.8954265026984716 875
VE1_Dzpe 0.8954265026984716 876
VE3_Dzpe 0.8954265026984716 877
VR1_Dzpe 0.8954265026984716 878
VR2_Dzpe 0.8954265026984716 879
VR3_Dzpe 0.8954265026984716 880
SpAbs_Dzare 0.8954265026984716 881
SpMax_Dzare 0.8954265026984716 882
SpDiam_Dzare 0.8954265026984716 883
SpAD_Dzare 0.8954265026984716 884
SpMAD_Dzare 0.8954265026984716 885
LogEE_Dzare 0.8954265026984716 886
VE1_Dzare 0.8954265026984716 887
VE2_Dzare 0.8954265026984716 888
VE3_Dzare 0.8954265026984716 889
VR1_Dzare 0.8954265026984716 890
VR2_Dzare 0.8954265026984716 891
VR3_Dzare 0.8954265026984716 892
SpAbs_Dzp 0.8954265026984716 893
SpMax_Dzp 0.8954265026984716 894
SpDiam_Dzp 0.8954265026984716 895
SpAD_Dzp 0.8954265026984716 896
LogEE_Dzp 0.8954265026984716 897
VE1_Dzp 0.8954265026984716 898
VE2_Dzp 0.8954265026984716 899
VE3_Dzp 0.8954265026984716 900
VR1_Dzp 0.8954265026984716 901
VR2_Dzp 0.8954265026984716 902
VR3_Dzp 0.8954265026984716 903
SpAbs_Dzi 0.8954265026984716 904
SpMax_Dzi 0.8954265026984716 905
SpDiam_Dzi 0.8954265026984716 906
SpAD_Dzi 0.8954265026984716 907
SpMAD_Dzi 0.8954265026984716 908
LogEE_Dzi 0.8954265026984716 909
SM1_Dzi 0.8954265026984716 910
VE1_Dzi 0.8954265026984716 911
VE2_Dzi 0.8954265026984716 912
VE3_Dzi 0.8954265026984716 913
VR1_Dzi 0.8954265026984716 914
VR2_Dzi 0.8954265026984716 915
VR3_Dzi 0.8954265026984716 916
BertzCT 0.8954265026984716 917
nBonds 0.8954265026984716 918
nBondsO 0.8954265026984716 919
nBondsS 0.8954265026984716 920
nBondsKS 0.8954265026984716 921
nBondsKD 0.8954265026984716 922
C1SP2 0.8954265026984716 923
C1SP3 0.8954265026984716 924
C2SP3 0.8954265026984716 925
HybRatio 0.8954265026984716 926
FCSP3 0.8954265026984716 927
Xch-7d 0.8954265026984716 928
Xch-5dv 0.8954265026984716 929
Xch-6dv 0.8954265026984716 930
Xch-7dv 0.8954265026984716 931
Xpc-4d 0.8954265026984716 932
Xpc-5d 0.8954265026984716 933
Xpc-6d 0.8954265026984716 934
Xpc-4dv 0.8954265026984716 935
Xpc-5dv 0.8954265026984716 936
Xpc-6dv 0.8954265026984716 937
Xp-0d 0.8954265026984716 938
Xp-1d 0.8954265026984716 939
Xp-2d 0.8954265026984716 940
Xp-3d 0.8954265026984716 941
Xp-4d 0.8954265026984716 942
Xp-5d 0.8954265026984716 943
Xp-6d 0.8954265026984716 944
Xp-7d 0.8954265026984716 945
Xp-0dv 0.8954265026984716 946
Xp-1dv 0.8954265026984716 947
Xp-2dv 0.8954265026984716 948
Xp-4dv 0.8954265026984716 949
Xp-5dv 0.8954265026984716 950
Xp-6dv 0.8954265026984716 951
Xp-7dv 0.8954265026984716 952
AXp-2dv 0.8954265026984716 953
SZ 0.8954265026984716 954
Sm 0.8954265026984716 955
Sv 0.8954265026984716 956
Sse 0.8954265026984716 957
Spe 0.8954265026984716 958
Sare 0.8954265026984716 959
Sp 0.8954265026984716 960
Si 0.8954265026984716 961
SpAbs_Dt 0.8954265026984716 962
SpMax_Dt 0.8954265026984716 963
SpDiam_Dt 0.8954265026984716 964
SpAD_Dt 0.8954265026984716 965
SpMAD_Dt 0.8954265026984716 966
LogEE_Dt 0.8954265026984716 967
VE1_Dt 0.8954265026984716 968
VE2_Dt 0.8954265026984716 969
VE3_Dt 0.8954265026984716 970
VR1_Dt 0.8954265026984716 971
VR2_Dt 0.8954265026984716 972
VR3_Dt 0.8954265026984716 973
DetourIndex 0.8954265026984716 974
SpAbs_D 0.8954265026984716 975
SpMax_D 0.8954265026984716 976
SpDiam_D 0.8954265026984716 977
SpAD_D 0.8954265026984716 978
SpMAD_D 0.8954265026984716 979
LogEE_D 0.8954265026984716 980
VE1_D 0.8954265026984716 981
VE2_D 0.8954265026984716 982
VE3_D 0.8954265026984716 983
VR1_D 0.8954265026984716 984
VR2_D 0.8954265026984716 985
VR3_D 0.8954265026984716 986
NsCH3 0.8954265026984716 987
NssCH2 0.8954265026984716 988
NsssCH 0.8954265026984716 989
NssNH 0.8954265026984716 990
SsCH3 0.8954265026984716 991
SsNH2 0.8954265026984716 992
SdNH 0.8954265026984716 993
SssNH 0.8954265026984716 994
SsssN 0.8954265026984716 995
SsSH 0.8954265026984716 996
MAXsssN 0.8954265026984716 997
MAXsSH 0.8954265026984716 998
MINaasC 0.8954265026984716 999
MINsNH2 0.8954265026984716 1000
MINsSH 0.8954265026984716 1001
ECIndex 0.8954265026984716 1002
ETA_alpha 0.8954265026984716 1003
ETA_beta 0.8954265026984716 1004
ETA_beta_s 0.8954265026984716 1005
ETA_beta_ns 0.8954265026984716 1006
AETA_beta_ns_d 0.8954265026984716 1007
ETA_eta 0.8954265026984716 1008
AETA_eta 0.8954265026984716 1009
ETA_eta_L 0.8954265026984716 1010
ETA_eta_R 0.8954265026984716 1011
AETA_eta_R 0.8954265026984716 1012
ETA_eta_RL 0.8954265026984716 1013
ETA_eta_F 0.8954265026984716 1014
ETA_eta_FL 0.8954265026984716 1015
ETA_dEpsilon_B 0.8954265026984716 1016
ETA_dBeta 0.8954265026984716 1017
AETA_dBeta 0.8954265026984716 1018
fragCpx 0.8954265026984716 1019
nHBDon 0.8954265026984716 1020
IC3 0.8954265026984716 1021
IC4 0.8954265026984716 1022
IC5 0.8954265026984716 1023
TIC0 0.8954265026984716 1024
TIC1 0.8954265026984716 1025
TIC2 0.8954265026984716 1026
TIC3 0.8954265026984716 1027
TIC4 0.8954265026984716 1028
TIC5 0.8954265026984716 1029
SIC1 0.8954265026984716 1030
SIC2 0.8954265026984716 1031
SIC3 0.8954265026984716 1032
SIC4 0.8954265026984716 1033
BIC1 0.8954265026984716 1034
BIC2 0.8954265026984716 1035
BIC3 0.8954265026984716 1036
BIC4 0.8954265026984716 1037
BIC5 0.8954265026984716 1038
CIC0 0.8954265026984716 1039
CIC1 0.8954265026984716 1040
CIC2 0.8954265026984716 1041
CIC3 0.8954265026984716 1042
CIC4 0.8954265026984716 1043
CIC5 0.8954265026984716 1044
MIC2 0.8954265026984716 1045
MIC3 0.8954265026984716 1046
MIC4 0.8954265026984716 1047
MIC5 0.8954265026984716 1048
ZMIC0 0.8954265026984716 1049
ZMIC1 0.8954265026984716 1050
ZMIC2 0.8954265026984716 1051
ZMIC3 0.8954265026984716 1052
ZMIC4 0.8954265026984716 1053
ZMIC5 0.8954265026984716 1054
Kier1 0.8954265026984716 1055
Kier2 0.8954265026984716 1056
Kier3 0.8954265026984716 1057
VMcGowan 0.8954265026984716 1058
LabuteASA 0.8954265026984716 1059
PEOE_VSA1 0.8954265026984716 1060
PEOE_VSA7 0.8954265026984716 1061
PEOE_VSA9 0.8954265026984716 1062
PEOE_VSA10 0.8954265026984716 1063
PEOE_VSA12 0.8954265026984716 1064
SMR_VSA3 0.8954265026984716 1065
SMR_VSA4 0.8954265026984716 1066
SMR_VSA5 0.8954265026984716 1067
SMR_VSA6 0.8954265026984716 1068
SlogP_VSA1 0.8954265026984716 1069
SlogP_VSA2 0.8954265026984716 1070
SlogP_VSA3 0.8954265026984716 1071
SlogP_VSA4 0.8954265026984716 1072
SlogP_VSA5 0.8954265026984716 1073
EState_VSA2 0.8954265026984716 1074
EState_VSA4 0.8954265026984716 1075
EState_VSA8 0.8954265026984716 1076
EState_VSA9 0.8954265026984716 1077
VSA_EState2 0.8954265026984716 1078
VSA_EState4 0.8954265026984716 1079
VSA_EState8 0.8954265026984716 1080
MDEC-11 0.8954265026984716 1081
MDEN-11 0.8954265026984716 1082
MDEN-23 0.8954265026984716 1083
MDEN-33 0.8954265026984716 1084
MID 0.8954265026984716 1085
MID_h 0.8954265026984716 1086
MID_C 0.8954265026984716 1087
MID_N 0.8954265026984716 1088
MPC2 0.8954265026984716 1089
MPC3 0.8954265026984716 1090
MPC4 0.8954265026984716 1091
MPC5 0.8954265026984716 1092
MPC6 0.8954265026984716 1093
MPC7 0.8954265026984716 1094
MPC8 0.8954265026984716 1095
MPC9 0.8954265026984716 1096
MPC10 0.8954265026984716 1097
TMPC10 0.8954265026984716 1098
piPC1 0.8954265026984716 1099
piPC2 0.8954265026984716 1100
piPC3 0.8954265026984716 1101
piPC4 0.8954265026984716 1102
piPC5 0.8954265026984716 1103
piPC6 0.8954265026984716 1104
apol 0.8954265026984716 1105
bpol 0.8954265026984716 1106
nRing 0.8954265026984716 1107
n5Ring 0.8954265026984716 1108
nHRing 0.8954265026984716 1109
n5HRing 0.8954265026984716 1110
nRot 0.8954265026984716 1111
SMR 0.8954265026984716 1112
TopoPSA(NO) 0.8954265026984716 1113
TopoPSA 0.8954265026984716 1114
GGI1 0.8954265026984716 1115
GGI2 0.8954265026984716 1116
GGI3 0.8954265026984716 1117
GGI4 0.8954265026984716 1118
GGI5 0.8954265026984716 1119
GGI6 0.8954265026984716 1120
GGI7 0.8954265026984716 1121
GGI8 0.8954265026984716 1122
GGI9 0.8954265026984716 1123
GGI10 0.8954265026984716 1124
JGI2 0.8954265026984716 1125
Vabc 0.8954265026984716 1126
VAdjMat 0.8954265026984716 1127
MWC01 0.8954265026984716 1128
MWC02 0.8954265026984716 1129
MWC03 0.8954265026984716 1130
MWC04 0.8954265026984716 1131
MWC05 0.8954265026984716 1132
MWC06 0.8954265026984716 1133
MWC07 0.8954265026984716 1134
MWC08 0.8954265026984716 1135
MWC09 0.8954265026984716 1136
MWC10 0.8954265026984716 1137
TMWC10 0.8954265026984716 1138
SRW02 0.8954265026984716 1139
SRW04 0.8954265026984716 1140
SRW06 0.8954265026984716 1141
SRW08 0.8954265026984716 1142
WPath 0.903578676611515 1143
SRW10 0.903578676611515 1144
TSRW10 0.903578676611515 1145
MW 0.903578676611515 1146
WPol 0.903578676611515 1147
Zagreb1 0.903578676611515 1148
Zagreb2 0.903578676611515 1149
mZagreb1 0.903578676611515 1150
mZagreb2 0.903578676611515 1151
225.202451389
Time CPU for forward feature selection: 0:03:45.202451
Time for forward feature selection: 0:18:02.072485
