BCUTs-1l 0.6766272836225397 1
BCUTse-1h 0.7494461000828947 2
SIC2 0.7677149890531791 3
MAXssS 0.7825080627173842 4
BCUTc-1l 0.803566905557793 5
MAXsssCH 0.8124075440787955 6
SIC0 0.817134164473632 7
GATS3m 0.8227257347906615 8
MAXaasC 0.8308253197135821 9
MATS3v 0.8338182157089812 10
BIC0 0.8382396767534799 11
MATS7se 0.8396206584465873 12
AATSC2se 0.8411321706628516 13
SIC4 0.8439352929074214 14
MAXaaN 0.8451350131632832 15
ATSC8p 0.8468446453397771 16
GATS4v 0.8478299554161856 17
RNCG 0.8488237003290927 18
AATSC2p 0.8496286640692864 19
MINdNH 0.8511339717287149 20
AATSC2v 0.8521533141760746 21
VR3_A 0.8531122992415218 22
MATS5v 0.8549006478514679 23
AATSC0p 0.8553543325562116 24
MATS6d 0.8562063398107228 25
CIC5 0.8563883625032751 26
ATSC3are 0.8570003305077338 27
MATS5p 0.8568447012508509 28
GATS7i 0.8570379822010207 29
ATSC7v 0.8572208444255183 30
AATSC5p 0.8566801880022986 31
AATSC3i 0.8566778482894711 32
AATSC4s 0.8569761325722621 33
MATS3i 0.8564397338902888 34
AATSC0Z 0.8563180821080218 35
GATS3i 0.8561356630167962 36
GATS5p 0.8561420813878967 37
AETA_alpha 0.8563760237545582 38
AXp-5dv 0.8566829517423249 39
AXp-2d 0.8569303752683082 40
ETA_epsilon_5 0.8564759956431189 41
SMR_VSA6 0.8576730378363462 42
ATSC3p 0.858752418307074 43
AATSC2m 0.8598665028262299 44
MATS1i 0.860530380205699 45
MATS1dv 0.8612247731606553 46
MATS8c 0.8610240893126997 47
AMID_h 0.8617019829593427 48
GATS6d 0.8618557792899572 49
MAXsSH 0.8612414286265623 50
GATS2se 0.8619030751150558 51
AMID_C 0.8619957280380282 52
AATSC7s 0.8617222994628855 53
AATSC4dv 0.8617828363779756 54
GATS6p 0.8613530789807586 55
ETA_dAlpha_B 0.862780316279153 56
MATS5dv 0.8618540440603818 57
AATSC1are 0.8621621294232075 58
AATSC1d 0.861425733435472 59
AATSC4are 0.8610270910562029 60
AATSC0m 0.8610040800575258 61
AATSC4pe 0.8609156954129541 62
GATS6v 0.8602637965286593 63
AATS2i 0.8601386937210898 64
MDEN-23 0.8615005988685961 65
RPCG 0.8618599671501607 66
JGI8 0.8620802808820278 67
MAXsNH2 0.861812178893021 68
AATSC5dv 0.8622574489974476 69
AATSC8c 0.8619629618094731 70
MATS4dv 0.8610561485104673 71
ZMIC4 0.860992663296604 72
MATS4s 0.8612822043509397 73
ATSC3se 0.8608976853345797 74
AATS8i 0.8609877876335431 75
MINsOH 0.8610255178945619 76
AATSC6Z 0.8606857411070743 77
AATSC5pe 0.8598264541012064 78
ATSC7m 0.8601482019442898 79
GATS3v 0.8609871293328364 80
VE2_A 0.8609857732718135 81
ATSC5p 0.8611704377361995 82
VE2_DzZ 0.8608984987197863 83
AATS8p 0.8604013820089849 84
ATSC2m 0.85999511864294 85
MATS2p 0.8594265019919554 86
MATS4se 0.8597622714725284 87
MINdO 0.859944469880844 88
CIC1 0.8597952770566044 89
AATS4i 0.8603048342147798 90
ATSC4Z 0.8592527491041589 91
MATS4d 0.8591580541556622 92
AATSC4se 0.8589521212580153 93
JGI3 0.8586036624463442 94
VSA_EState4 0.8583945312293106 95
AXp-6dv 0.8586978965158427 96
AETA_eta 0.858002936175753 97
AATSC1se 0.857304000709997 98
BIC5 0.8570139730984578 99
EState_VSA2 0.8571912901235167 100
CIC2 0.8567395079067215 101
ATSC8v 0.8568613189030162 102
ATSC4p 0.8564130577977719 103
ETA_shape_y 0.856349378518236 104
VSA_EState8 0.8565600580282505 105
AATSC2s 0.8572420262015664 106
AATSC1dv 0.8574495647202319 107
GATS6i 0.856841707051984 108
GATS8p 0.8577070842627722 109
MATS1se 0.8583952903659525 110
AATSC1Z 0.8590150046921283 111
MATS2m 0.8592032013498602 112
CIC0 0.8589630455083691 113
MATS3p 0.8585302907142445 114
MINsNH2 0.8594994624491676 115
AATSC6s 0.8593011102383339 116
GATS4p 0.859275651796362 117
MINssS 0.8602769263192247 118
ATSC6i 0.8610988560149719 119
BIC4 0.8618222786224948 120
ATSC6Z 0.8621493630951027 121
VE2_Dzm 0.8618184565399895 122
AATS1p 0.8616842600395704 123
PEOE_VSA6 0.8626511941821602 124
MATS5are 0.8628555462635331 125
MATS1d 0.8631926426221133 126
JGI9 0.8625967728644406 127
GATS1dv 0.8620848546268106 128
GATS1d 0.8614966934697916 129
AATSC1m 0.8619734030384218 130
AATSC1pe 0.8627686027924818 131
AXp-3dv 0.8624315190984355 132
GATS5v 0.8622514060347022 133
VE3_A 0.8623662532300592 134
ATSC2Z 0.8619704105323546 135
MINaaaC 0.8614932844676604 136
AATSC0v 0.8612634384348269 137
MATS8m 0.8614913424824729 138
ATSC6s 0.8616734756347769 139
GATS3p 0.8610542456402952 140
AATSC2dv 0.8603609200725654 141
ATSC5v 0.860071646244724 142
MATS5c 0.8597681751695284 143
CIC3 0.8600010987302502 144
ATSC6dv 0.8598318460451414 145
AATS5i 0.8593293957808213 146
MATS2pe 0.8586655279911932 147
MATS2v 0.8585997598378183 148
MATS4pe 0.858693460680259 149
CIC4 0.8587997376584444 150
AATSC3d 0.8581748339858528 151
SsCH3 0.8579829866103724 152
AATS5s 0.8584623362849333 153
GATS4dv 0.8583538005915206 154
VE2_Dzv 0.8579620336880791 155
ATSC6m 0.8579701385451477 156
AATSC6se 0.8570094780848172 157
AATSC5v 0.8572900767065252 158
AATSC2Z 0.857370879483098 159
AATSC5Z 0.8579168094777396 160
ATSC6p 0.8588092037470341 161
SlogP_VSA1 0.8588224982828221 162
MAXsCH3 0.8589389702699893 163
AATSC4d 0.859809104856651 164
JGI10 0.859715372540597 165
AATSC5c 0.8591881513020864 166
MINsssN 0.8590438131387523 167
BIC3 0.8598109042364578 168
GATS4d 0.86051503905594 169
VE2_Dzse 0.8595492109694928 170
AXp-4dv 0.8593040030956425 171
BIC1 0.8589637683195323 172
AATS7p 0.8590924021123958 173
MATS4are 0.8589180183917313 174
VE2_Dt 0.8587122352843557 175
AATSC6are 0.8580513060352755 176
MATS7i 0.8577569416493992 177
AATSC5are 0.8575093477520485 178
MAXssNH 0.8566139085888205 179
GATS5m 0.8564070359655246 180
MATS1pe 0.8557411845213805 181
AATS6i 0.8556493695936646 182
SIC1 0.8554911513621173 183
SsNH2 0.855651576101012 184
ATSC8d 0.856184835277725 185
ATSC6d 0.8555859219862513 186
EState_VSA8 0.8554874688221645 187
GATS7v 0.8553935075090355 188
AATSC1i 0.8547984248322043 189
VE2_Dzpe 0.8544962209923193 190
SIC5 0.8546707559609432 191
MAXssCH2 0.8543103693411238 192
AATSC8Z 0.8551318157289451 193
VE2_Dzare 0.8548669846624005 194
JGI4 0.8546606747873167 195
MATS1c 0.8548775690863102 196
AATSC6m 0.8551060944807215 197
MATS5i 0.8540338135745762 198
MINdssC 0.8541260623800839 199
GATS4m 0.8543680085089098 200
GATS3Z 0.8547922794292563 201
AATSC5i 0.8549339034839579 202
GATS1i 0.8546008309615049 203
VE2_Dzp 0.8543165222212493 204
FilterItLogS 0.8540366684151325 205
VE2_Dzi 0.8534681139719101 206
MATS1are 0.8530451197279707 207
ATSC3pe 0.8533067114229522 208
AATSC7p 0.8532739539605674 209
AATS7i 0.8526895717226397 210
SaasC 0.8523850212282049 211
GATS3d 0.8522664059289269 212
VE2_D 0.85172333872792 213
ATSC4m 0.8510099623343415 214
MATS8se 0.8512283629386728 215
MATS2Z 0.8503412395660521 216
BIC2 0.8507117632971687 217
ATSC2dv 0.8514763790081905 218
GATS4s 0.8514560619044719 219
MATS2se 0.8512146393319838 220
MDEN-11 0.8506732920333314 221
GATS2p 0.8519972227025789 222
AATSC1s 0.8522408281333849 223
AATSC7se 0.8519473513976618 224
AATSC8s 0.8514992010529712 225
ATSC6are 0.8515430363596543 226
GATS7are 0.8516489619767572 227
ATSC6se 0.8518606837865818 228
RotRatio 0.8518510131095176 229
AATSC4m 0.8522029700192221 230
MATS4i 0.8520414482632951 231
MATS6Z 0.8520402546797308 232
ATSC2c 0.8515867330516831 233
VE1_A 0.8517025338236599 234
GATS5Z 0.8509061936549611 235
AATS0p 0.8504045190248375 236
MINaaN 0.8503448803138839 237
ATSC6pe 0.8501835895962027 238
AATSC8d 0.8503583038593547 239
ETA_psi_1 0.8497210971929239 240
ZMIC5 0.84992519365144 241
MINaaNH 0.8496350896399725 242
GATS1se 0.8492653829308043 243
AATS0v 0.8491835312995109 244
MATS5Z 0.8495707486520075 245
AATSC6pe 0.8487720233420626 246
AATSC5m 0.8484072774281128 247
ATSC7p 0.8486435041739162 248
GATS2m 0.8486984766894877 249
GATS7pe 0.8502742998220786 250
AXp-3d 0.8498632355161193 251
GATS4se 0.8497506562887306 252
AATSC3p 0.8496696195542737 253
ATSC7d 0.8504984134877861 254
MAXdssC 0.8505810918270409 255
AXp-4d 0.8502519328102965 256
Mp 0.8505179140834519 257
GATS5are 0.8497743534405661 258
AATSC8m 0.8486313821811444 259
SIC3 0.8481834506522993 260
MAXaaaC 0.8487270845991878 261
GATS4pe 0.8484072476172891 262
AATSC3v 0.8481885297856754 263
GATS1c 0.8485615204914576 264
MATS5pe 0.8490869605977468 265
ATSC2d 0.8484950596508852 266
JGI6 0.8483185611266024 267
AETA_dBeta 0.8480992230377549 268
GATS2Z 0.8473397133537941 269
ATSC4i 0.8481071864020318 270
MDEC-11 0.8478431531625772 271
ETA_dEpsilon_D 0.8487956464866231 272
MATS3d 0.8489055429691841 273
ETA_dEpsilon_B 0.8491316349222922 274
ATSC7dv 0.8489538586560912 275
GATS4are 0.8487521031949881 276
SaaNH 0.848851601905343 277
MINsSH 0.8489162768041099 278
EState_VSA6 0.8487840859160642 279
ATSC5c 0.8491609077635929 280
MAXdNH 0.848976719383675 281
ATSC4d 0.8493363506249378 282
ATSC7Z 0.8504690670374676 283
SaaCH 0.8499701923804261 284
MATS5m 0.8491397968033022 285
MAXaaNH 0.84976607902153 286
GATS8d 0.8492676120938215 287
MATS2are 0.8489221245394234 288
AATS3p 0.8489255951602824 289
MATS1Z 0.8486212075422229 290
AATS7s 0.8484200369559252 291
GATS4Z 0.8475941272022839 292
MATS1s 0.8476148332670751 293
MATS8are 0.8479861640390437 294
GATS2v 0.8467702928819645 295
MATS4v 0.8469934151444896 296
AXp-1dv 0.8464429627339387 297
JGI5 0.8457233236457943 298
AATSC7i 0.8448747491778945 299
AXp-1d 0.8448459585873584 300
GATS1s 0.8440561641878253 301
JGI7 0.8441323317090624 302
AATS1v 0.8433853546682217 303
GATS1pe 0.8427422692131324 304
MATS6p 0.8431984480012076 305
ETA_dPsi_A 0.8427018581688495 306
AETA_beta_ns 0.8417959699090037 307
EState_VSA3 0.8409213871592158 308
VSA_EState7 0.8415433544413835 309
SssS 0.8423822120036955 310
ATSC5i 0.8419182777251157 311
MAXsssN 0.8422178151128392 312
MATS6s 0.8426632649587111 313
MATS1m 0.8421476916692878 314
AATS7se 0.8424049076358704 315
AMID_O 0.8417196801161761 316
ATSC3v 0.841521717783998 317
JGI2 0.8416094185851777 318
MATS6m 0.8410997826265855 319
MATS8d 0.84061919729937 320
AXp-7d 0.8408536399869069 321
GATS8m 0.841385437016418 322
SaaaC 0.8410839530252777 323
GATS1are 0.8415147697354843 324
ATSC8m 0.8408777631413066 325
GATS2dv 0.84111223723864 326
AATSC5se 0.8404250613784646 327
MATS8pe 0.8400021354766007 328
MATS2c 0.8396911677720659 329
AATS6se 0.8388434180766057 330
AATSC0d 0.8382469663836921 331
AATSC5s 0.8375724111604588 332
ATSC3d 0.8367500759318923 333
AATS6s 0.8361251560126555 334
AATS3i 0.8359771510279835 335
MDEN-13 0.8365190727859296 336
AXp-6d 0.8365628534933559 337
PEOE_VSA7 0.8361275879303893 338
AATS3v 0.8358685340659094 339
MATS5se 0.8355278403541629 340
AATS6are 0.8351254149372958 341
AMID_N 0.8343998323399061 342
GATS8Z 0.8342711019631069 343
GATS2are 0.8332521956696779 344
GATS4i 0.8325349233658978 345
AATSC4i 0.8319581260992777 346
GATS7p 0.8314222613103309 347
ATSC2v 0.8323372121107373 348
AATSC7are 0.8316974750855973 349
AATS0i 0.8309673366507407 350
MATS8s 0.8310239548510521 351
AXp-5d 0.8304298145622153 352
ATSC1se 0.8303638468013864 353
MATS4Z 0.8303039021552978 354
Mi 0.8298365394056662 355
AATSC7v 0.8299068514571923 356
MATS2s 0.82935046620883 357
ETA_epsilon_2 0.8285189797481738 358
ATSC4se 0.8286632428251703 359
AATS7are 0.8283731847992825 360
MATS7s 0.8277953525124921 361
AETA_eta_BR 0.8273191421315175 362
ATSC4dv 0.8273114102705827 363
AATSC8are 0.826992837810679 364
AETA_beta_ns_d 0.8266697950812176 365
AATSC5d 0.8263864593786031 366
GATS5se 0.8262147140493921 367
GATS2i 0.8255800647188962 368
MATS6se 0.8247493751980757 369
AATSC6c 0.8243516590797155 370
MATS5s 0.8240731841331376 371
SaaN 0.8240363236178954 372
MATS6are 0.8235138525624854 373
GATS5s 0.8229692476621814 374
AATS1d 0.8218921207633315 375
ATSC5Z 0.821654374557879 376
GATS7c 0.8205448167627889 377
AATSC7pe 0.8205658756991443 378
AATSC6p 0.8200363284080021 379
MATS7p 0.8194893321656844 380
GATS5pe 0.8194907622662334 381
AATSC3c 0.8186385143303948 382
ETA_epsilon_3 0.8178779225508547 383
AXp-7dv 0.8170328110715729 384
AATS1i 0.8161486381735765 385
AATSC4v 0.8169837252024287 386
MATS2dv 0.8158787076080867 387
PEOE_VSA8 0.8151791155598204 388
MATS3c 0.8157685028077779 389
AATS5se 0.8152559800183001 390
MAXdO 0.8153769403874631 391
GATS4c 0.8147460975265197 392
ATSC1Z 0.8131584003461898 393
MAXaaCH 0.813569734372259 394
ATSC1m 0.8129523221355335 395
ATSC1p 0.8133885597184505 396
AATS5are 0.8130788764075342 397
AATSC8pe 0.812607012119471 398
SsSH 0.8121962258008404 399
GATS3c 0.8124171242451008 400
BCUTZ-1h 0.8117039169148169 401
AATS2d 0.8118763269719469 402
AATS5pe 0.8117022431833987 403
EState_VSA10 0.8110131593325243 404
AATSC6d 0.8105470788859923 405
GATS2c 0.810112081375856 406
AATSC4c 0.8098038328048155 407
AATS3dv 0.8088805725608892 408
GATS2pe 0.8084886971019961 409
MATS2d 0.8080088948431938 410
AATSC2c 0.8074428546695329 411
MATS6v 0.8065006126123575 412
AATS5v 0.8061282160437924 413
MATS8Z 0.8055282001478516 414
AATS6pe 0.804418296553573 415
AATSC6v 0.8037705183391399 416
AATSC3Z 0.8032164554422471 417
AATSC8se 0.8022707160003106 418
GATS8i 0.80166702490589 419
EState_VSA4 0.8011395461671756 420
SdNH 0.8000378050422359 421
AATSC2i 0.8002158053662214 422
ATSC4pe 0.7995759380348152 423
MATS2i 0.7992729023772306 424
GATS2d 0.7985922950863699 425
ATSC5m 0.797207864861349 426
ATSC3dv 0.7969911761210734 427
AATS2p 0.7971514367238554 428
MATS7c 0.7965862130564099 429
AATSC7c 0.7962434463191643 430
AATSC1p 0.7961239631656267 431
AETA_eta_R 0.7954299819833103 432
AATS2v 0.7946122566564398 433
MATS1p 0.7944618398346678 434
BCUTm-1h 0.793775666067982 435
AATSC3m 0.7940835193254504 436
ATSC4are 0.7939379238100481 437
SssCH2 0.7933012554892873 438
GATS2s 0.793460229416241 439
ATSC8Z 0.7935893141236197 440
AATSC4Z 0.7931976227858925 441
AETA_beta_s 0.7923118417151489 442
GATS7Z 0.791207766586454 443
MATS4c 0.7908636424666692 444
HybRatio 0.7905443073222179 445
ATSC3i 0.7897806463572613 446
AATSC0i 0.7897881265789657 447
MATS8dv 0.7895265963566119 448
AATSC4p 0.7893937357691183 449
MATS3Z 0.7884888194292169 450
SLogP 0.7881173954918327 451
MWC03 0.7875924529065349 452
MATS7v 0.7867097563164045 453
AATS0Z 0.7863092970009724 454
ATSC4v 0.7855400667930325 455
GATS5i 0.7847278457881732 456
MIC0 0.7839760206563114 457
AATS0m 0.7833249040688258 458
AATSC2pe 0.782405912627669 459
ATSC8dv 0.7818821226674558 460
GATS1Z 0.7804991577318919 461
ATS8v 0.7801551979854058 462
GATS7d 0.7794814518687154 463
AATSC0se 0.7784788091194746 464
AATS5p 0.7776981359728772 465
AATSC7d 0.7764573881968553 466
SpMAD_A 0.7751566149395237 467
MATS8i 0.7747399278729881 468
AATSC8dv 0.7743624217979087 469
ATSC5d 0.7737480561417339 470
GATS7m 0.7742255441260992 471
BCUTv-1h 0.7739265772108881 472
FCSP3 0.7738231497339354 473
MATS5d 0.7737219566503356 474
MATS3m 0.7746752523667155 475
AATSC8v 0.7737348957462818 476
AATS7Z 0.7729061519078491 477
Xch-7dv 0.7721624773392097 478
Mv 0.7723513800496826 479
GATS5d 0.7706570879671808 480
AATS5Z 0.7699670616166643 481
AATSC2are 0.7694527006812942 482
AETA_eta_B 0.7687747400894637 483
MATS7are 0.7679211323372883 484
AATSC2d 0.767128171159907 485
Xch-7d 0.766473365661385 486
MATS6c 0.7669647150572283 487
MATS6i 0.7672261333187348 488
AATSC1c 0.7664442289647072 489
MATS6pe 0.7657849807635918 490
JGI1 0.7652312100797207 491
AATS0d 0.764176380680863 492
AATS4m 0.7635099465096045 493
VE3_DzZ 0.7625070060135785 494
AETA_eta_L 0.7616185524218471 495
AATSC6i 0.7604762804688296 496
MINsCH3 0.7590494495639554 497
MATS7pe 0.7588193189811038 498
MINaasC 0.7580763586707386 499
AATS7v 0.7578901183194535 500
GATS8v 0.7567475212440452 501
AATS3Z 0.7564927453663741 502
AATS7pe 0.7558228449353103 503
AXp-0dv 0.755116701643289 504
AATS6p 0.7545820338428637 505
AATS1are 0.7538774700029195 506
AATSC8p 0.7527856190377873 507
AATS8s 0.751431932829369 508
AATS7d 0.7502421022555908 509
AATSC8i 0.7502822400696674 510
MATS1v 0.750099438448877 511
ATSC5dv 0.7493332988261485 512
ATSC5pe 0.7488981397182847 513
ATSC3Z 0.7485808847058897 514
AATS3m 0.7479869926214155 515
JGT10 0.7470135987871266 516
AATS8m 0.7461599925929823 517
AATS2m 0.7453701621820668 518
AATSC1v 0.7441474305048565 519
ATSC7i 0.7437101997940889 520
fMF 0.7435109223176243 521
AATS5d 0.7434894214474875 522
AETA_beta 0.7430024625461693 523
AATS8are 0.7423719695645077 524
MATS7d 0.7411344230148975 525
SsssN 0.7393877612304633 526
MINaaCH 0.7386780030131842 527
ATSC5are 0.7390919395912857 528
Xch-6dv 0.7390288261118864 529
AATS2dv 0.7385656450346365 530
piPC3 0.7376123503483312 531
AATS4Z 0.7363641019927417 532
ATSC3m 0.7354900043504509 533
PEOE_VSA9 0.7355804337113182 534
MATS8p 0.7349995152472074 535
ETA_epsilon_4 0.7335457119042017 536
SpMax_A 0.7325242194106918 537
SpMAD_DzZ 0.7327309421985986 538
AATS1pe 0.7320805489512127 539
AATSC6dv 0.7314202323188288 540
AETA_eta_FL 0.7304623575075333 541
AATSC7dv 0.7294709219500384 542
MZ 0.7288368505228188 543
AATSC3pe 0.7279452638149592 544
ATSC5se 0.7270447279945516 545
GATS1p 0.7270599005466633 546
AATS1se 0.7268478712782164 547
AATS7m 0.7258561009471363 548
GATS5dv 0.7248255368860756 549
ETA_shape_p 0.7235208545249583 550
ATSC8i 0.7230295924488339 551
ATSC5s 0.7235203141690685 552
MATS8v 0.7225105125890693 553
AATS2Z 0.7216282099263975 554
GATS8dv 0.7210428794775146 555
ATSC8are 0.7206835189477144 556
AXp-0d 0.719315574403502 557
ATSC2i 0.7196239187993946 558
SpDiam_A 0.7196725026455295 559
piPC2 0.7197231322145486 560
ATSC3c 0.7191298397761303 561
AATS4se 0.7192290761321446 562
AATS3d 0.7183459822998843 563
AMID 0.7178106260405028 564
AATSC0s 0.7175900949730644 565
AATS8v 0.7167453148715877 566
AATS4s 0.7163130462024745 567
AATS1s 0.7152819390769058 568
AATS2s 0.7146021916262371 569
ETA_dEpsilon_C 0.7136069757226223 570
ATSC3s 0.713019850280549 571
VSA_EState6 0.7124465958941385 572
AETA_eta_RL 0.7118269088441295 573
ATSC1v 0.7111526436500432 574
IC0 0.7104872672124124 575
MAXsOH 0.7100816014601014 576
AATS6d 0.7097043473023641 577
GATS3s 0.7099669979874701 578
GATS8pe 0.70932873419654 579
ATSC2p 0.7089585291676697 580
GATS3pe 0.7085842129276856 581
AATSC3dv 0.7088406320445932 582
VE3_Dzm 0.7078413983647288 583
SsOH 0.7070142869000589 584
AATSC7Z 0.706564281881323 585
ATSC1pe 0.7056658901666124 586
AATS8Z 0.7053652019676614 587
AATS5m 0.7045949416547924 588
AATSC7m 0.7040640170380985 589
AATS4dv 0.7039294628875323 590
ATSC4s 0.7037895594881773 591
BCUTp-1h 0.7038544752044982 592
AATS5dv 0.7035535951959982 593
BCUTs-1h 0.7035962036030436 594
AATSC0pe 0.7036565294192576 595
AATS0s 0.7023542111096488 596
GATS3are 0.7017828893850964 597
GATS1m 0.7015047888496104 598
AATS3se 0.7013446914451651 599
AATS8dv 0.7007441603573289 600
AATS1Z 0.6999889397656842 601
GATS8c 0.699141986600751 602
AATS2are 0.6989199434325095 603
AATS6v 0.6980402046968691 604
MATS7dv 0.6977156951239001 605
GATS1v 0.6976433507385926 606
AATSC0c 0.6969602960270918 607
IC5 0.6963367025457579 608
VE3_Dzv 0.695246622248199 609
ATSC1are 0.6945617030786767 610
SpDiam_DzZ 0.6948178744843712 611
MID_O 0.6946603101792863 612
GATS3dv 0.6942025875036755 613
AATS6Z 0.6934209842328602 614
SpDiam_Dzm 0.6934592567516396 615
AATS8pe 0.6929943259750451 616
AXp-2dv 0.6918214666760878 617
AATS6m 0.6914384596354693 618
SM1_DzZ 0.6909834873814281 619
MDEN-33 0.6909076156723797 620
MATS7Z 0.6909870688435055 621
AATS7dv 0.6910949716112181 622
AATS3s 0.6906248204181469 623
AATS0se 0.6905358404155904 624
Kier3 0.6902406945169385 625
MATS4p 0.6895982612704068 626
ATSC1s 0.688814789539476 627
MATS7m 0.6881019685419187 628
MATS3se 0.6880337034638171 629
MIC1 0.6875540721973452 630
Mm 0.6873149968757604 631
EState_VSA5 0.6865149900754499 632
AATSC3s 0.6862251233116277 633
ATSC6v 0.6855759310706095 634
AATSC3are 0.6849606512168241 635
AATS8d 0.6845551451555976 636
MATS6dv 0.6845682354324071 637
AMW 0.6836920623897431 638
AATS3are 0.6835383850373917 639
AATS1m 0.6830637400388332 640
AATS3pe 0.6824150337261813 641
BalabanJ 0.6823494122172669 642
AATSC0are 0.6829900900929327 643
AATS4p 0.6823475105606982 644
AATSC3se 0.6823512665491178 645
ETA_epsilon_1 0.6818832286017169 646
MIC2 0.6812387752085454 647
MATS4m 0.6806809618031692 648
ATSC4c 0.6804475775070152 649
AATS6dv 0.6800502609325543 650
GATS8are 0.6796539071707268 651
AATS2se 0.6791765733323991 652
MWC02 0.6786956861888849 653
IC1 0.6779805740786954 654
GATS8se 0.6781366703097977 655
LogEE_A 0.6778181759787396 656
VR3_DzZ 0.6770971608796745 657
AATS8se 0.6765452879988023 658
AATS1dv 0.6759000449817155 659
ATSC7s 0.675572613593173 660
MIC5 0.6751815133461665 661
ATSC7se 0.6748586775938191 662
AATS4pe 0.6742966316250572 663
BCUTv-1l 0.6736491562327799 664
GATS8s 0.6738134841431551 665
AATS0are 0.6738118815977635 666
AATS4are 0.673009694611186 667
ATSC2s 0.6723650619716833 668
BCUTp-1l 0.6724416297800568 669
MID_N 0.6719628590684449 670
piPC7 0.6714811537775893 671
VR3_Dzm 0.6708366487162827 672
GATS5c 0.6703585513746394 673
BCUTi-1h 0.6695562871001237 674
VR3_Dzv 0.669237961987521 675
GATS7s 0.6686700363141596 676
AATS4d 0.6689939914176561 677
MPC9 0.6683573200174794 678
piPC9 0.6678732556581279 679
Xc-3dv 0.6673046923301559 680
AATS0dv 0.6665048136342002 681
SssNH 0.6656138277663951 682
ATSC8pe 0.665202444787193 683
MINssNH 0.6651237939873929 684
ATSC8c 0.6646451603842889 685
AETA_eta_F 0.6642378117356398 686
SdssC 0.6637548552824881 687
ATS7dv 0.663916100082037 688
GATS3se 0.6636631241736353 689
Mse 0.6632577487764277 690
MATS3pe 0.6627733740034909 691
VE3_Dzse 0.6622952511827291 692
AATS2pe 0.661406124109291 693
MIC4 0.6611448020626787 694
GATS6Z 0.6612389781461072 695
AATS4v 0.6605992931834695 696
IC2 0.6605879808132822 697
MATS3dv 0.660027014241969 698
ETA_dEpsilon_A 0.6594674884139522 699
MWC07 0.6589864594423107 700
GATS6c 0.6580957858524255 701
MIC3 0.657838247912153 702
VSA_EState3 0.6574446940711747 703
GATS6dv 0.65735318658337 704
VR3_Dzse 0.6568776315732616 705
VE3_Dzpe 0.6566406956650077 706
GATS6m 0.6561379741396003 707
MWC10 0.6558973505245211 708
GATS7dv 0.6554948285367086 709
AATSC0dv 0.6555709971012025 710
SlogP_VSA5 0.6551632757190827 711
GATS6pe 0.6550015903823794 712
ATSC0Z 0.6541847593826182 713
MATS3are 0.6539298832477943 714
VR3_Dzpe 0.6535330995723228 715
GATS6s 0.6531243317198472 716
GATS6se 0.6529652995115377 717
ATSC1i 0.6528918192944021 718
IC3 0.6527118373672811 719
VE3_Dzare 0.652233955483575 720
Mpe 0.6517416764326256 721
VR3_Dzare 0.6515670720026818 722
AATS0pe 0.6510861798569327 723
Mare 0.6507611165748571 724
ATSC7pe 0.6501804617973131 725
BCUTc-1h 0.6500268537874924 726
ATSC8s 0.6500301340031165 727
SsssCH 0.6497887328786095 728
DetourIndex 0.6500736599818102 729
ATSC0p 0.6503289031246542 730
VE3_Dzp 0.6496669281776798 731
ATSC1d 0.6493502489082237 732
piPC5 0.6486123959000338 733
MATS3s 0.647551131704445 734
TopoPSA 0.6475560697451943 735
VR3_Dzp 0.6470822253580475 736
piPC4 0.6471635005419519 737
piPC1 0.6461001516042068 738
Xpc-4dv 0.6455304651531404 739
ATS0Z 0.6452132544260001 740
SM1_Dzm 0.6448219521382206 741
VE3_Dzi 0.6442711593726627 742
VR3_Dzi 0.6438024754213326 743
GATS6are 0.6436998012393585 744
VE3_Dt 0.643387137767922 745
fragCpx 0.6427833245999552 746
VR3_Dt 0.6422182526017518 747
ATSC7c 0.6416560212984337 748
MINssCH2 0.6414124906711136 749
VR1_DzZ 0.6414875043870304 750
Xc-5dv 0.6409943899331367 751
MINsssCH 0.6406117142027759 752
BCUTpe-1h 0.6401018019740901 753
piPC6 0.6397140913143987 754
piPC10 0.6397180967310827 755
VE3_D 0.6392561154666206 756
IC4 0.6389955706166648 757
MPC6 0.6384999529062443 758
VR3_D 0.6380963821132646 759
MWC04 0.6374554911125025 760
MWC05 0.6369757083933879 761
TpiPC10 0.6370499985108763 762
SRW04 0.6372837682227309 763
MWC06 0.6367974752233678 764
SRW06 0.6360779882919032 765
piPC8 0.6355065405718439 766
MWC08 0.6347841979309201 767
ATS5i 0.6344418749646175 768
MPC10 0.6339563289790314 769
SRW08 0.6335390456825588 770
MWC09 0.6330680202808945 771
SRW10 0.6326627812657379 772
ATS0m 0.6324238222605715 773
GATS7se 0.6319350804484818 774
SMR_VSA1 0.6319398788835364 775
SpMAD_Dt 0.6315355041990444 776
Xpc-6d 0.6313765782216326 777
ATSC6c 0.6305645004021743 778
Xpc-6dv 0.6302355157215874 779
Xp-6d 0.6300756982520314 780
Xp-7dv 0.6294363782647658 781
SpDiam_Dt 0.6287251858971897 782
BCUTd-1h 0.6287981432265258 783
Xc-5d 0.6287858624724385 784
Xpc-5dv 0.6280358008776648 785
BCUTdv-1h 0.6277820956011267 786
VSA_EState5 0.6275814190910329 787
SM1_Dzse 0.6273245461503595 788
SMR_VSA3 0.6272287272219955 789
ATS5dv 0.6270658927407935 790
ATSC8se 0.626982129181155 791
VE1_DzZ 0.6265617681230032 792
VR2_DzZ 0.6259120959351787 793
VE1_Dzm 0.6252726883617117 794
TIC2 0.62488194332892 795
VSA_EState2 0.6246424383127017 796
MPC7 0.6242218274392104 797
Xc-3d 0.6239174890517529 798
ATSC0se 0.6235848184705769 799
SdO 0.6235779744105627 800
ABCGG 0.6236700644383044 801
VR2_Dzm 0.6236881876752929 802
ATSC0s 0.6231072848941976 803
WPath 0.6225402689433757 804
ATSC7are 0.622207869788515 805
VE1_Dzv 0.6217165845319709 806
ATS6dv 0.6213067452352342 807
ATSC1dv 0.620911512823535 808
ATS3dv 0.6206478196212678 809
MID_C 0.6199136643419503 810
Xpc-4d 0.6190952564317547 811
ETA_eta_FL 0.6181702891698115 812
BCUTd-1l 0.6177703057505533 813
BCUTare-1h 0.6180503333920319 814
ETA_eta_R 0.6175297488576306 815
GGI8 0.6173112252069904 816
GGI6 0.6169877362329539 817
SpAbs_DzZ 0.6166873078730788 818
SM1_Dzi 0.6162003221237915 819
VR2_Dzv 0.61579639003354 820
VE1_Dt 0.6152163747143388 821
SpMax_DzZ 0.6147543782408782 822
SpAbs_Dt 0.6147946249602165 823
SlogP_VSA2 0.6143850976115223 824
SpDiam_Dzv 0.6141065727894034 825
SpDiam_Dzp 0.6144037308455309 826
EState_VSA1 0.614418565606699 827
TMPC10 0.6141167478813736 828
VE1_Dzse 0.6136260518923276 829
ATS4s 0.6135493694448864 830
Xpc-5d 0.6131497085474626 831
ATS3m 0.6123316407486622 832
SpMAD_Dzm 0.6121641992405757 833
Kier2 0.6119398730343808 834
SpAD_DzZ 0.6107900061556758 835
LogEE_DzZ 0.6102759097175752 836
ZMIC3 0.6097075015658668 837
VR2_Dzse 0.609302564721019 838
MPC8 0.6087988573213998 839
ATSC2are 0.6085840121466837 840
ATSC0m 0.6084904281314684 841
VR2_Dzpe 0.6079866412753905 842
SpAbs_Dzm 0.608191566969962 843
VE1_Dzpe 0.6079478526885027 844
VE1_Dzare 0.6075310629127487 845
ATS1dv 0.607353205787325 846
SpMAD_Dzare 0.6071843531217184 847
VR2_Dt 0.6070335144091921 848
VE1_Dzp 0.6069586803286176 849
ETA_eta_B 0.6066305349973417 850
ATSC2pe 0.6063921030033317 851
SpMAD_Dzv 0.6061389404407658 852
ATSC0are 0.6059395072846229 853
ECIndex 0.606286899594333 854
SpMAD_Dzi 0.6060972630632209 855
VE1_Dzi 0.6056005055172495 856
Xp-6dv 0.6050883920089556 857
ATS8dv 0.6046785914724047 858
SpMax_Dt 0.6042797378789065 859
PEOE_VSA1 0.6040343603258229 860
ATSC1c 0.6038113667208618 861
MID_h 0.6035391665948376 862
TopoPSA(NO) 0.6034626675381294 863
ATS7s 0.6031403406034845 864
TIC3 0.6028894577324541 865
Xp-3dv 0.6026691929851455 866
VE1_D 0.6024448927716499 867
SpMax_Dzm 0.6016362260554922 868
Xp-3d 0.6016362260554922 869
VR2_Dzare 0.6012431476029345 870
VR2_Dzp 0.6008495446542229 871
mZagreb1 0.6002959890388571 872
SpMAD_Dzse 0.6000198724886895 873
GGI3 0.6006044042152833 874
ATS0p 0.6006789488919124 875
SpMAD_Dzpe 0.6008287139412116 876
SpDiam_Dzse 0.6005045874163331 877
ATS0s 0.6002541994066255 878
SpMAD_Dzp 0.6002541994066255 879
ATS0dv 0.6002541994066255 880
VR2_Dzi 0.5993737943628428 881
Xp-4dv 0.5990577684961028 882
SpAD_Dzm 0.5988144344920635 883
ABC 0.5987162193788617 884
SpAbs_A 0.5985449664073079 885
SpAD_A 0.5984689738262802 886
ETA_beta 0.5979788728155903 887
Xp-7d 0.5977267310531204 888
BertzCT 0.5974820822063588 889
ATSC2se 0.596647018593918 890
VR2_D 0.5960784645074982 891
TSRW10 0.5955846902310387 892
SpAD_Dt 0.5958091895197265 893
SM1_Dzp 0.595290501674599 894
GGI9 0.595362634015693 895
Xp-4d 0.595434619494128 896
SpMAD_D 0.5956056252373397 897
SpDiam_Dzpe 0.5957574405109322 898
ATS8d 0.5955853414522525 899
ATS2dv 0.5954110801850344 900
Xp-5d 0.5952250195688082 901
ATS2d 0.5946466652487347 902
ATSC0pe 0.5943776754079576 903
LogEE_Dzm 0.5939191447130421 904
ATS2m 0.5940903894579913 905
ATS2Z 0.5937689468397086 906
SM1_Dzpe 0.5934259544283857 907
ATS0d 0.5930125593243479 908
SpAbs_Dzv 0.5928400121311191 909
TIC0 0.5927670935786278 910
SpMax_Dzv 0.5925847287147064 911
TIC1 0.592512537347522 912
MPC4 0.5923674260298124 913
SM1_Dzare 0.5915937369429052 914
ATS3Z 0.5914675517475628 915
SpAD_Dzv 0.5910088027173971 916
LogEE_Dzv 0.5906796686644492 917
ATS4dv 0.5905320772789475 918
LogEE_Dt 0.5905325367061658 919
Xp-0dv 0.5902843331808666 920
ATSC0c 0.5896916507131105 921
ATSC0d 0.5891010874319406 922
ATS1d 0.5891107423509468 923
MPC3 0.5888654647804858 924
Xp-5dv 0.5887198441484607 925
GGI10 0.5884663039197949 926
SM1_Dzv 0.5879678241809039 927
GGI5 0.5872994271899243 928
ATS5s 0.5867563444448549 929
GGI4 0.586937556654369 930
ZMIC2 0.5864948222420892 931
SMR_VSA5 0.5863230607749382 932
ATS3s 0.5861011492894028 933
ATS3d 0.5862676918742052 934
ETA_eta_F 0.5861590417244832 935
ATS4m 0.5861952743477299 936
SpAbs_Dzse 0.5859231803636011 937
ATS5d 0.5859958725111243 938
ZMIC1 0.5858228559597288 939
ATSC0dv 0.5852685805679438 940
ATS8Z 0.5846272480256997 941
SpMax_Dzse 0.584487737681219 942
ATS7m 0.5841800952921328 943
ATS4Z 0.5842894528605489 944
ATS6Z 0.5836808526263165 945
SpAD_Dzse 0.5834583028355729 946
ATS2s 0.5832112547738688 947
ATS8m 0.5829206177096523 948
LogEE_Dzse 0.5830372983674057 949
ATS5m 0.5828647112432681 950
SpAbs_Dzpe 0.582656426455566 951
ATS1Z 0.582656426455566 952
VR1_Dzm 0.582401707863964 953
ATS0v 0.5822289516196656 954
nBondsS 0.5818388823691105 955
ATS7Z 0.5815660646044154 956
TIC4 0.5811471084060722 957
SpMax_Dzpe 0.5808914563472165 958
ATS6s 0.5810718405424474 959
ATS1s 0.5808896062720805 960
ATS8s 0.5804681590521027 961
ATS0se 0.5802228204848799 962
ETA_eta_BR 0.5799741879637461 963
ATS5Z 0.5799741879637461 964
Xp-2d 0.5796566817064925 965
VR1_Dzv 0.5794120389759754 966
ATS4d 0.5789487879673989 967
MPC5 0.5789487879673989 968
ATS6m 0.5786725537820991 969
GGI7 0.5780898560159062 970
SpAD_Dzpe 0.5778358229477971 971
ETA_eta 0.5775181305989625 972
nAtom 0.5771967989528334 973
ATS6d 0.5771250019872376 974
ATS1m 0.5767037871550622 975
LogEE_Dzpe 0.5764886062482852 976
ATS8p 0.5758412814532845 977
ATS7d 0.5756614337373155 978
ATS2v 0.5754870356987142 979
ATS1v 0.574919822093974 980
Xp-0d 0.5747759510992069 981
ATS4se 0.5744493135642674 982
Xp-2dv 0.5745298566288853 983
ATS4pe 0.57435282641079 984
ATS8pe 0.574208025478183 985
ATS1pe 0.574208025478183 986
ATS3v 0.5740333536220952 987
ATS4v 0.5738500197059209 988
ATS5v 0.5738500197059209 989
ATS6v 0.5737439579485234 990
ATS7v 0.5737410177044802 991
ATSC0i 0.5736689890057411 992
ETA_alpha 0.573423865995087 993
ATS8i 0.57328167297507 994
Kier1 0.5730013918205122 995
ATS4p 0.5729630313029545 996
ATS1se 0.5729626723714354 997
ATS8are 0.5727849186734906 998
ATS0pe 0.5725295560585774 999
ATS2se 0.5723459611688569 1000
ATS4are 0.5721714608961248 1001
ATS7se 0.572100381601077 1002
ATS3se 0.5719224509457423 1003
ATS4i 0.5719183178745013 1004
ATS5se 0.5717400325107248 1005
ATS8se 0.5714950481980281 1006
ATS1p 0.5713209029956865 1007
Xp-1d 0.57113712038113 1008
ATS5p 0.5710654098940002 1009
SZ 0.5705694295885326 1010
ATS0are 0.5705704515573263 1011
ETA_beta_s 0.5704293135457021 1012
VR1_Dt 0.5702453362055929 1013
ATS6se 0.5701033563782567 1014
ATS2p 0.57003295225861 1015
ATS2pe 0.5698505651231505 1016
Sv 0.5700346089780972 1017
SMR 0.5699635994712625 1018
Sm 0.5696481608724043 1019
TIC5 0.5694040136517772 1020
ATS3pe 0.5692295453229528 1021
ATS5pe 0.5691579654560182 1022
VR1_Dzse 0.5690160746722694 1023
ATS6pe 0.5683470107137194 1024
Zagreb2 0.5682756498569724 1025
ATS7pe 0.5679607711273388 1026
ATS1are 0.5677146718708459 1027
Sp 0.567634970147416 1028
ETA_eta_RL 0.5676078432702397 1029
ATS3p 0.5676078432702397 1030
ZMIC0 0.5674294550797601 1031
Xp-1dv 0.5674294550797601 1032
SpAbs_Dzare 0.5668385830910965 1033
Zagreb1 0.5669424199818838 1034
ATS6p 0.5668726828061078 1035
ATS7p 0.5666316115482259 1036
ATS6are 0.5664480994667761 1037
ATS2are 0.5660858347160826 1038
SpMax_Dzare 0.5659074305107552 1039
ATS3are 0.5659074305107552 1040
ATS5are 0.5656527183355132 1041
SpDiam_Dzare 0.565582829094498 1042
VR1_Dzpe 0.565582829094498 1043
VR1_Dzare 0.5653341965733643 1044
LabuteASA 0.5650089391948336 1045
SpAD_Dzare 0.5647256639514479 1046
TMWC10 0.5644464458440567 1047
ATS1i 0.5639879112900106 1048
ATSC0v 0.5637429448725859 1049
VR1_Dzp 0.5634264413860998 1050
VR1_Dzi 0.5631729614984087 1051
ATS0i 0.5629183702871832 1052
LogEE_Dzare 0.5627784965069772 1053
MW 0.5627784965069772 1054
SpDiam_D 0.5622881117128639 1055
SpDiam_Dzi 0.5622525241390134 1056
mZagreb2 0.5622892809885555 1057
VMcGowan 0.5620450030631926 1058
MID 0.5617971101529299 1059
apol 0.5615174858406642 1060
Vabc 0.5611940848656188 1061
VR1_D 0.5608354381000525 1062
SpAbs_Dzp 0.5603690953655811 1063
nBonds 0.5603690953655811 1064
ATS7are 0.5601600044977907 1065
ATS2i 0.5600910371969122 1066
ATS3i 0.5600910371969122 1067
ATS6i 0.5600910371969122 1068
nBondsKS 0.559912058024339 1069
SpMax_Dzp 0.5594784823458577 1070
ATS7i 0.5590546248439335 1071
Sse 0.5588012515996673 1072
SpAD_Dzp 0.5585878040572044 1073
Spe 0.5584031706269688 1074
LogEE_Dzp 0.5582642780296276 1075
Sare 0.5582639333111648 1076
SpAbs_Dzi 0.5580249394459765 1077
SpMax_Dzi 0.5580710458561728 1078
Si 0.5580024195406298 1079
SpAD_Dzi 0.5578200779212418 1080
ETA_eta_L 0.5580048283656275 1081
bpol 0.5577606877406275 1082
SpAbs_D 0.5572960690298674 1083
LogEE_Dzi 0.5565809922681809 1084
SpMax_D 0.5562297737450608 1085
SpAD_D 0.5560513652770758 1086
LogEE_D 0.5556917627783018 1087
511.725720107
Time CPU for forward feature selection: 0:08:31.725720
Time for forward feature selection: 4:42:17.797319
