AATS5s 0.9097222222222222 1
AETA_beta_ns 0.9622222222222223 2
GATS5s 0.9622222222222223 3
MAXssNH 0.9707692307692308 4
AATS2s 0.9707692307692308 5
AATS0s 0.9707692307692308 6
AATS7d 0.9707692307692308 7
SpMAD_A 0.9707692307692308 8
AATS8s 0.9707692307692308 9
AATS4s 0.9707692307692308 10
AATSC5d 0.9707692307692308 11
AATSC1c 0.9707692307692308 12
AATS7p 0.9707692307692308 13
AATS5se 0.9707692307692308 14
AATSC2i 0.9707692307692308 15
AATS8se 0.9707692307692308 16
AATS7s 0.9707692307692308 17
AATSC0s 0.9707692307692308 18
ATSC6d 0.9707692307692308 19
AATS0se 0.9707692307692308 20
AATSC0se 0.9707692307692308 21
AATSC4d 0.9707692307692308 22
GATS2p 0.9707692307692308 23
AATSC7d 0.9707692307692308 24
AATSC1s 0.9707692307692308 25
AATSC2s 0.9707692307692308 26
AATS6dv 0.9707692307692308 27
MATS7d 0.9707692307692308 28
IC1 0.9707692307692308 29
AATSC0pe 0.9707692307692308 30
AATS3se 0.9707692307692308 31
AXp-0d 0.9707692307692308 32
AATS5pe 0.9707692307692308 33
MIC1 0.9707692307692308 34
AATSC1Z 0.9707692307692308 35
AATSC3se 0.9707692307692308 36
AATSC0are 0.9707692307692308 37
MATS7c 0.9707692307692308 38
AATSC2c 0.9707692307692308 39
AATSC1m 0.9707692307692308 40
AATSC3s 0.9707692307692308 41
AATSC1i 0.9707692307692308 42
AATS6s 0.9707692307692308 43
MATS2i 0.9707692307692308 44
AATS3s 0.9707692307692308 45
AATS7v 0.9707692307692308 46
AATSC2dv 0.9707692307692308 47
MATS5d 0.9707692307692308 48
MATS1i 0.9707692307692308 49
AATSC0c 0.9707692307692308 50
AATSC0dv 0.9707692307692308 51
MATS1Z 0.9707692307692308 52
AATSC2se 0.9707692307692308 53
AATS8d 0.9707692307692308 54
AATS1s 0.9707692307692308 55
GATS8d 0.9707692307692308 56
AATSC2pe 0.9707692307692308 57
AATS8m 0.9707692307692308 58
GATS2i 0.9707692307692308 59
AATS0pe 0.9707692307692308 60
BalabanJ 0.9707692307692308 61
AATS5are 0.9707692307692308 62
GATS8s 0.9707692307692308 63
AMID_O 0.9707692307692308 64
AATS8Z 0.9707692307692308 65
MATS2c 0.9707692307692308 66
NaasC 0.9707692307692308 67
AATSC5s 0.9707692307692308 68
ETA_epsilon_2 0.9707692307692308 69
GATS2v 0.9707692307692308 70
AETA_alpha 0.9707692307692308 71
ETA_dAlpha_B 0.9707692307692308 72
ETA_psi_1 0.9707692307692308 73
MATS1m 0.9707692307692308 74
AATSC0m 0.9707692307692308 75
ETA_dPsi_A 0.9707692307692308 76
ETA_shape_p 0.9707692307692308 77
MATS3c 0.9707692307692308 78
ETA_epsilon_3 0.9707692307692308 79
AATSC2are 0.9707692307692308 80
AATS6m 0.9707692307692308 81
MATS2s 0.9707692307692308 82
AATS3p 0.9707692307692308 83
AATSC8c 0.9707692307692308 84
fMF 0.9707692307692308 85
GATS8se 0.9707692307692308 86
GATS4se 0.9707692307692308 87
VSA_EState7 0.9707692307692308 88
AATSC0Z 0.9707692307692308 89
nAromAtom 0.9622222222222223 90
MATS8s 0.9707692307692308 91
AATSC7s 0.9707692307692308 92
AATS5d 0.9622222222222223 93
AATSC8pe 0.9707692307692308 94
GATS4c 0.9707692307692308 95
JGI4 0.9707692307692308 96
MATS4d 0.9707692307692308 97
JGI10 0.9707692307692308 98
AATSC8s 0.9707692307692308 99
AATS3pe 0.9707692307692308 100
nAromBond 0.9707692307692308 101
AATSC8se 0.9707692307692308 102
ATSC5d 0.9707692307692308 103
nBondsA 0.9707692307692308 104
AATSC8are 0.9707692307692308 105
MAXsOH 0.9707692307692308 106
AATS5p 0.9707692307692308 107
MATS3s 0.9707692307692308 108
AATSC0i 0.9707692307692308 109
AATS1i 0.9707692307692308 110
AATS6d 0.9707692307692308 111
MATS1c 0.9707692307692308 112
AATS0are 0.9707692307692308 113
SaasC 0.9707692307692308 114
AATS1se 0.9707692307692308 115
MATS4c 0.9707692307692308 116
SaaNH 0.9707692307692308 117
AATS0dv 0.9707692307692308 118
MATS6c 0.9707692307692308 119
AXp-1d 0.9707692307692308 120
MATS2se 0.9707692307692308 121
AATS3are 0.9707692307692308 122
MATS3se 0.9707692307692308 123
SaaN 0.9707692307692308 124
AATS8are 0.9707692307692308 125
MATS8c 0.9707692307692308 126
AETA_beta 0.9707692307692308 127
MATS8se 0.9707692307692308 128
MATS2pe 0.9707692307692308 129
ATSC7d 0.9707692307692308 130
AETA_beta_s 0.9707692307692308 131
ATSC2s 0.9707692307692308 132
AATSC3are 0.9707692307692308 133
MATS2are 0.9707692307692308 134
GATS8pe 0.9707692307692308 135
PEOE_VSA3 0.9707692307692308 136
ATSC8s 0.9707692307692308 137
GATS5se 0.9707692307692308 138
AMID_N 0.9707692307692308 139
AATS7dv 0.9707692307692308 140
GATS2c 0.9707692307692308 141
AATS2d 0.9707692307692308 142
GATS2dv 0.9707692307692308 143
LogEE_A 0.9707692307692308 144
MATS8pe 0.9707692307692308 145
GATS2se 0.9707692307692308 146
AATS0d 0.9707692307692308 147
GATS2pe 0.9707692307692308 148
nO 0.9707692307692308 149
AETA_eta_FL 0.9707692307692308 150
GATS4pe 0.9707692307692308 151
MATS3are 0.9707692307692308 152
GATS2are 0.9707692307692308 153
AATS5Z 0.9707692307692308 154
SRW05 0.9707692307692308 155
AATS7Z 0.9707692307692308 156
ETA_epsilon_4 0.9707692307692308 157
SRW07 0.9707692307692308 158
AATS1dv 0.9707692307692308 159
naRing 0.9707692307692308 160
GATS1dv 0.9707692307692308 161
ETA_epsilon_5 0.9707692307692308 162
ETA_dEpsilon_C 0.9707692307692308 163
ETA_dEpsilon_B 0.9707692307692308 164
GATS4are 0.9707692307692308 165
AATSC3pe 0.9707692307692308 166
SRW09 0.9707692307692308 167
nN 0.9707692307692308 168
MATS8are 0.9707692307692308 169
BCUTd-1l 0.9707692307692308 170
ABC 0.9707692307692308 171
GATS2Z 0.9707692307692308 172
BCUTv-1l 0.96 173
AATS1d 0.9707692307692308 174
ATS8d 0.9707692307692308 175
MINdssC 0.9707692307692308 176
ABCGG 0.9707692307692308 177
ATSC8pe 0.9707692307692308 178
MINsssCH 0.9491666666666666 179
AATS6v 0.9599358974358974 180
BCUTp-1l 0.96 181
AATS3d 0.9707692307692308 182
AETA_eta_B 0.9707692307692308 183
MINssNH 0.96 184
PEOE_VSA9 0.9707692307692308 185
Mse 0.9599358974358974 186
MINdO 0.9599358974358974 187
JGI8 0.9491666666666666 188
MINsCH3 0.9491666666666666 189
ATS1Z 0.9481605351170568 190
nAtom 0.9481605351170568 191
nC 0.9481605351170568 192
ATS1dv 0.9481605351170568 193
ATS7dv 0.9481605351170568 194
ATS3Z 0.9481605351170568 195
AATSC6d 0.9481605351170568 196
ATSC1Z 0.9481605351170568 197
MATS4se 0.9481605351170568 198
ATS3m 0.9481605351170568 199
AATS8p 0.9481605351170568 200
ATSC1m 0.9481605351170568 201
GATS8c 0.9481605351170568 202
ATSC3p 0.9481605351170568 203
GATS3dv 0.9481605351170568 204
MATS6d 0.9481605351170568 205
MATS1p 0.9481605351170568 206
AATSC3c 0.9481605351170568 207
GATS1s 0.9481605351170568 208
GATS2s 0.9481605351170568 209
AATSC1pe 0.9481605351170568 210
AATSC8d 0.9481605351170568 211
AATSC1se 0.9481605351170568 212
GATS3s 0.9481605351170568 213
AATSC1p 0.9481605351170568 214
GATS8are 0.9481605351170568 215
NsOH 0.9481605351170568 216
AATS6Z 0.9481605351170568 217
GATS5v 0.9481605351170568 218
SsOH 0.9481605351170568 219
AATS8v 0.9481605351170568 220
MATS4are 0.9481605351170568 221
nHeavyAtom 0.9481605351170568 222
AATS7m 0.9481605351170568 223
MAXaaCH 0.9481605351170568 224
AATS0p 0.9481605351170568 225
AATS3dv 0.9481605351170568 226
MATS8d 0.9481605351170568 227
AATS7se 0.9481605351170568 228
AATS1p 0.9481605351170568 229
MAXsNH2 0.9481605351170568 230
AATSC1are 0.9481605351170568 231
MAXaaN 0.9481605351170568 232
AATSC5v 0.9481605351170568 233
AATS6se 0.937391304347826 234
AATS2p 0.9481605351170568 235
Mp 0.9481605351170568 236
AATS6pe 0.9481605351170568 237
ATSC1i 0.9481605351170568 238
AATS8pe 0.9481605351170568 239
GATS7i 0.9481605351170568 240
AATS4dv 0.9481605351170568 241
FilterItLogS 0.9481605351170568 242
RotRatio 0.9481605351170568 243
SpAbs_A 0.9481605351170568 244
ATSC8dv 0.9481605351170568 245
AATS7pe 0.937391304347826 246
nBondsM 0.9481605351170568 247
MATS7pe 0.9481605351170568 248
AATS6are 0.937391304347826 249
HybRatio 0.9481605351170568 250
JGI6 0.9481605351170568 251
AATS6p 0.9481605351170568 252
AATS7are 0.9481605351170568 253
ATSC8d 0.9481605351170568 254
MAXaaNH 0.9481605351170568 255
AATS4se 0.937391304347826 256
ATSC4dv 0.937391304347826 257
ATSC8p 0.937391304347826 258
AATSC6c 0.937391304347826 259
AATS2se 0.937391304347826 260
AATSC4dv 0.937391304347826 261
AATSC8dv 0.937391304347826 262
AATSC5se 0.937391304347826 263
AATSC0v 0.937391304347826 264
AATSC4pe 0.937391304347826 265
AATS0Z 0.937391304347826 266
AATSC4are 0.937391304347826 267
AATS4Z 0.937391304347826 268
AATSC2p 0.937391304347826 269
MATS4dv 0.937391304347826 270
AATS4pe 0.937391304347826 271
MATS8dv 0.937391304347826 272
MATS7Z 0.937391304347826 273
MATS4pe 0.937391304347826 274
SpMax_A 0.937391304347826 275
ATSC5p 0.937391304347826 276
GATS4s 0.937391304347826 277
AATS5dv 0.937391304347826 278
GATS1d 0.937391304347826 279
GATS5pe 0.937391304347826 280
ATSC8c 0.937391304347826 281
EState_VSA6 0.937391304347826 282
GATS5are 0.937391304347826 283
GATS2m 0.937391304347826 284
VR3_A 0.9265217391304348 285
MINssCH2 0.937391304347826 286
BCUTi-1h 0.937391304347826 287
GATS5c 0.937391304347826 288
Mpe 0.937391304347826 289
GATS1p 0.9265217391304348 290
AATS4d 0.9265217391304348 291
C2SP2 0.9265217391304348 292
ATSC8se 0.9265217391304348 293
FCSP3 0.9265217391304348 294
Xch-5d 0.9265217391304348 295
SpAD_A 0.9265217391304348 296
ATSC2c 0.9265217391304348 297
Xch-6d 0.9265217391304348 298
AATS4are 0.9265217391304348 299
AXp-2d 0.9265217391304348 300
piPC9 0.9265217391304348 301
Mare 0.9265217391304348 302
Xch-5dv 0.9165217391304348 303
SMR_VSA7 0.9165217391304348 304
AATS1are 0.9165217391304348 305
ETA_dEpsilon_A 0.9165217391304348 306
AMID 0.9165217391304348 307
AATS1pe 0.9165217391304348 308
ATSC1se 0.9048550724637682 309
AATS4m 0.9048550724637682 310
ATSC1pe 0.9048550724637682 311
ATSC1s 0.9048550724637682 312
ATSC1are 0.9048550724637682 313
AATSC4se 0.9048550724637682 314
MATS4s 0.9048550724637682 315
MATS1v 0.9048550724637682 316
MATS1pe 0.9048550724637682 317
MATS7se 0.9048550724637682 318
MATS7are 0.9048550724637682 319
MATS1are 0.9048550724637682 320
GATS4dv 0.9048550724637682 321
ATSC0s 0.9048550724637682 322
GATS8dv 0.9048550724637682 323
AATSC1v 0.9048550724637682 324
GATS7Z 0.9048550724637682 325
MATS1dv 0.9048550724637682 326
ETA_epsilon_1 0.9048550724637682 327
GATS7m 0.9048550724637682 328
SMR_VSA1 0.9048550724637682 329
AATS0m 0.9048550724637682 330
EState_VSA10 0.9048550724637682 331
AATS2are 0.9048550724637682 332
VSA_EState3 0.9048550724637682 333
VE1_A 0.9048550724637682 334
AMID_C 0.9048550724637682 335
VSA_EState5 0.9048550724637682 336
MID_O 0.9048550724637682 337
ATSC5v 0.9048550724637682 338
SpDiam_A 0.8920092226613966 339
VE2_A 0.8920092226613966 340
VE3_A 0.8920092226613966 341
nHetero 0.8920092226613966 342
nH 0.8920092226613966 343
ATS0dv 0.8920092226613966 344
ATS2dv 0.8920092226613966 345
ATS3dv 0.8920092226613966 346
ATS4dv 0.8920092226613966 347
ATS5dv 0.8920092226613966 348
ATS6dv 0.8920092226613966 349
ATS8dv 0.8920092226613966 350
ATS0d 0.8920092226613966 351
ATS1d 0.8920092226613966 352
ATS2d 0.8920092226613966 353
ATS3d 0.8920092226613966 354
ATS4d 0.8920092226613966 355
ATS5d 0.8920092226613966 356
ATS6d 0.8920092226613966 357
ATS7d 0.8920092226613966 358
ATS0s 0.8920092226613966 359
ATS1s 0.8920092226613966 360
ATS2s 0.8920092226613966 361
ATS3s 0.8920092226613966 362
ATS4s 0.8920092226613966 363
ATS5s 0.8920092226613966 364
ATS6s 0.8920092226613966 365
ATS7s 0.8920092226613966 366
ATS8s 0.8920092226613966 367
ATS0Z 0.8920092226613966 368
ATS2Z 0.8920092226613966 369
ATS4Z 0.8920092226613966 370
ATS5Z 0.8920092226613966 371
ATS6Z 0.8920092226613966 372
ATS7Z 0.8920092226613966 373
ATS8Z 0.8920092226613966 374
ATS0m 0.8920092226613966 375
ATS1m 0.8920092226613966 376
ATS2m 0.8920092226613966 377
ATS4m 0.8920092226613966 378
ATS5m 0.8920092226613966 379
ATS6m 0.8920092226613966 380
ATS7m 0.8920092226613966 381
ATS8m 0.8920092226613966 382
ATS0v 0.8920092226613966 383
ATS1v 0.8920092226613966 384
ATS2v 0.8920092226613966 385
ATS3v 0.8920092226613966 386
ATS4v 0.8920092226613966 387
ATS5v 0.8920092226613966 388
ATS6v 0.8920092226613966 389
ATS7v 0.8920092226613966 390
ATS8v 0.8920092226613966 391
ATS0se 0.8920092226613966 392
ATS1se 0.8920092226613966 393
ATS2se 0.8920092226613966 394
ATS3se 0.8920092226613966 395
ATS4se 0.8920092226613966 396
AATS2dv 0.8920092226613966 397
AATS2Z 0.8920092226613966 398
AATS3Z 0.8920092226613966 399
AATS8dv 0.8920092226613966 400
AATS3m 0.8920092226613966 401
AATS1Z 0.8920092226613966 402
AATS2m 0.8920092226613966 403
AATS0v 0.8920092226613966 404
AATS1v 0.8920092226613966 405
ATS5se 0.8920092226613966 406
AATS2v 0.8920092226613966 407
ATS4pe 0.8920092226613966 408
AATS3v 0.8920092226613966 409
ATS6se 0.8920092226613966 410
ATS7se 0.8920092226613966 411
ATS8se 0.8920092226613966 412
ATS0pe 0.8920092226613966 413
ATS1pe 0.8920092226613966 414
AATS0i 0.8920092226613966 415
AATS1m 0.8920092226613966 416
ATS2pe 0.8920092226613966 417
AATS5m 0.8920092226613966 418
ATS3pe 0.8920092226613966 419
AATS5v 0.8920092226613966 420
ATS5pe 0.8920092226613966 421
AATS2pe 0.8920092226613966 422
ATS6pe 0.8920092226613966 423
AATS4p 0.8920092226613966 424
ATS5are 0.8920092226613966 425
AATS3i 0.8920092226613966 426
AATS4i 0.8920092226613966 427
ATS7pe 0.8920092226613966 428
AATS5i 0.8920092226613966 429
ATS8pe 0.8920092226613966 430
AATS6i 0.8920092226613966 431
AATS7i 0.8920092226613966 432
ATS2are 0.8920092226613966 433
AATS8i 0.8920092226613966 434
ATS7p 0.8920092226613966 435
ATSC0c 0.8920092226613966 436
ATSC1c 0.8920092226613966 437
ATSC5dv 0.8920092226613966 438
ATSC7dv 0.8920092226613966 439
ATSC2d 0.8920092226613966 440
ATS8are 0.8920092226613966 441
ATSC3v 0.8920092226613966 442
ATSC4d 0.8920092226613966 443
ATSC2i 0.8920092226613966 444
ATSC7p 0.8920092226613966 445
AATSC6dv 0.8920092226613966 446
ATSC7i 0.8920092226613966 447
AATSC7p 0.8920092226613966 448
ATSC1p 0.8920092226613966 449
AATSC7i 0.8920092226613966 450
AATSC6Z 0.8920092226613966 451
MATS2dv 0.8920092226613966 452
AATS4v 0.8920092226613966 453
AATSC0d 0.8920092226613966 454
MATS7p 0.8920092226613966 455
AATSC6m 0.8920092226613966 456
MATS7i 0.8920092226613966 457
AATSC6v 0.8920092226613966 458
GATS6s 0.8920092226613966 459
MATS1s 0.8920092226613966 460
GATS7s 0.8920092226613966 461
GATS1v 0.8920092226613966 462
ATS0are 0.8920092226613966 463
AATSC7v 0.8920092226613966 464
MATS7v 0.8920092226613966 465
GATS7p 0.8920092226613966 466
AATSC6pe 0.8920092226613966 467
GATS7v 0.8920092226613966 468
AXp-5d 0.8920092226613966 469
ATSC3dv 0.8920092226613966 470
Mv 0.8920092226613966 471
ATS2p 0.8920092226613966 472
NaaCH 0.8920092226613966 473
AATS2i 0.8920092226613966 474
GATS6v 0.8920092226613966 475
GATS7se 0.8920092226613966 476
SaaCH 0.8920092226613966 477
ATS8p 0.8920092226613966 478
MAXdO 0.8920092226613966 479
MINsOH 0.8920092226613966 480
ETA_shape_y 0.8920092226613966 481
AATSC6p 0.8920092226613966 482
AETA_eta_L 0.8920092226613966 483
ATSC3Z 0.8920092226613966 484
GATS7pe 0.8920092226613966 485
AETA_eta_RL 0.8920092226613966 486
ATSC6Z 0.8920092226613966 487
GATS7are 0.8920092226613966 488
AETA_eta_BR 0.8920092226613966 489
MATS6dv 0.8920092226613966 490
AETA_dBeta 0.8920092226613966 491
ATS0p 0.8920092226613966 492
IC5 0.8920092226613966 493
SIC4 0.8920092226613966 494
GATS1m 0.8920092226613966 495
SIC5 0.8920092226613966 496
ATSC3m 0.8920092226613966 497
BIC4 0.8920092226613966 498
MATS3dv 0.8920092226613966 499
BIC5 0.8920092226613966 500
ATSC2Z 0.8920092226613966 501
CIC4 0.8920092226613966 502
Xch-6dv 0.8920092226613966 503
CIC5 0.8920092226613966 504
ATSC6m 0.8920092226613966 505
MIC4 0.8920092226613966 506
ATSC7v 0.8920092226613966 507
BIC3 0.8920092226613966 508
MIC5 0.8920092226613966 509
ATSC2dv 0.8920092226613966 510
MATS5v 0.8920092226613966 511
ZMIC5 0.8920092226613966 512
MATS7s 0.8920092226613966 513
PEOE_VSA8 0.8920092226613966 514
ATSC5Z 0.8920092226613966 515
SMR_VSA3 0.8920092226613966 516
SlogP_VSA6 0.8920092226613966 517
ATSC6dv 0.8920092226613966 518
GATS3pe 0.8920092226613966 519
EState_VSA8 0.8920092226613966 520
MID_N 0.8920092226613966 521
piPC3 0.8920092226613966 522
GATS3Z 0.8920092226613966 523
piPC4 0.8920092226613966 524
AATSC3dv 0.8920092226613966 525
piPC6 0.8920092226613966 526
MATS6Z 0.8920092226613966 527
piPC8 0.8920092226613966 528
ATSC3se 0.8920092226613966 529
piPC7 0.8920092226613966 530
ATSC3are 0.8920092226613966 531
piPC10 0.8920092226613966 532
AATSC2Z 0.8920092226613966 533
TpiPC10 0.8920092226613966 534
MATS6v 0.8920092226613966 535
nRing 0.8920092226613966 536
ATSC3s 0.8920092226613966 537
n5Ring 0.8920092226613966 538
ATSC1d 0.8920092226613966 539
JGI1 0.8920092226613966 540
ATSC5m 0.8920092226613966 541
nHRing 0.8920092226613966 542
ATSC6s 0.8920092226613966 543
JGI5 0.8920092226613966 544
AATSC6are 0.8920092226613966 545
JGT10 0.8920092226613966 546
ATSC1dv 0.8920092226613966 547
n5HRing 0.8801515151515151 548
ATSC4Z 0.8920092226613966 549
JGI2 0.8801515151515151 550
ATSC8Z 0.8920092226613966 551
ATSC3d 0.8920092226613966 552
ATSC4m 0.8779399585921326 553
ATSC7c 0.8779399585921326 554
ATSC8m 0.8779399585921326 555
ATSC7Z 0.8779399585921326 556
ATSC4v 0.8779399585921326 557
ATS1p 0.8779399585921326 558
ATSC6v 0.8779399585921326 559
ATS4are 0.8779399585921326 560
ATSC8v 0.8779399585921326 561
ATSC2m 0.8779399585921326 562
ATSC0se 0.8779399585921326 563
ATSC7m 0.8779399585921326 564
ATSC3pe 0.8779399585921326 565
ATSC8are 0.8779399585921326 566
ATSC4p 0.8779399585921326 567
ATS5i 0.8779399585921326 568
ATSC6p 0.8779399585921326 569
ATSC7s 0.8779399585921326 570
ATSC4i 0.8779399585921326 571
ATS4p 0.8779399585921326 572
ATSC5i 0.8779399585921326 573
ATSC6i 0.8779399585921326 574
ATSC1v 0.8779399585921326 575
AATSC4c 0.8779399585921326 576
ATS1are 0.8779399585921326 577
ATSC0pe 0.8779399585921326 578
AATSC5c 0.8779399585921326 579
AATSC7c 0.8779399585921326 580
ATSC2se 0.8779399585921326 581
AATSC5dv 0.8779399585921326 582
ATSC0are 0.8779399585921326 583
AATSC7dv 0.8779399585921326 584
ATSC6se 0.8779399585921326 585
AATSC2d 0.8779399585921326 586
ATSC5c 0.8779399585921326 587
AATSC1d 0.8779399585921326 588
AATSC3d 0.8779399585921326 589
AATSC3Z 0.8779399585921326 590
ATS3are 0.8779399585921326 591
AATSC4Z 0.8779399585921326 592
ATSC2pe 0.8779399585921326 593
AATSC5Z 0.8779399585921326 594
ATS3p 0.8779399585921326 595
AATSC8Z 0.8779399585921326 596
ATSC2are 0.8779399585921326 597
AATSC2m 0.8779399585921326 598
AATSC3m 0.8779399585921326 599
ATSC5pe 0.8779399585921326 600
AATSC4m 0.8779399585921326 601
ATS5p 0.8779399585921326 602
AATSC5m 0.8779399585921326 603
ATSC6are 0.8779399585921326 604
AATSC8m 0.8779399585921326 605
ATSC6pe 0.8779399585921326 606
AATSC3v 0.8779399585921326 607
ATS6are 0.8779399585921326 608
AATSC4v 0.8779399585921326 609
ATS7are 0.8779399585921326 610
AATSC8v 0.8779399585921326 611
ATSC3i 0.8779399585921326 612
AATSC0p 0.8779399585921326 613
ATS6p 0.8779399585921326 614
AATSC3p 0.8779399585921326 615
ATS2i 0.8779399585921326 616
AATSC4p 0.8779399585921326 617
ATS8i 0.8779399585921326 618
AATSC5p 0.8779399585921326 619
AATSC7Z 0.8779399585921326 620
AATSC8p 0.8779399585921326 621
AATSC7m 0.8779399585921326 622
AATSC4i 0.8779399585921326 623
ATS0i 0.8779399585921326 624
AATSC6se 0.8779399585921326 625
AATSC5i 0.8779399585921326 626
ATSC8i 0.8779399585921326 627
AATSC6i 0.8779399585921326 628
ATS1i 0.8779399585921326 629
AATSC3i 0.8779399585921326 630
MATS5dv 0.8779399585921326 631
AATSC5pe 0.8779399585921326 632
MATS7dv 0.8779399585921326 633
AATSC8i 0.8779399585921326 634
MATS1d 0.8779399585921326 635
AATSC6s 0.8779399585921326 636
MATS2d 0.8779399585921326 637
MATS3d 0.8779399585921326 638
ATS3i 0.8779399585921326 639
MATS3Z 0.8779399585921326 640
MATS5s 0.8779399585921326 641
MATS6s 0.8779399585921326 642
MATS4Z 0.8779399585921326 643
ATSC3c 0.8779399585921326 644
MATS5Z 0.8779399585921326 645
MATS2Z 0.8779399585921326 646
MATS8Z 0.8779399585921326 647
ATS4i 0.8779399585921326 648
MATS3m 0.8779399585921326 649
MATS2m 0.8779399585921326 650
MATS4m 0.8779399585921326 651
ATS6i 0.8779399585921326 652
MATS5m 0.8779399585921326 653
ATS7i 0.8779399585921326 654
MATS8m 0.8779399585921326 655
MATS6m 0.8779399585921326 656
MATS3v 0.8779399585921326 657
ATSC4c 0.8779399585921326 658
MATS4v 0.8779399585921326 659
ATSC6c 0.8779399585921326 660
MATS7m 0.8779399585921326 661
MATS8v 0.8779399585921326 662
MATS1se 0.8779399585921326 663
ATSC0dv 0.8779399585921326 664
MATS6se 0.8779399585921326 665
AATSC7se 0.8779399585921326 666
MATS3pe 0.8779399585921326 667
MATS5pe 0.8779399585921326 668
MATS6pe 0.8779399585921326 669
MATS5are 0.8779399585921326 670
MATS6are 0.8779399585921326 671
MATS3p 0.8779399585921326 672
ATSC0d 0.8779399585921326 673
MATS4p 0.8779399585921326 674
ATSC4s 0.8779399585921326 675
MATS5p 0.8779399585921326 676
ATSC5are 0.8779399585921326 677
MATS6p 0.8779399585921326 678
ATSC5s 0.8779399585921326 679
MATS8p 0.8779399585921326 680
MATS3i 0.8779399585921326 681
MATS4i 0.8779399585921326 682
ATSC0Z 0.8779399585921326 683
MATS5i 0.8779399585921326 684
ATSC0v 0.8779399585921326 685
MATS6i 0.8779399585921326 686
ATSC0m 0.8779399585921326 687
GATS3c 0.8779399585921326 688
GATS6c 0.8779399585921326 689
ATSC2v 0.8779399585921326 690
GATS7c 0.8779399585921326 691
AATSC5are 0.8779399585921326 692
GATS6dv 0.8779399585921326 693
ATSC4se 0.8779399585921326 694
GATS7dv 0.8779399585921326 695
ATSC5se 0.8779399585921326 696
MATS5c 0.8779399585921326 697
GATS3d 0.8779399585921326 698
ATSC7se 0.8779399585921326 699
GATS5d 0.8779399585921326 700
MATS8i 0.8779399585921326 701
GATS2d 0.8779399585921326 702
GATS7d 0.8779399585921326 703
AATSC1dv 0.8779399585921326 704
GATS1Z 0.8779399585921326 705
GATS5dv 0.8779399585921326 706
GATS4Z 0.8779399585921326 707
ATSC7pe 0.8779399585921326 708
GATS5Z 0.8779399585921326 709
GATS6Z 0.8779399585921326 710
GATS8Z 0.8779399585921326 711
AATSC4s 0.8779399585921326 712
GATS3m 0.8779399585921326 713
GATS4m 0.8779399585921326 714
ATSC4pe 0.8779399585921326 715
GATS5m 0.8779399585921326 716
GATS6d 0.8779399585921326 717
GATS6m 0.8779399585921326 718
GATS8m 0.8779399585921326 719
GATS3v 0.8779399585921326 720
ATSC4are 0.8779399585921326 721
GATS4v 0.8779399585921326 722
ATSC7are 0.8779399585921326 723
GATS8v 0.8779399585921326 724
ATSC0p 0.8779399585921326 725
GATS6se 0.8779399585921326 726
ATSC0i 0.8779399585921326 727
GATS3se 0.8779399585921326 728
GATS6pe 0.8779399585921326 729
AATSC2v 0.8779399585921326 730
GATS3are 0.8779399585921326 731
GATS6are 0.8779399585921326 732
ATSC2p 0.8779399585921326 733
GATS3p 0.8779399585921326 734
MATS5se 0.8779399585921326 735
GATS4p 0.8779399585921326 736
AATSC7pe 0.8779399585921326 737
GATS5p 0.8779399585921326 738
GATS1se 0.8779399585921326 739
GATS6p 0.8779399585921326 740
AATSC7are 0.8779399585921326 741
GATS8p 0.8779399585921326 742
GATS1pe 0.8779399585921326 743
GATS3i 0.8779399585921326 744
GATS4i 0.8779399585921326 745
MATS2v 0.8779399585921326 746
GATS5i 0.8779399585921326 747
MATS2p 0.8779399585921326 748
GATS6i 0.8779399585921326 749
GATS1c 0.8779399585921326 750
GATS8i 0.8779399585921326 751
GATS4d 0.8779399585921326 752
BCUTdv-1h 0.8779399585921326 753
BCUTs-1h 0.8779399585921326 754
BCUTse-1h 0.8779399585921326 755
BCUTc-1h 0.8779399585921326 756
BCUTpe-1h 0.8779399585921326 757
BCUTare-1h 0.8779399585921326 758
SM1_DzZ 0.8779399585921326 759
SM1_Dzm 0.8779399585921326 760
SM1_Dzse 0.8779399585921326 761
SM1_Dzpe 0.8779399585921326 762
SM1_Dzp 0.8779399585921326 763
SM1_Dzare 0.8779399585921326 764
nBondsD 0.8779399585921326 765
RNCG 0.8779399585921326 766
RPCG 0.8779399585921326 767
Xc-3d 0.8779399585921326 768
Xc-5d 0.8779399585921326 769
Xc-3dv 0.8779399585921326 770
Xc-5dv 0.8779399585921326 771
SM1_Dzv 0.8779399585921326 772
AXp-3d 0.8779399585921326 773
BCUTs-1l 0.8779399585921326 774
AXp-4d 0.8779399585921326 775
SpMAD_Dzv 0.8779399585921326 776
AXp-6d 0.8779399585921326 777
AXp-0dv 0.8779399585921326 778
AXp-7d 0.8779399585921326 779
AXp-1dv 0.8779399585921326 780
GATS1are 0.8779399585921326 781
SpMAD_DzZ 0.8779399585921326 782
AXp-3dv 0.8779399585921326 783
GATS1i 0.8779399585921326 784
AXp-4dv 0.8779399585921326 785
BCUTd-1h 0.8779399585921326 786
VE1_DzZ 0.8779399585921326 787
AXp-5dv 0.8779399585921326 788
VE2_DzZ 0.8779399585921326 789
SpMAD_Dzp 0.8779399585921326 790
AXp-7dv 0.8779399585921326 791
SpAbs_DzZ 0.8779399585921326 792
MZ 0.8779399585921326 793
VE3_DzZ 0.8779399585921326 794
Mm 0.8779399585921326 795
VR1_DzZ 0.8779399585921326 796
Mi 0.8779399585921326 797
NdssC 0.8779399585921326 798
NdO 0.8779399585921326 799
SpMAD_Dzm 0.8779399585921326 800
SssCH2 0.8779399585921326 801
SpMAD_Dzse 0.8779399585921326 802
SsssCH 0.8779399585921326 803
SdssC 0.8779399585921326 804
SpMAD_Dzpe 0.8779399585921326 805
MAXsCH3 0.8779399585921326 806
VR3_DzZ 0.8779399585921326 807
MAXssCH2 0.8779399585921326 808
VR2_DzZ 0.8779399585921326 809
SdO 0.8779399585921326 810
MAXsssCH 0.8779399585921326 811
VE2_Dzm 0.8779399585921326 812
MAXdssC 0.8779399585921326 813
AXp-6dv 0.8779399585921326 814
MAXaasC 0.8779399585921326 815
MINaaCH 0.8779399585921326 816
MINaaNH 0.8779399585921326 817
SpMax_DzZ 0.8779399585921326 818
MINaaN 0.8779399585921326 819
VE3_Dzm 0.8779399585921326 820
ETA_eta_B 0.8779399585921326 821
SpMAD_Dzare 0.8779399585921326 822
ETA_eta_BR 0.8779399585921326 823
ETA_dEpsilon_D 0.8779399585921326 824
AETA_eta_F 0.8779399585921326 825
IC0 0.8779399585921326 826
VE1_Dzm 0.8779399585921326 827
IC2 0.8779399585921326 828
IC3 0.8779399585921326 829
SIC0 0.8779399585921326 830
BIC0 0.8779399585921326 831
MIC0 0.8779399585921326 832
VR1_Dzm 0.8779399585921326 833
PEOE_VSA2 0.8779399585921326 834
SIC2 0.8779399585921326 835
EState_VSA1 0.8779399585921326 836
NssCH2 0.8779399585921326 837
EState_VSA3 0.8779399585921326 838
IC4 0.8779399585921326 839
EState_VSA5 0.8779399585921326 840
EState_VSA7 0.8779399585921326 841
BCUTZ-1h 0.8779399585921326 842
VSA_EState6 0.8779399585921326 843
SIC3 0.8779399585921326 844
AMID_h 0.8779399585921326 845
SpDiam_DzZ 0.8779399585921326 846
MDEC-11 0.8779399585921326 847
SLogP 0.8779399585921326 848
C1SP3 0.8779399585921326 849
JGI3 0.8779399585921326 850
VR3_Dzm 0.8779399585921326 851
JGI7 0.8779399585921326 852
JGI9 0.8779399585921326 853
nHBAcc 0.8779399585921326 854
Diameter 0.8779399585921326 855
Radius 0.8779399585921326 856
BIC2 0.8779399585921326 857
TopoShapeIndex 0.8779399585921326 858
VR2_Dzm 0.8779399585921326 859
nHBDon 0.8779399585921326 860
PetitjeanIndex 0.8779399585921326 861
VE1_Dzv 0.8779399585921326 862
CIC3 0.8779399585921326 863
AMW 0.8779399585921326 864
VE2_Dzv 0.8779399585921326 865
BCUTc-1l 0.8660822510822511 866
BCUTdv-1l 0.8660822510822511 867
BCUTZ-1l 0.8660822510822511 868
BCUTm-1h 0.8660822510822511 869
BCUTm-1l 0.8660822510822511 870
BCUTv-1h 0.8660822510822511 871
BCUTse-1l 0.8660822510822511 872
BCUTpe-1l 0.8660822510822511 873
BCUTare-1l 0.8660822510822511 874
BCUTp-1h 0.8660822510822511 875
BCUTi-1l 0.8660822510822511 876
SpAD_DzZ 0.8660822510822511 877
LogEE_DzZ 0.8660822510822511 878
SpAbs_Dzm 0.8660822510822511 879
SpMax_Dzm 0.8660822510822511 880
SpDiam_Dzm 0.8660822510822511 881
SpAD_Dzm 0.8660822510822511 882
LogEE_Dzm 0.8660822510822511 883
SpAbs_Dzv 0.8660822510822511 884
SpMax_Dzv 0.8660822510822511 885
SpDiam_Dzv 0.8660822510822511 886
SpAD_Dzv 0.8660822510822511 887
LogEE_Dzv 0.8660822510822511 888
VE3_Dzv 0.8660822510822511 889
VR1_Dzv 0.8660822510822511 890
VR2_Dzv 0.8660822510822511 891
VR3_Dzv 0.8660822510822511 892
SpAbs_Dzse 0.8660822510822511 893
SpMax_Dzse 0.8660822510822511 894
SpDiam_Dzse 0.8660822510822511 895
SpAD_Dzse 0.8660822510822511 896
LogEE_Dzse 0.8660822510822511 897
VE1_Dzse 0.8660822510822511 898
VE2_Dzse 0.8660822510822511 899
VE3_Dzse 0.8660822510822511 900
VR1_Dzse 0.8660822510822511 901
VR2_Dzse 0.8660822510822511 902
VR3_Dzse 0.8660822510822511 903
SpAbs_Dzpe 0.8660822510822511 904
SpMax_Dzpe 0.8660822510822511 905
SpDiam_Dzpe 0.8660822510822511 906
SpAD_Dzpe 0.8660822510822511 907
LogEE_Dzpe 0.8660822510822511 908
VE1_Dzpe 0.8660822510822511 909
VE2_Dzpe 0.8660822510822511 910
VE3_Dzpe 0.8660822510822511 911
VR1_Dzpe 0.8660822510822511 912
VR2_Dzpe 0.8660822510822511 913
VR3_Dzpe 0.8660822510822511 914
SpAbs_Dzare 0.8660822510822511 915
SpMax_Dzare 0.8660822510822511 916
SpDiam_Dzare 0.8660822510822511 917
SpAD_Dzare 0.8660822510822511 918
LogEE_Dzare 0.8660822510822511 919
VE1_Dzare 0.8660822510822511 920
VE2_Dzare 0.8660822510822511 921
VE3_Dzare 0.8660822510822511 922
VR1_Dzare 0.8660822510822511 923
VR2_Dzare 0.8660822510822511 924
VR3_Dzare 0.8660822510822511 925
SpAbs_Dzp 0.8660822510822511 926
SpMax_Dzp 0.8660822510822511 927
SpDiam_Dzp 0.8660822510822511 928
SpAD_Dzp 0.8660822510822511 929
LogEE_Dzp 0.8660822510822511 930
VE1_Dzp 0.8660822510822511 931
VE2_Dzp 0.8660822510822511 932
VE3_Dzp 0.8660822510822511 933
VR1_Dzp 0.8660822510822511 934
VR2_Dzp 0.8660822510822511 935
VR3_Dzp 0.8660822510822511 936
SpAbs_Dzi 0.8660822510822511 937
SpMax_Dzi 0.8660822510822511 938
SpDiam_Dzi 0.8660822510822511 939
SpAD_Dzi 0.8660822510822511 940
SpMAD_Dzi 0.8660822510822511 941
LogEE_Dzi 0.8660822510822511 942
SM1_Dzi 0.8660822510822511 943
VE1_Dzi 0.8660822510822511 944
VE2_Dzi 0.8660822510822511 945
VE3_Dzi 0.8660822510822511 946
VR1_Dzi 0.8660822510822511 947
VR2_Dzi 0.8660822510822511 948
VR3_Dzi 0.8660822510822511 949
BertzCT 0.8660822510822511 950
nBonds 0.8660822510822511 951
nBondsO 0.8660822510822511 952
nBondsS 0.8660822510822511 953
nBondsKS 0.8660822510822511 954
nBondsKD 0.8660822510822511 955
C1SP2 0.8660822510822511 956
C2SP3 0.8660822510822511 957
Xch-7d 0.8660822510822511 958
Xch-7dv 0.8660822510822511 959
Xpc-4d 0.8660822510822511 960
Xpc-5d 0.8660822510822511 961
Xpc-6d 0.8660822510822511 962
Xpc-4dv 0.8660822510822511 963
Xpc-5dv 0.8660822510822511 964
Xpc-6dv 0.8660822510822511 965
Xp-0d 0.8660822510822511 966
Xp-1d 0.8660822510822511 967
Xp-2d 0.8660822510822511 968
Xp-3d 0.8660822510822511 969
Xp-4d 0.8660822510822511 970
Xp-5d 0.8660822510822511 971
Xp-6d 0.8660822510822511 972
Xp-7d 0.8660822510822511 973
Xp-0dv 0.8660822510822511 974
Xp-1dv 0.8660822510822511 975
Xp-2dv 0.8660822510822511 976
Xp-3dv 0.8660822510822511 977
Xp-4dv 0.8660822510822511 978
Xp-5dv 0.8660822510822511 979
Xp-6dv 0.8660822510822511 980
Xp-7dv 0.8660822510822511 981
AXp-2dv 0.8660822510822511 982
SZ 0.8660822510822511 983
Sm 0.8660822510822511 984
Sv 0.8660822510822511 985
Sse 0.8660822510822511 986
Spe 0.8660822510822511 987
Sare 0.8660822510822511 988
Sp 0.8660822510822511 989
Si 0.8660822510822511 990
SpAbs_Dt 0.8660822510822511 991
SpMax_Dt 0.8660822510822511 992
SpDiam_Dt 0.8660822510822511 993
SpAD_Dt 0.8660822510822511 994
SpMAD_Dt 0.8660822510822511 995
LogEE_Dt 0.8660822510822511 996
VE1_Dt 0.8660822510822511 997
VE2_Dt 0.8660822510822511 998
VE3_Dt 0.8660822510822511 999
VR1_Dt 0.8660822510822511 1000
VR2_Dt 0.8660822510822511 1001
VR3_Dt 0.8660822510822511 1002
DetourIndex 0.8660822510822511 1003
SpAbs_D 0.8660822510822511 1004
SpMax_D 0.8660822510822511 1005
SpDiam_D 0.8660822510822511 1006
SpAD_D 0.8660822510822511 1007
SpMAD_D 0.8660822510822511 1008
LogEE_D 0.8660822510822511 1009
VE1_D 0.8660822510822511 1010
VE2_D 0.8660822510822511 1011
VE3_D 0.8660822510822511 1012
VR1_D 0.8660822510822511 1013
VR2_D 0.8660822510822511 1014
VR3_D 0.8660822510822511 1015
NsCH3 0.8660822510822511 1016
NsssCH 0.8660822510822511 1017
NsNH2 0.8660822510822511 1018
NssNH 0.8660822510822511 1019
SsCH3 0.8660822510822511 1020
SsNH2 0.8660822510822511 1021
SdNH 0.8660822510822511 1022
SssNH 0.8660822510822511 1023
SsssN 0.8660822510822511 1024
MAXdNH 0.8660822510822511 1025
MAXsssN 0.8660822510822511 1026
MINaasC 0.8660822510822511 1027
MINsNH2 0.8660822510822511 1028
MINdNH 0.8660822510822511 1029
MINsssN 0.8660822510822511 1030
ECIndex 0.8660822510822511 1031
ETA_alpha 0.8660822510822511 1032
ETA_beta 0.8660822510822511 1033
ETA_beta_s 0.8660822510822511 1034
ETA_beta_ns 0.8660822510822511 1035
AETA_beta_ns_d 0.8660822510822511 1036
ETA_eta 0.8660822510822511 1037
AETA_eta 0.8660822510822511 1038
ETA_eta_L 0.8660822510822511 1039
ETA_eta_R 0.8660822510822511 1040
AETA_eta_R 0.8660822510822511 1041
ETA_eta_RL 0.8660822510822511 1042
ETA_eta_F 0.8660822510822511 1043
ETA_eta_FL 0.8660822510822511 1044
ETA_dBeta 0.8660822510822511 1045
fragCpx 0.8660822510822511 1046
TIC0 0.8660822510822511 1047
TIC1 0.8660822510822511 1048
TIC2 0.8660822510822511 1049
TIC3 0.8660822510822511 1050
TIC4 0.8660822510822511 1051
TIC5 0.8660822510822511 1052
SIC1 0.8660822510822511 1053
BIC1 0.8660822510822511 1054
CIC0 0.8660822510822511 1055
CIC1 0.8660822510822511 1056
CIC2 0.8660822510822511 1057
MIC2 0.8660822510822511 1058
MIC3 0.8660822510822511 1059
ZMIC0 0.8660822510822511 1060
ZMIC1 0.8660822510822511 1061
ZMIC2 0.8660822510822511 1062
ZMIC3 0.8660822510822511 1063
ZMIC4 0.8660822510822511 1064
Kier1 0.8660822510822511 1065
Kier2 0.8660822510822511 1066
Kier3 0.8660822510822511 1067
VMcGowan 0.8660822510822511 1068
LabuteASA 0.8660822510822511 1069
PEOE_VSA1 0.8660822510822511 1070
PEOE_VSA6 0.8660822510822511 1071
PEOE_VSA7 0.8660822510822511 1072
PEOE_VSA10 0.8660822510822511 1073
EState_VSA4 0.8756060606060606 1074
PEOE_VSA12 0.8756060606060606 1075
SMR_VSA4 0.8756060606060606 1076
SMR_VSA5 0.8756060606060606 1077
SMR_VSA6 0.8756060606060606 1078
SlogP_VSA1 0.8756060606060606 1079
SlogP_VSA2 0.8756060606060606 1080
SlogP_VSA3 0.8756060606060606 1081
SlogP_VSA4 0.8756060606060606 1082
SlogP_VSA5 0.8756060606060606 1083
EState_VSA2 0.8756060606060606 1084
EState_VSA9 0.8756060606060606 1085
VSA_EState2 0.8756060606060606 1086
VSA_EState4 0.8756060606060606 1087
VSA_EState8 0.8756060606060606 1088
MDEN-11 0.8756060606060606 1089
MDEN-13 0.8756060606060606 1090
MDEN-23 0.8756060606060606 1091
MDEN-33 0.8756060606060606 1092
MID 0.8756060606060606 1093
MID_h 0.8756060606060606 1094
MID_C 0.8756060606060606 1095
MPC2 0.8756060606060606 1096
MPC3 0.8756060606060606 1097
MPC4 0.8756060606060606 1098
MPC5 0.8756060606060606 1099
MPC6 0.8756060606060606 1100
MPC7 0.8756060606060606 1101
MPC8 0.8756060606060606 1102
MPC9 0.8756060606060606 1103
MPC10 0.8756060606060606 1104
TMPC10 0.8756060606060606 1105
piPC1 0.8756060606060606 1106
piPC2 0.8756060606060606 1107
piPC5 0.8756060606060606 1108
apol 0.8756060606060606 1109
bpol 0.8756060606060606 1110
nRot 0.8756060606060606 1111
SMR 0.8756060606060606 1112
TopoPSA(NO) 0.8756060606060606 1113
TopoPSA 0.8756060606060606 1114
GGI1 0.8756060606060606 1115
GGI2 0.8756060606060606 1116
GGI3 0.8756060606060606 1117
GGI4 0.8756060606060606 1118
GGI5 0.8756060606060606 1119
GGI6 0.8756060606060606 1120
GGI7 0.8756060606060606 1121
GGI8 0.8756060606060606 1122
GGI9 0.8756060606060606 1123
GGI10 0.8756060606060606 1124
Vabc 0.8756060606060606 1125
VAdjMat 0.8756060606060606 1126
MWC01 0.8756060606060606 1127
MWC02 0.8756060606060606 1128
MWC03 0.8756060606060606 1129
MWC04 0.8756060606060606 1130
MWC05 0.8756060606060606 1131
MWC06 0.8756060606060606 1132
MWC07 0.8756060606060606 1133
MWC08 0.8756060606060606 1134
MWC09 0.8756060606060606 1135
MWC10 0.8756060606060606 1136
TMWC10 0.8756060606060606 1137
SRW02 0.8756060606060606 1138
SRW04 0.8756060606060606 1139
SRW06 0.8756060606060606 1140
SRW08 0.8756060606060606 1141
SRW10 0.8756060606060606 1142
TSRW10 0.8756060606060606 1143
MW 0.8756060606060606 1144
WPath 0.8756060606060606 1145
WPol 0.8756060606060606 1146
Zagreb1 0.8756060606060606 1147
Zagreb2 0.8756060606060606 1148
mZagreb1 0.8756060606060606 1149
mZagreb2 0.8756060606060606 1150
221.11587394300003
Time CPU for forward feature selection: 0:03:41.115874
Time for forward feature selection: 0:18:03.065532
